#
# There is insufficient memory for the Java Runtime Environment to continue.
# Native memory allocation (mmap) failed to map 66060288 bytes for Failed to commit area from 0x0000000093700000 to 0x0000000097600000 of length 66060288.
# Possible reasons:
#   The system is out of physical RAM or swap space
#   The process is running with CompressedOops enabled, and the Java Heap may be blocking the growth of the native heap
# Possible solutions:
#   Reduce memory load on the system
#   Increase physical memory or swap space
#   Check if swap backing store is full
#   Decrease Java heap size (-Xmx/-Xms)
#   Decrease number of Java threads
#   Decrease Java thread stack sizes (-Xss)
#   Set larger code cache with -XX:ReservedCodeCacheSize=
#   JVM is running with Unscaled Compressed Oops mode in which the Java heap is
#     placed in the first 4GB address space. The Java Heap base address is the
#     maximum limit for the native heap growth. Please use -XX:HeapBaseMinAddress
#     to set the Java Heap base and to place the Java Heap above 4GB virtual address.
# This output file may be truncated or incomplete.
#
#  Out of Memory Error (./src/hotspot/os/windows/os_windows.cpp:3619), pid=9028, tid=17348
#
# JRE version: OpenJDK Runtime Environment (11.0.13) (build 11.0.13+0-b1751.21-8125866)
# Java VM: OpenJDK 64-Bit Server VM (11.0.13+0-b1751.21-8125866, mixed mode, tiered, compressed oops, g1 gc, windows-amd64)
# No core dump will be written. Minidumps are not enabled by default on client versions of Windows
#

---------------  S U M M A R Y ------------

Command Line: --add-opens=java.base/java.util=ALL-UNNAMED --add-opens=java.base/java.lang=ALL-UNNAMED --add-opens=java.base/java.lang.invoke=ALL-UNNAMED --add-opens=java.base/java.util=ALL-UNNAMED --add-opens=java.prefs/java.util.prefs=ALL-UNNAMED --add-opens=java.prefs/java.util.prefs=ALL-UNNAMED --add-opens=java.base/java.nio.charset=ALL-UNNAMED --add-opens=java.base/java.net=ALL-UNNAMED --add-opens=java.base/java.util.concurrent.atomic=ALL-UNNAMED -Xmx2048m -Dfile.encoding=UTF-8 -Duser.country=US -Duser.language=en -Duser.variant org.gradle.launcher.daemon.bootstrap.GradleDaemon 7.4

Host: Intel(R) Core(TM) i3-7100U CPU @ 2.40GHz, 4 cores, 11G,  Windows 10 , 64 bit Build 19041 (10.0.19041.2364)
Time: Sat Dec 17 01:41:00 2022 Bangladesh Standard Time elapsed time: 61.587770 seconds (0d 0h 1m 1s)

---------------  T H R E A D  ---------------

Current thread (0x00000167ff781800):  VMThread "VM Thread" [stack: 0x0000002022f00000,0x0000002023000000] [id=17348]

Stack: [0x0000002022f00000,0x0000002023000000]
[error occurred during error reporting (printing stack bounds), id 0xc0000005, EXCEPTION_ACCESS_VIOLATION (0xc0000005) at pc=0x00000167eb67112d]

Native frames: (J=compiled Java code, j=interpreted, Vv=VM code, C=native code)
V  [jvm.dll+0x6100fa]
V  [jvm.dll+0x747090]
V  [jvm.dll+0x7486ad]
V  [jvm.dll+0x748ce5]
V  [jvm.dll+0x748c9b]
V  [jvm.dll+0x60f224]
V  [jvm.dll+0x60f9b8]
C  [ntdll.dll+0xa241f]
C  [ntdll.dll+0x514a4]
C  [ntdll.dll+0xa0f4e]
C  0x00000167eb67112d

VM_Operation (0x00000020284f55b0): G1CollectForAllocation, mode: safepoint, requested by thread 0x0000016788731800


---------------  P R O C E S S  ---------------

Threads class SMR info:
_java_thread_list=0x00000167907b44b0, length=88, elements={
0x00000167e7b4f800, 0x00000167ff795000, 0x0000016782010800, 0x0000016782057800,
0x0000016782058800, 0x000001678205c800, 0x000001678205e000, 0x0000016782060800,
0x0000016782066800, 0x00000167821ce800, 0x00000167847ff000, 0x0000016782f2b800,
0x0000016784e9e800, 0x00000167846f0800, 0x0000016784f77800, 0x00000167838f5000,
0x00000167840a6800, 0x00000167839c6000, 0x000001678340e800, 0x00000167840a7800,
0x0000016784c29000, 0x0000016784c28800, 0x0000016784c2b000, 0x0000016784c26800,
0x0000016784c2a000, 0x0000016784c2b800, 0x0000016784c26000, 0x0000016784c2c800,
0x0000016784c27800, 0x000001678527a000, 0x0000016785279000, 0x000001678527e000,
0x0000016785281800, 0x000001678527b800, 0x0000016785284800, 0x0000016785282000,
0x0000016785283000, 0x0000016785284000, 0x0000016785285800, 0x0000016785286800,
0x0000016785287000, 0x0000016785288000, 0x0000016785920000, 0x0000016785923000,
0x0000016785921800, 0x0000016785924000, 0x0000016785922800, 0x000001678591f000,
0x0000016785920800, 0x000001678591e000, 0x0000016785924800, 0x0000016785929800,
0x0000016785929000, 0x000001678592a800, 0x000001678592b800, 0x0000016785925800,
0x000001678592c000, 0x0000016785926800, 0x0000016785927000, 0x000001678592d000,
0x0000016785928000, 0x0000016787308000, 0x000001678730a800, 0x000001678730d000,
0x0000016787309000, 0x000001678730e000, 0x000001678730c800, 0x000001678730e800,
0x000001678730a000, 0x000001678730f800, 0x0000016787310800, 0x0000016787311000,
0x000001678730b800, 0x0000016787316000, 0x0000016787315800, 0x0000016787312000,
0x0000016787317000, 0x0000016787313800, 0x000001678872f000, 0x0000016788731000,
0x0000016788731800, 0x0000016788733800, 0x0000016788732800, 0x000001678872d800,
0x0000016788734000, 0x000001678872e800, 0x0000016785d4d800, 0x0000016785d4c000
}

Java Threads: ( => current thread )
  0x00000167e7b4f800 JavaThread "main" [_thread_blocked, id=13364, stack(0x0000002022900000,0x0000002022a00000)]
  0x00000167ff795000 JavaThread "Reference Handler" daemon [_thread_blocked, id=3404, stack(0x0000002023000000,0x0000002023100000)]
  0x0000016782010800 JavaThread "Finalizer" daemon [_thread_blocked, id=16960, stack(0x0000002023100000,0x0000002023200000)]
  0x0000016782057800 JavaThread "Signal Dispatcher" daemon [_thread_blocked, id=15880, stack(0x0000002023200000,0x0000002023300000)]
  0x0000016782058800 JavaThread "Attach Listener" daemon [_thread_blocked, id=16492, stack(0x0000002023300000,0x0000002023400000)]
  0x000001678205c800 JavaThread "Service Thread" daemon [_thread_blocked, id=6028, stack(0x0000002023400000,0x0000002023500000)]
  0x000001678205e000 JavaThread "C2 CompilerThread0" daemon [_thread_blocked, id=4112, stack(0x0000002023500000,0x0000002023600000)]
  0x0000016782060800 JavaThread "C1 CompilerThread0" daemon [_thread_blocked, id=10224, stack(0x0000002023600000,0x0000002023700000)]
  0x0000016782066800 JavaThread "Sweeper thread" daemon [_thread_blocked, id=6776, stack(0x0000002023700000,0x0000002023800000)]
  0x00000167821ce800 JavaThread "Common-Cleaner" daemon [_thread_blocked, id=9480, stack(0x0000002023800000,0x0000002023900000)]
  0x00000167847ff000 JavaThread "Daemon health stats" [_thread_blocked, id=16740, stack(0x0000002023e00000,0x0000002023f00000)]
  0x0000016782f2b800 JavaThread "Incoming local TCP Connector on port 4696" [_thread_in_native, id=17280, stack(0x0000002023a00000,0x0000002023b00000)]
  0x0000016784e9e800 JavaThread "Daemon periodic checks" [_thread_blocked, id=5828, stack(0x0000002023f00000,0x0000002024000000)]
  0x00000167846f0800 JavaThread "Daemon" [_thread_blocked, id=16560, stack(0x0000002024000000,0x0000002024100000)]
  0x0000016784f77800 JavaThread "Handler for socket connection from /127.0.0.1:4696 to /127.0.0.1:4698" [_thread_in_native, id=12832, stack(0x0000002024100000,0x0000002024200000)]
  0x00000167838f5000 JavaThread "Cancel handler" [_thread_blocked, id=14364, stack(0x0000002024200000,0x0000002024300000)]
  0x00000167840a6800 JavaThread "Daemon worker" [_thread_blocked, id=4760, stack(0x0000002024300000,0x0000002024400000)]
  0x00000167839c6000 JavaThread "Asynchronous log dispatcher for DefaultDaemonConnection: socket connection from /127.0.0.1:4696 to /127.0.0.1:4698" [_thread_blocked, id=12272, stack(0x0000002024400000,0x0000002024500000)]
  0x000001678340e800 JavaThread "Stdin handler" [_thread_blocked, id=5076, stack(0x0000002024500000,0x0000002024600000)]
  0x00000167840a7800 JavaThread "Daemon client event forwarder" [_thread_blocked, id=11532, stack(0x0000002024600000,0x0000002024700000)]
  0x0000016784c29000 JavaThread "Cache worker for journal cache (C:\Users\Lenovo\.gradle\caches\journal-1)" [_thread_blocked, id=11040, stack(0x0000002024800000,0x0000002024900000)]
  0x0000016784c28800 JavaThread "File lock request listener" [_thread_in_native, id=8524, stack(0x0000002024900000,0x0000002024a00000)]
  0x0000016784c2b000 JavaThread "Cache worker for file hash cache (C:\Users\Lenovo\.gradle\caches\7.4\fileHashes)" [_thread_blocked, id=13916, stack(0x0000002024a00000,0x0000002024b00000)]
  0x0000016784c26800 JavaThread "File watcher server" daemon [_thread_blocked, id=10896, stack(0x0000002024b00000,0x0000002024c00000)]
  0x0000016784c2a000 JavaThread "File watcher consumer" daemon [_thread_blocked, id=17164, stack(0x0000002024c00000,0x0000002024d00000)]
  0x0000016784c2b800 JavaThread "Cache worker for checksums cache (C:\Users\Lenovo\AndroidStudioProjects\MyFirebase\.gradle\7.4\checksums)" [_thread_blocked, id=13336, stack(0x0000002024700000,0x0000002024800000)]
  0x0000016784c26000 JavaThread "Cache worker for cache directory md-rule (C:\Users\Lenovo\.gradle\caches\7.4\md-rule)" [_thread_blocked, id=5496, stack(0x0000002024d00000,0x0000002024e00000)]
  0x0000016784c2c800 JavaThread "Cache worker for file hash cache (C:\Users\Lenovo\AndroidStudioProjects\MyFirebase\.gradle\7.4\fileHashes)" [_thread_blocked, id=444, stack(0x0000002024f00000,0x0000002025000000)]
  0x0000016784c27800 JavaThread "Cache worker for cache directory md-supplier (C:\Users\Lenovo\.gradle\caches\7.4\md-supplier)" [_thread_blocked, id=15640, stack(0x0000002025000000,0x0000002025100000)]
  0x000001678527a000 JavaThread "Cache worker for execution history cache (C:\Users\Lenovo\.gradle\caches\7.4\executionHistory)" [_thread_blocked, id=7456, stack(0x0000002025100000,0x0000002025200000)]
  0x0000016785279000 JavaThread "jar transforms" [_thread_blocked, id=16468, stack(0x0000002025200000,0x0000002025300000)]
  0x000001678527e000 JavaThread "Cache worker for file content cache (C:\Users\Lenovo\.gradle\caches\7.4\fileContent)" [_thread_blocked, id=17096, stack(0x0000002025300000,0x0000002025400000)]
  0x0000016785281800 JavaThread "jar transforms Thread 2" [_thread_blocked, id=14960, stack(0x0000002025400000,0x0000002025500000)]
  0x000001678527b800 JavaThread "Cache worker for dependencies-accessors (C:\Users\Lenovo\AndroidStudioProjects\MyFirebase\.gradle\7.4\dependencies-accessors)" [_thread_blocked, id=5352, stack(0x0000002025500000,0x0000002025600000)]
  0x0000016785284800 JavaThread "jar transforms Thread 3" [_thread_blocked, id=9596, stack(0x0000002025600000,0x0000002025700000)]
  0x0000016785282000 JavaThread "Cache worker for Build Output Cleanup Cache (C:\Users\Lenovo\AndroidStudioProjects\MyFirebase\.gradle\buildOutputCleanup)" [_thread_blocked, id=12948, stack(0x0000002024e00000,0x0000002024f00000)]
  0x0000016785283000 JavaThread "Unconstrained build operations" [_thread_blocked, id=12720, stack(0x0000002025800000,0x0000002025900000)]
  0x0000016785284000 JavaThread "Unconstrained build operations Thread 2" [_thread_blocked, id=7564, stack(0x0000002025900000,0x0000002025a00000)]
  0x0000016785285800 JavaThread "Unconstrained build operations Thread 3" [_thread_blocked, id=16244, stack(0x0000002025a00000,0x0000002025b00000)]
  0x0000016785286800 JavaThread "Unconstrained build operations Thread 4" [_thread_blocked, id=10488, stack(0x0000002025b00000,0x0000002025c00000)]
  0x0000016785287000 JavaThread "Unconstrained build operations Thread 5" [_thread_blocked, id=17008, stack(0x0000002025c00000,0x0000002025d00000)]
  0x0000016785288000 JavaThread "Unconstrained build operations Thread 6" [_thread_blocked, id=17144, stack(0x0000002025d00000,0x0000002025e00000)]
  0x0000016785920000 JavaThread "Unconstrained build operations Thread 7" [_thread_blocked, id=11048, stack(0x0000002025e00000,0x0000002025f00000)]
  0x0000016785923000 JavaThread "Unconstrained build operations Thread 8" [_thread_blocked, id=8928, stack(0x0000002025f00000,0x0000002026000000)]
  0x0000016785921800 JavaThread "Unconstrained build operations Thread 9" [_thread_blocked, id=10468, stack(0x0000002026000000,0x0000002026100000)]
  0x0000016785924000 JavaThread "Unconstrained build operations Thread 10" [_thread_blocked, id=4344, stack(0x0000002026100000,0x0000002026200000)]
  0x0000016785922800 JavaThread "Unconstrained build operations Thread 11" [_thread_blocked, id=792, stack(0x0000002026200000,0x0000002026300000)]
  0x000001678591f000 JavaThread "Unconstrained build operations Thread 12" [_thread_blocked, id=17220, stack(0x0000002026300000,0x0000002026400000)]
  0x0000016785920800 JavaThread "Unconstrained build operations Thread 13" [_thread_blocked, id=14996, stack(0x0000002026400000,0x0000002026500000)]
  0x000001678591e000 JavaThread "Unconstrained build operations Thread 14" [_thread_blocked, id=14328, stack(0x0000002026500000,0x0000002026600000)]
  0x0000016785924800 JavaThread "Unconstrained build operations Thread 15" [_thread_blocked, id=9524, stack(0x0000002026600000,0x0000002026700000)]
  0x0000016785929800 JavaThread "Unconstrained build operations Thread 16" [_thread_blocked, id=12592, stack(0x0000002026700000,0x0000002026800000)]
  0x0000016785929000 JavaThread "Unconstrained build operations Thread 17" [_thread_blocked, id=5700, stack(0x0000002026800000,0x0000002026900000)]
  0x000001678592a800 JavaThread "Unconstrained build operations Thread 18" [_thread_blocked, id=5620, stack(0x0000002026900000,0x0000002026a00000)]
  0x000001678592b800 JavaThread "Unconstrained build operations Thread 19" [_thread_blocked, id=7348, stack(0x0000002026a00000,0x0000002026b00000)]
  0x0000016785925800 JavaThread "Unconstrained build operations Thread 20" [_thread_blocked, id=17316, stack(0x0000002026b00000,0x0000002026c00000)]
  0x000001678592c000 JavaThread "Unconstrained build operations Thread 21" [_thread_blocked, id=16224, stack(0x0000002026c00000,0x0000002026d00000)]
  0x0000016785926800 JavaThread "Unconstrained build operations Thread 22" [_thread_blocked, id=13992, stack(0x0000002026d00000,0x0000002026e00000)]
  0x0000016785927000 JavaThread "Unconstrained build operations Thread 23" [_thread_blocked, id=15932, stack(0x0000002026e00000,0x0000002026f00000)]
  0x000001678592d000 JavaThread "Unconstrained build operations Thread 24" [_thread_blocked, id=17368, stack(0x0000002026f00000,0x0000002027000000)]
  0x0000016785928000 JavaThread "Unconstrained build operations Thread 25" [_thread_blocked, id=3928, stack(0x0000002027000000,0x0000002027100000)]
  0x0000016787308000 JavaThread "Unconstrained build operations Thread 26" [_thread_blocked, id=4100, stack(0x0000002027100000,0x0000002027200000)]
  0x000001678730a800 JavaThread "Unconstrained build operations Thread 27" [_thread_blocked, id=17364, stack(0x0000002027200000,0x0000002027300000)]
  0x000001678730d000 JavaThread "Unconstrained build operations Thread 28" [_thread_blocked, id=12300, stack(0x0000002027300000,0x0000002027400000)]
  0x0000016787309000 JavaThread "Unconstrained build operations Thread 29" [_thread_blocked, id=7388, stack(0x0000002027400000,0x0000002027500000)]
  0x000001678730e000 JavaThread "Unconstrained build operations Thread 30" [_thread_blocked, id=6752, stack(0x0000002027500000,0x0000002027600000)]
  0x000001678730c800 JavaThread "Unconstrained build operations Thread 31" [_thread_blocked, id=14208, stack(0x0000002027600000,0x0000002027700000)]
  0x000001678730e800 JavaThread "Unconstrained build operations Thread 32" [_thread_blocked, id=5060, stack(0x0000002027700000,0x0000002027800000)]
  0x000001678730a000 JavaThread "Unconstrained build operations Thread 33" [_thread_blocked, id=8700, stack(0x0000002027800000,0x0000002027900000)]
  0x000001678730f800 JavaThread "Unconstrained build operations Thread 34" [_thread_blocked, id=4712, stack(0x0000002027900000,0x0000002027a00000)]
  0x0000016787310800 JavaThread "Unconstrained build operations Thread 35" [_thread_blocked, id=7976, stack(0x0000002027a00000,0x0000002027b00000)]
  0x0000016787311000 JavaThread "Unconstrained build operations Thread 36" [_thread_blocked, id=3344, stack(0x0000002027b00000,0x0000002027c00000)]
  0x000001678730b800 JavaThread "Unconstrained build operations Thread 37" [_thread_blocked, id=13256, stack(0x0000002027c00000,0x0000002027d00000)]
  0x0000016787316000 JavaThread "Unconstrained build operations Thread 38" [_thread_blocked, id=11740, stack(0x0000002027d00000,0x0000002027e00000)]
  0x0000016787315800 JavaThread "Unconstrained build operations Thread 39" [_thread_blocked, id=16568, stack(0x0000002027e00000,0x0000002027f00000)]
  0x0000016787312000 JavaThread "Unconstrained build operations Thread 40" [_thread_blocked, id=5476, stack(0x0000002027f00000,0x0000002028000000)]
  0x0000016787317000 JavaThread "jar transforms Thread 4" [_thread_blocked, id=12256, stack(0x0000002028000000,0x0000002028100000)]
  0x0000016787313800 JavaThread "Memory manager" [_thread_blocked, id=16836, stack(0x0000002025700000,0x0000002025800000)]
  0x000001678872f000 JavaThread "build event listener" [_thread_blocked, id=16228, stack(0x0000002028200000,0x0000002028300000)]
  0x0000016788731000 JavaThread "included builds" [_thread_blocked, id=7140, stack(0x0000002028300000,0x0000002028400000)]
  0x0000016788731800 JavaThread "Execution worker for ':'" [_thread_blocked, id=10444, stack(0x0000002028400000,0x0000002028500000)]
  0x0000016788733800 JavaThread "Execution worker for ':' Thread 2" [_thread_blocked, id=3100, stack(0x0000002028500000,0x0000002028600000)]
  0x0000016788732800 JavaThread "Execution worker for ':' Thread 3" [_thread_blocked, id=13668, stack(0x0000002028600000,0x0000002028700000)]
  0x000001678872d800 JavaThread "Cache worker for execution history cache (C:\Users\Lenovo\AndroidStudioProjects\MyFirebase\.gradle\7.4\executionHistory)" [_thread_blocked, id=11776, stack(0x0000002028700000,0x0000002028800000)]
  0x0000016788734000 JavaThread "WorkerExecutor Queue" [_thread_blocked, id=9304, stack(0x0000002028800000,0x0000002028900000)]
  0x000001678872e800 JavaThread "WorkerExecutor Queue Thread 2" [_thread_blocked, id=5096, stack(0x0000002028900000,0x0000002028a00000)]
  0x0000016785d4d800 JavaThread "WorkerExecutor Queue Thread 3" [_thread_blocked, id=16924, stack(0x0000002022700000,0x0000002022800000)]
  0x0000016785d4c000 JavaThread "WorkerExecutor Queue Thread 5" [_thread_blocked, id=13092, stack(0x0000002028f00000,0x0000002029000000)]

Other Threads:
=>0x00000167ff781800 VMThread "VM Thread" [stack: 0x0000002022f00000,0x0000002023000000] [id=17348]
  0x000001678221e800 WatcherThread [stack: 0x0000002023900000,0x0000002023a00000] [id=2348]
  0x00000167e7b67800 GCTaskThread "GC Thread#0" [stack: 0x0000002022a00000,0x0000002022b00000] [id=2604]
  0x00000167822a9800 GCTaskThread "GC Thread#1" [stack: 0x0000002023b00000,0x0000002023c00000] [id=17324]
  0x0000016782aed800 GCTaskThread "GC Thread#2" [stack: 0x0000002023c00000,0x0000002023d00000] [id=10580]
  0x0000016782a3a000 GCTaskThread "GC Thread#3" [stack: 0x0000002023d00000,0x0000002023e00000] [id=7920]
  0x00000167e7b99000 ConcurrentGCThread "G1 Main Marker" [stack: 0x0000002022b00000,0x0000002022c00000] [id=16720]
  0x00000167e7b9a000 ConcurrentGCThread "G1 Conc#0" [stack: 0x0000002022c00000,0x0000002022d00000] [id=8068]
  0x00000167e7c2e800 ConcurrentGCThread "G1 Refine#0" [stack: 0x0000002022d00000,0x0000002022e00000] [id=12584]
  0x00000167859f9000 ConcurrentGCThread "G1 Refine#1" [stack: 0x0000002028100000,0x0000002028200000] [id=10144]
  0x00000167859fc800 ConcurrentGCThread "G1 Refine#2" [stack: 0x0000002028a00000,0x0000002028b00000] [id=15060]
  0x00000167859fd000 ConcurrentGCThread "G1 Refine#3" [stack: 0x0000002028b00000,0x0000002028c00000] [id=17136]
  0x00000167ff5d0800 ConcurrentGCThread "G1 Young RemSet Sampling" [stack: 0x0000002022e00000,0x0000002022f00000] [id=4944]

Threads with active compile tasks:
C2 CompilerThread0  61682 18510 %     4       com.android.tools.r8.ir.regalloc.b::c @ 2106 (4031 bytes)

VM state:at safepoint (normal execution)

VM Mutex/Monitor currently owned by a thread:  ([mutex/lock_event])
[0x00000167e7b4c390] Threads_lock - owner thread: 0x00000167ff781800
[0x00000167e7b4c6f0] Heap_lock - owner thread: 0x0000016788731800

Heap address: 0x0000000080000000, size: 2048 MB, Compressed Oops mode: 32-bit
Narrow klass base: 0x0000000000000000, Narrow klass shift: 3
Compressed class space size: 1073741824 Address: 0x0000000100000000

Heap:
 garbage-first heap   total 382976K, used 144480K [0x0000000080000000, 0x0000000100000000)
  region size 1024K, 7 young (7168K), 7 survivors (7168K)
 Metaspace       used 115325K, capacity 118315K, committed 118736K, reserved 1153024K
  class space    used 14339K, capacity 15479K, committed 15692K, reserved 1048576K
Heap Regions: E=young(eden), S=young(survivor), O=old, HS=humongous(starts), HC=humongous(continues), CS=collection set, F=free, A=archive, TAMS=top-at-mark-start (previous, next)
|   0|0x0000000080000000, 0x0000000080100000, 0x0000000080100000|100%|HS|  |TAMS 0x0000000080100000, 0x0000000080000000| Complete 
|   1|0x0000000080100000, 0x0000000080200000, 0x0000000080200000|100%|HC|  |TAMS 0x0000000080200000, 0x0000000080100000| Complete 
|   2|0x0000000080200000, 0x0000000080300000, 0x0000000080300000|100%|HC|  |TAMS 0x0000000080300000, 0x0000000080200000| Complete 
|   3|0x0000000080300000, 0x0000000080400000, 0x0000000080400000|100%| O|  |TAMS 0x0000000080400000, 0x0000000080300000| Untracked 
|   4|0x0000000080400000, 0x0000000080500000, 0x0000000080500000|100%| O|  |TAMS 0x0000000080500000, 0x0000000080400000| Untracked 
|   5|0x0000000080500000, 0x0000000080600000, 0x0000000080600000|100%| O|  |TAMS 0x0000000080600000, 0x0000000080500000| Untracked 
|   6|0x0000000080600000, 0x0000000080700000, 0x0000000080700000|100%| O|  |TAMS 0x0000000080700000, 0x0000000080600000| Untracked 
|   7|0x0000000080700000, 0x0000000080800000, 0x0000000080800000|100%| O|  |TAMS 0x0000000080800000, 0x0000000080700000| Untracked 
|   8|0x0000000080800000, 0x0000000080900000, 0x0000000080900000|100%| O|  |TAMS 0x0000000080900000, 0x0000000080800000| Untracked 
|   9|0x0000000080900000, 0x0000000080a00000, 0x0000000080a00000|100%| O|  |TAMS 0x0000000080a00000, 0x0000000080900000| Untracked 
|  10|0x0000000080a00000, 0x0000000080b00000, 0x0000000080b00000|100%| O|  |TAMS 0x0000000080b00000, 0x0000000080a00000| Untracked 
|  11|0x0000000080b00000, 0x0000000080c00000, 0x0000000080c00000|100%| O|  |TAMS 0x0000000080c00000, 0x0000000080b00000| Untracked 
|  12|0x0000000080c00000, 0x0000000080d00000, 0x0000000080d00000|100%| O|  |TAMS 0x0000000080d00000, 0x0000000080c00000| Untracked 
|  13|0x0000000080d00000, 0x0000000080e00000, 0x0000000080e00000|100%| O|  |TAMS 0x0000000080e00000, 0x0000000080d00000| Untracked 
|  14|0x0000000080e00000, 0x0000000080f00000, 0x0000000080f00000|100%| O|  |TAMS 0x0000000080f00000, 0x0000000080e00000| Untracked 
|  15|0x0000000080f00000, 0x0000000081000000, 0x0000000081000000|100%| O|  |TAMS 0x0000000081000000, 0x0000000080f00000| Untracked 
|  16|0x0000000081000000, 0x0000000081100000, 0x0000000081100000|100%|HS|  |TAMS 0x0000000081100000, 0x0000000081000000| Complete 
|  17|0x0000000081100000, 0x0000000081200000, 0x0000000081200000|100%|HS|  |TAMS 0x0000000081200000, 0x0000000081100000| Complete 
|  18|0x0000000081200000, 0x0000000081300000, 0x0000000081300000|100%| O|  |TAMS 0x0000000081300000, 0x0000000081200000| Untracked 
|  19|0x0000000081300000, 0x0000000081400000, 0x0000000081400000|100%|HS|  |TAMS 0x0000000081400000, 0x0000000081300000| Complete 
|  20|0x0000000081400000, 0x0000000081500000, 0x0000000081500000|100%|HC|  |TAMS 0x0000000081500000, 0x0000000081400000| Complete 
|  21|0x0000000081500000, 0x0000000081600000, 0x0000000081600000|100%| O|  |TAMS 0x0000000081600000, 0x0000000081500000| Untracked 
|  22|0x0000000081600000, 0x0000000081700000, 0x0000000081700000|100%| O|  |TAMS 0x0000000081700000, 0x0000000081600000| Untracked 
|  23|0x0000000081700000, 0x0000000081800000, 0x0000000081800000|100%| O|  |TAMS 0x0000000081800000, 0x0000000081700000| Untracked 
|  24|0x0000000081800000, 0x0000000081900000, 0x0000000081900000|100%| O|  |TAMS 0x0000000081900000, 0x0000000081800000| Untracked 
|  25|0x0000000081900000, 0x0000000081a00000, 0x0000000081a00000|100%| O|  |TAMS 0x0000000081a00000, 0x0000000081900000| Untracked 
|  26|0x0000000081a00000, 0x0000000081b00000, 0x0000000081b00000|100%| O|  |TAMS 0x0000000081b00000, 0x0000000081a00000| Untracked 
|  27|0x0000000081b00000, 0x0000000081c00000, 0x0000000081c00000|100%| O|  |TAMS 0x0000000081c00000, 0x0000000081b00000| Untracked 
|  28|0x0000000081c00000, 0x0000000081d00000, 0x0000000081d00000|100%| O|  |TAMS 0x0000000081d00000, 0x0000000081c00000| Untracked 
|  29|0x0000000081d00000, 0x0000000081e00000, 0x0000000081e00000|100%| O|  |TAMS 0x0000000081e00000, 0x0000000081d00000| Untracked 
|  30|0x0000000081e00000, 0x0000000081f00000, 0x0000000081f00000|100%| O|  |TAMS 0x0000000081f00000, 0x0000000081e00000| Untracked 
|  31|0x0000000081f00000, 0x0000000082000000, 0x0000000082000000|100%| O|  |TAMS 0x0000000082000000, 0x0000000081f00000| Untracked 
|  32|0x0000000082000000, 0x0000000082100000, 0x0000000082100000|100%| O|  |TAMS 0x0000000082100000, 0x0000000082000000| Untracked 
|  33|0x0000000082100000, 0x0000000082200000, 0x0000000082200000|100%| O|  |TAMS 0x0000000082200000, 0x0000000082100000| Untracked 
|  34|0x0000000082200000, 0x0000000082300000, 0x0000000082300000|100%| O|  |TAMS 0x0000000082300000, 0x0000000082200000| Untracked 
|  35|0x0000000082300000, 0x0000000082400000, 0x0000000082400000|100%| O|  |TAMS 0x0000000082400000, 0x0000000082300000| Untracked 
|  36|0x0000000082400000, 0x0000000082500000, 0x0000000082500000|100%| O|  |TAMS 0x0000000082500000, 0x0000000082400000| Untracked 
|  37|0x0000000082500000, 0x0000000082600000, 0x0000000082600000|100%| O|  |TAMS 0x0000000082600000, 0x0000000082500000| Untracked 
|  38|0x0000000082600000, 0x0000000082700000, 0x0000000082700000|100%| O|  |TAMS 0x0000000082700000, 0x0000000082600000| Untracked 
|  39|0x0000000082700000, 0x0000000082800000, 0x0000000082800000|100%| O|  |TAMS 0x0000000082800000, 0x0000000082700000| Untracked 
|  40|0x0000000082800000, 0x0000000082900000, 0x0000000082900000|100%| O|  |TAMS 0x0000000082900000, 0x0000000082800000| Untracked 
|  41|0x0000000082900000, 0x0000000082a00000, 0x0000000082a00000|100%| O|  |TAMS 0x0000000082a00000, 0x0000000082900000| Untracked 
|  42|0x0000000082a00000, 0x0000000082b00000, 0x0000000082b00000|100%| O|  |TAMS 0x0000000082b00000, 0x0000000082a00000| Untracked 
|  43|0x0000000082b00000, 0x0000000082c00000, 0x0000000082c00000|100%| O|  |TAMS 0x0000000082c00000, 0x0000000082b00000| Untracked 
|  44|0x0000000082c00000, 0x0000000082d00000, 0x0000000082d00000|100%| O|  |TAMS 0x0000000082d00000, 0x0000000082c00000| Untracked 
|  45|0x0000000082d00000, 0x0000000082e00000, 0x0000000082e00000|100%| O|  |TAMS 0x0000000082e00000, 0x0000000082d00000| Untracked 
|  46|0x0000000082e00000, 0x0000000082f00000, 0x0000000082f00000|100%| O|  |TAMS 0x0000000082f00000, 0x0000000082e00000| Untracked 
|  47|0x0000000082f00000, 0x0000000083000000, 0x0000000083000000|100%| O|  |TAMS 0x0000000083000000, 0x0000000082f00000| Untracked 
|  48|0x0000000083000000, 0x0000000083100000, 0x0000000083100000|100%| O|  |TAMS 0x0000000083100000, 0x0000000083000000| Untracked 
|  49|0x0000000083100000, 0x0000000083200000, 0x0000000083200000|100%| O|  |TAMS 0x0000000083200000, 0x0000000083100000| Untracked 
|  50|0x0000000083200000, 0x0000000083300000, 0x0000000083300000|100%| O|  |TAMS 0x0000000083300000, 0x0000000083200000| Untracked 
|  51|0x0000000083300000, 0x0000000083400000, 0x0000000083400000|100%| O|  |TAMS 0x0000000083400000, 0x0000000083300000| Untracked 
|  52|0x0000000083400000, 0x0000000083500000, 0x0000000083500000|100%| O|  |TAMS 0x0000000083500000, 0x0000000083400000| Untracked 
|  53|0x0000000083500000, 0x0000000083600000, 0x0000000083600000|100%| O|  |TAMS 0x0000000083600000, 0x0000000083500000| Untracked 
|  54|0x0000000083600000, 0x0000000083700000, 0x0000000083700000|100%| O|  |TAMS 0x0000000083700000, 0x0000000083600000| Untracked 
|  55|0x0000000083700000, 0x0000000083800000, 0x0000000083800000|100%| O|  |TAMS 0x0000000083800000, 0x0000000083700000| Untracked 
|  56|0x0000000083800000, 0x0000000083900000, 0x0000000083900000|100%| O|  |TAMS 0x0000000083900000, 0x0000000083800000| Untracked 
|  57|0x0000000083900000, 0x0000000083a00000, 0x0000000083a00000|100%| O|  |TAMS 0x0000000083a00000, 0x0000000083900000| Untracked 
|  58|0x0000000083a00000, 0x0000000083a00000, 0x0000000083b00000|  0%| F|  |TAMS 0x0000000083a00000, 0x0000000083a00000| Untracked 
|  59|0x0000000083b00000, 0x0000000083c00000, 0x0000000083c00000|100%| O|  |TAMS 0x0000000083c00000, 0x0000000083b00000| Untracked 
|  60|0x0000000083c00000, 0x0000000083d00000, 0x0000000083d00000|100%| O|  |TAMS 0x0000000083d00000, 0x0000000083c00000| Untracked 
|  61|0x0000000083d00000, 0x0000000083e00000, 0x0000000083e00000|100%| O|  |TAMS 0x0000000083e00000, 0x0000000083d00000| Untracked 
|  62|0x0000000083e00000, 0x0000000083f00000, 0x0000000083f00000|100%| O|  |TAMS 0x0000000083f00000, 0x0000000083e00000| Untracked 
|  63|0x0000000083f00000, 0x0000000084000000, 0x0000000084000000|100%| O|  |TAMS 0x0000000084000000, 0x0000000083f00000| Untracked 
|  64|0x0000000084000000, 0x0000000084100000, 0x0000000084100000|100%| O|  |TAMS 0x0000000084100000, 0x0000000084000000| Untracked 
|  65|0x0000000084100000, 0x0000000084200000, 0x0000000084200000|100%| O|  |TAMS 0x0000000084200000, 0x0000000084100000| Untracked 
|  66|0x0000000084200000, 0x0000000084300000, 0x0000000084300000|100%| O|  |TAMS 0x0000000084300000, 0x0000000084200000| Untracked 
|  67|0x0000000084300000, 0x0000000084400000, 0x0000000084400000|100%| O|  |TAMS 0x0000000084400000, 0x0000000084300000| Untracked 
|  68|0x0000000084400000, 0x0000000084500000, 0x0000000084500000|100%| O|  |TAMS 0x0000000084500000, 0x0000000084400000| Untracked 
|  69|0x0000000084500000, 0x0000000084600000, 0x0000000084600000|100%| O|  |TAMS 0x0000000084600000, 0x0000000084500000| Untracked 
|  70|0x0000000084600000, 0x0000000084700000, 0x0000000084700000|100%| O|  |TAMS 0x0000000084700000, 0x0000000084600000| Untracked 
|  71|0x0000000084700000, 0x0000000084800000, 0x0000000084800000|100%| O|  |TAMS 0x0000000084800000, 0x0000000084700000| Untracked 
|  72|0x0000000084800000, 0x0000000084900000, 0x0000000084900000|100%| O|  |TAMS 0x0000000084900000, 0x0000000084800000| Untracked 
|  73|0x0000000084900000, 0x0000000084a00000, 0x0000000084a00000|100%| O|  |TAMS 0x0000000084a00000, 0x0000000084900000| Untracked 
|  74|0x0000000084a00000, 0x0000000084b00000, 0x0000000084b00000|100%| O|  |TAMS 0x0000000084b00000, 0x0000000084a00000| Untracked 
|  75|0x0000000084b00000, 0x0000000084c00000, 0x0000000084c00000|100%| O|  |TAMS 0x0000000084c00000, 0x0000000084b00000| Untracked 
|  76|0x0000000084c00000, 0x0000000084d00000, 0x0000000084d00000|100%| O|  |TAMS 0x0000000084c22c00, 0x0000000084c00000| Untracked 
|  77|0x0000000084d00000, 0x0000000084e00000, 0x0000000084e00000|100%| O|  |TAMS 0x0000000084e00000, 0x0000000084d00000| Untracked 
|  78|0x0000000084e00000, 0x0000000084f00000, 0x0000000084f00000|100%| O|  |TAMS 0x0000000084f00000, 0x0000000084e00000| Untracked 
|  79|0x0000000084f00000, 0x0000000085000000, 0x0000000085000000|100%| O|  |TAMS 0x0000000084f00000, 0x0000000084f00000| Untracked 
|  80|0x0000000085000000, 0x0000000085100000, 0x0000000085100000|100%| O|  |TAMS 0x0000000085100000, 0x0000000085000000| Untracked 
|  81|0x0000000085100000, 0x0000000085100000, 0x0000000085200000|  0%| F|  |TAMS 0x0000000085100000, 0x0000000085100000| Untracked 
|  82|0x0000000085200000, 0x00000000852d4200, 0x0000000085300000| 82%| O|  |TAMS 0x0000000085200000, 0x0000000085200000| Untracked 
|  83|0x0000000085300000, 0x0000000085300000, 0x0000000085400000|  0%| F|  |TAMS 0x0000000085300000, 0x0000000085300000| Untracked 
|  84|0x0000000085400000, 0x0000000085400000, 0x0000000085500000|  0%| F|  |TAMS 0x0000000085400000, 0x0000000085400000| Untracked 
|  85|0x0000000085500000, 0x0000000085500000, 0x0000000085600000|  0%| F|  |TAMS 0x0000000085500000, 0x0000000085500000| Untracked 
|  86|0x0000000085600000, 0x0000000085600000, 0x0000000085700000|  0%| F|  |TAMS 0x0000000085600000, 0x0000000085600000| Untracked 
|  87|0x0000000085700000, 0x0000000085800000, 0x0000000085800000|100%| O|  |TAMS 0x0000000085800000, 0x0000000085700000| Untracked 
|  88|0x0000000085800000, 0x0000000085900000, 0x0000000085900000|100%| O|  |TAMS 0x0000000085900000, 0x0000000085800000| Untracked 
|  89|0x0000000085900000, 0x0000000085a00000, 0x0000000085a00000|100%| O|  |TAMS 0x0000000085a00000, 0x0000000085900000| Untracked 
|  90|0x0000000085a00000, 0x0000000085b00000, 0x0000000085b00000|100%| O|  |TAMS 0x0000000085b00000, 0x0000000085a00000| Untracked 
|  91|0x0000000085b00000, 0x0000000085c00000, 0x0000000085c00000|100%| O|  |TAMS 0x0000000085c00000, 0x0000000085b00000| Untracked 
|  92|0x0000000085c00000, 0x0000000085d00000, 0x0000000085d00000|100%| O|  |TAMS 0x0000000085d00000, 0x0000000085c00000| Untracked 
|  93|0x0000000085d00000, 0x0000000085e00000, 0x0000000085e00000|100%| O|  |TAMS 0x0000000085e00000, 0x0000000085d00000| Untracked 
|  94|0x0000000085e00000, 0x0000000085f00000, 0x0000000085f00000|100%| O|  |TAMS 0x0000000085f00000, 0x0000000085e00000| Untracked 
|  95|0x0000000085f00000, 0x0000000086000000, 0x0000000086000000|100%| O|  |TAMS 0x0000000086000000, 0x0000000085f00000| Untracked 
|  96|0x0000000086000000, 0x0000000086100000, 0x0000000086100000|100%| O|  |TAMS 0x0000000086100000, 0x0000000086000000| Untracked 
|  97|0x0000000086100000, 0x0000000086200000, 0x0000000086200000|100%| O|  |TAMS 0x0000000086200000, 0x0000000086100000| Untracked 
|  98|0x0000000086200000, 0x0000000086300000, 0x0000000086300000|100%| O|  |TAMS 0x0000000086300000, 0x0000000086200000| Untracked 
|  99|0x0000000086300000, 0x0000000086400000, 0x0000000086400000|100%| O|  |TAMS 0x0000000086400000, 0x0000000086300000| Untracked 
| 100|0x0000000086400000, 0x0000000086500000, 0x0000000086500000|100%| O|  |TAMS 0x0000000086500000, 0x0000000086400000| Untracked 
| 101|0x0000000086500000, 0x0000000086600000, 0x0000000086600000|100%| O|  |TAMS 0x0000000086600000, 0x0000000086500000| Untracked 
| 102|0x0000000086600000, 0x0000000086700000, 0x0000000086700000|100%| O|  |TAMS 0x0000000086700000, 0x0000000086600000| Untracked 
| 103|0x0000000086700000, 0x0000000086800000, 0x0000000086800000|100%| O|  |TAMS 0x0000000086800000, 0x0000000086700000| Untracked 
| 104|0x0000000086800000, 0x0000000086900000, 0x0000000086900000|100%| O|  |TAMS 0x0000000086900000, 0x0000000086800000| Untracked 
| 105|0x0000000086900000, 0x0000000086a00000, 0x0000000086a00000|100%| O|  |TAMS 0x0000000086a00000, 0x0000000086900000| Untracked 
| 106|0x0000000086a00000, 0x0000000086b00000, 0x0000000086b00000|100%| O|  |TAMS 0x0000000086b00000, 0x0000000086a00000| Untracked 
| 107|0x0000000086b00000, 0x0000000086c00000, 0x0000000086c00000|100%| O|  |TAMS 0x0000000086c00000, 0x0000000086b00000| Untracked 
| 108|0x0000000086c00000, 0x0000000086d00000, 0x0000000086d00000|100%| O|  |TAMS 0x0000000086d00000, 0x0000000086c00000| Untracked 
| 109|0x0000000086d00000, 0x0000000086d00000, 0x0000000086e00000|  0%| F|  |TAMS 0x0000000086d00000, 0x0000000086d00000| Untracked 
| 110|0x0000000086e00000, 0x0000000086e00000, 0x0000000086f00000|  0%| F|  |TAMS 0x0000000086e00000, 0x0000000086e00000| Untracked 
| 111|0x0000000086f00000, 0x0000000086f00000, 0x0000000087000000|  0%| F|  |TAMS 0x0000000086f00000, 0x0000000086f00000| Untracked 
| 112|0x0000000087000000, 0x0000000087100000, 0x0000000087100000|100%| O|  |TAMS 0x0000000087100000, 0x0000000087000000| Untracked 
| 113|0x0000000087100000, 0x0000000087200000, 0x0000000087200000|100%| O|  |TAMS 0x0000000087200000, 0x0000000087100000| Untracked 
| 114|0x0000000087200000, 0x0000000087300000, 0x0000000087300000|100%| O|  |TAMS 0x0000000087300000, 0x0000000087200000| Untracked 
| 115|0x0000000087300000, 0x0000000087400000, 0x0000000087400000|100%| O|  |TAMS 0x0000000087400000, 0x0000000087300000| Untracked 
| 116|0x0000000087400000, 0x0000000087500000, 0x0000000087500000|100%| O|  |TAMS 0x0000000087500000, 0x0000000087400000| Untracked 
| 117|0x0000000087500000, 0x0000000087600000, 0x0000000087600000|100%| O|  |TAMS 0x0000000087600000, 0x0000000087500000| Untracked 
| 118|0x0000000087600000, 0x0000000087700000, 0x0000000087700000|100%| O|  |TAMS 0x0000000087700000, 0x0000000087600000| Untracked 
| 119|0x0000000087700000, 0x0000000087800000, 0x0000000087800000|100%| O|  |TAMS 0x0000000087800000, 0x0000000087700000| Untracked 
| 120|0x0000000087800000, 0x0000000087900000, 0x0000000087900000|100%| O|  |TAMS 0x0000000087900000, 0x0000000087800000| Untracked 
| 121|0x0000000087900000, 0x0000000087a00000, 0x0000000087a00000|100%| O|  |TAMS 0x0000000087a00000, 0x0000000087900000| Untracked 
| 122|0x0000000087a00000, 0x0000000087b00000, 0x0000000087b00000|100%| O|  |TAMS 0x0000000087b00000, 0x0000000087a00000| Untracked 
| 123|0x0000000087b00000, 0x0000000087c00000, 0x0000000087c00000|100%| O|  |TAMS 0x0000000087c00000, 0x0000000087b00000| Untracked 
| 124|0x0000000087c00000, 0x0000000087d00000, 0x0000000087d00000|100%| O|  |TAMS 0x0000000087d00000, 0x0000000087c00000| Untracked 
| 125|0x0000000087d00000, 0x0000000087e00000, 0x0000000087e00000|100%| O|  |TAMS 0x0000000087e00000, 0x0000000087d00000| Untracked 
| 126|0x0000000087e00000, 0x0000000087e00000, 0x0000000087f00000|  0%| F|  |TAMS 0x0000000087e00000, 0x0000000087e00000| Untracked 
| 127|0x0000000087f00000, 0x0000000088000000, 0x0000000088000000|100%| O|  |TAMS 0x0000000088000000, 0x0000000087f00000| Untracked 
| 128|0x0000000088000000, 0x0000000088100000, 0x0000000088100000|100%| O|  |TAMS 0x0000000088100000, 0x0000000088000000| Untracked 
| 129|0x0000000088100000, 0x0000000088200000, 0x0000000088200000|100%| O|  |TAMS 0x0000000088200000, 0x0000000088100000| Untracked 
| 130|0x0000000088200000, 0x0000000088300000, 0x0000000088300000|100%| O|  |TAMS 0x0000000088300000, 0x0000000088200000| Untracked 
| 131|0x0000000088300000, 0x0000000088400000, 0x0000000088400000|100%| O|  |TAMS 0x0000000088400000, 0x0000000088300000| Untracked 
| 132|0x0000000088400000, 0x0000000088500000, 0x0000000088500000|100%| O|  |TAMS 0x0000000088500000, 0x0000000088400000| Untracked 
| 133|0x0000000088500000, 0x0000000088600000, 0x0000000088600000|100%| O|  |TAMS 0x0000000088600000, 0x0000000088500000| Untracked 
| 134|0x0000000088600000, 0x0000000088700000, 0x0000000088700000|100%| O|  |TAMS 0x0000000088700000, 0x0000000088600000| Untracked 
| 135|0x0000000088700000, 0x0000000088800000, 0x0000000088800000|100%| O|  |TAMS 0x0000000088800000, 0x0000000088700000| Untracked 
| 136|0x0000000088800000, 0x0000000088900000, 0x0000000088900000|100%| O|  |TAMS 0x0000000088900000, 0x0000000088800000| Untracked 
| 137|0x0000000088900000, 0x0000000088900000, 0x0000000088a00000|  0%| F|  |TAMS 0x0000000088900000, 0x0000000088900000| Untracked 
| 138|0x0000000088a00000, 0x0000000088a00000, 0x0000000088b00000|  0%| F|  |TAMS 0x0000000088a00000, 0x0000000088a00000| Untracked 
| 139|0x0000000088b00000, 0x0000000088c00000, 0x0000000088c00000|100%| O|  |TAMS 0x0000000088c00000, 0x0000000088b00000| Untracked 
| 140|0x0000000088c00000, 0x0000000088d00000, 0x0000000088d00000|100%| O|  |TAMS 0x0000000088d00000, 0x0000000088c00000| Untracked 
| 141|0x0000000088d00000, 0x0000000088e00000, 0x0000000088e00000|100%| O|  |TAMS 0x0000000088e00000, 0x0000000088d00000| Untracked 
| 142|0x0000000088e00000, 0x0000000088f00000, 0x0000000088f00000|100%| O|  |TAMS 0x0000000088f00000, 0x0000000088e00000| Untracked 
| 143|0x0000000088f00000, 0x0000000089000000, 0x0000000089000000|100%| O|  |TAMS 0x0000000089000000, 0x0000000088f00000| Untracked 
| 144|0x0000000089000000, 0x0000000089100000, 0x0000000089100000|100%| O|  |TAMS 0x0000000089100000, 0x0000000089000000| Untracked 
| 145|0x0000000089100000, 0x0000000089200000, 0x0000000089200000|100%| O|  |TAMS 0x0000000089200000, 0x0000000089100000| Untracked 
| 146|0x0000000089200000, 0x0000000089300000, 0x0000000089300000|100%| O|  |TAMS 0x0000000089300000, 0x0000000089200000| Untracked 
| 147|0x0000000089300000, 0x0000000089300000, 0x0000000089400000|  0%| F|  |TAMS 0x0000000089300000, 0x0000000089300000| Untracked 
| 148|0x0000000089400000, 0x0000000089400000, 0x0000000089500000|  0%| F|  |TAMS 0x0000000089400000, 0x0000000089400000| Untracked 
| 149|0x0000000089500000, 0x0000000089500000, 0x0000000089600000|  0%| F|  |TAMS 0x0000000089500000, 0x0000000089500000| Untracked 
| 150|0x0000000089600000, 0x0000000089600000, 0x0000000089700000|  0%| F|  |TAMS 0x0000000089600000, 0x0000000089600000| Untracked 
| 151|0x0000000089700000, 0x0000000089700000, 0x0000000089800000|  0%| F|  |TAMS 0x0000000089700000, 0x0000000089700000| Untracked 
| 152|0x0000000089800000, 0x0000000089800000, 0x0000000089900000|  0%| F|  |TAMS 0x0000000089800000, 0x0000000089800000| Untracked 
| 153|0x0000000089900000, 0x0000000089900000, 0x0000000089a00000|  0%| F|  |TAMS 0x0000000089900000, 0x0000000089900000| Untracked 
| 154|0x0000000089a00000, 0x0000000089a00000, 0x0000000089b00000|  0%| F|  |TAMS 0x0000000089a00000, 0x0000000089a00000| Untracked 
| 155|0x0000000089b00000, 0x0000000089b00000, 0x0000000089c00000|  0%| F|  |TAMS 0x0000000089b00000, 0x0000000089b00000| Untracked 
| 156|0x0000000089c00000, 0x0000000089c00000, 0x0000000089d00000|  0%| F|  |TAMS 0x0000000089c00000, 0x0000000089c00000| Untracked 
| 157|0x0000000089d00000, 0x0000000089d00000, 0x0000000089e00000|  0%| F|  |TAMS 0x0000000089d00000, 0x0000000089d00000| Untracked 
| 158|0x0000000089e00000, 0x0000000089e00000, 0x0000000089f00000|  0%| F|  |TAMS 0x0000000089e00000, 0x0000000089e00000| Untracked 
| 159|0x0000000089f00000, 0x0000000089f00000, 0x000000008a000000|  0%| F|  |TAMS 0x0000000089f00000, 0x0000000089f00000| Untracked 
| 160|0x000000008a000000, 0x000000008a000000, 0x000000008a100000|  0%| F|  |TAMS 0x000000008a000000, 0x000000008a000000| Untracked 
| 161|0x000000008a100000, 0x000000008a100000, 0x000000008a200000|  0%| F|  |TAMS 0x000000008a100000, 0x000000008a100000| Untracked 
| 162|0x000000008a200000, 0x000000008a200000, 0x000000008a300000|  0%| F|  |TAMS 0x000000008a200000, 0x000000008a200000| Untracked 
| 163|0x000000008a300000, 0x000000008a300000, 0x000000008a400000|  0%| F|  |TAMS 0x000000008a300000, 0x000000008a300000| Untracked 
| 164|0x000000008a400000, 0x000000008a400000, 0x000000008a500000|  0%| F|  |TAMS 0x000000008a400000, 0x000000008a400000| Untracked 
| 165|0x000000008a500000, 0x000000008a500000, 0x000000008a600000|  0%| F|  |TAMS 0x000000008a500000, 0x000000008a500000| Untracked 
| 166|0x000000008a600000, 0x000000008a600000, 0x000000008a700000|  0%| F|  |TAMS 0x000000008a600000, 0x000000008a600000| Untracked 
| 167|0x000000008a700000, 0x000000008a700000, 0x000000008a800000|  0%| F|  |TAMS 0x000000008a700000, 0x000000008a700000| Untracked 
| 168|0x000000008a800000, 0x000000008a800000, 0x000000008a900000|  0%| F|  |TAMS 0x000000008a800000, 0x000000008a800000| Untracked 
| 169|0x000000008a900000, 0x000000008a900000, 0x000000008aa00000|  0%| F|  |TAMS 0x000000008a900000, 0x000000008a900000| Untracked 
| 170|0x000000008aa00000, 0x000000008aa00000, 0x000000008ab00000|  0%| F|  |TAMS 0x000000008aa00000, 0x000000008aa00000| Untracked 
| 171|0x000000008ab00000, 0x000000008ab00000, 0x000000008ac00000|  0%| F|  |TAMS 0x000000008ab00000, 0x000000008ab00000| Untracked 
| 172|0x000000008ac00000, 0x000000008ac441e0, 0x000000008ad00000| 26%| S|CS|TAMS 0x000000008ac00000, 0x000000008ac00000| Complete 
| 173|0x000000008ad00000, 0x000000008ae00000, 0x000000008ae00000|100%| S|CS|TAMS 0x000000008ad00000, 0x000000008ad00000| Complete 
| 174|0x000000008ae00000, 0x000000008af00000, 0x000000008af00000|100%| S|CS|TAMS 0x000000008ae00000, 0x000000008ae00000| Complete 
| 175|0x000000008af00000, 0x000000008b000000, 0x000000008b000000|100%| S|CS|TAMS 0x000000008af00000, 0x000000008af00000| Complete 
| 176|0x000000008b000000, 0x000000008b000000, 0x000000008b100000|  0%| F|  |TAMS 0x000000008b000000, 0x000000008b000000| Untracked 
| 177|0x000000008b100000, 0x000000008b100000, 0x000000008b200000|  0%| F|  |TAMS 0x000000008b100000, 0x000000008b100000| Untracked 
| 178|0x000000008b200000, 0x000000008b300000, 0x000000008b300000|100%| S|CS|TAMS 0x000000008b200000, 0x000000008b200000| Complete 
| 179|0x000000008b300000, 0x000000008b400000, 0x000000008b400000|100%| S|CS|TAMS 0x000000008b300000, 0x000000008b300000| Complete 
| 180|0x000000008b400000, 0x000000008b400000, 0x000000008b500000|  0%| F|  |TAMS 0x000000008b400000, 0x000000008b400000| Untracked 
| 181|0x000000008b500000, 0x000000008b500000, 0x000000008b600000|  0%| F|  |TAMS 0x000000008b500000, 0x000000008b500000| Untracked 
| 182|0x000000008b600000, 0x000000008b600000, 0x000000008b700000|  0%| F|  |TAMS 0x000000008b600000, 0x000000008b600000| Untracked 
| 183|0x000000008b700000, 0x000000008b700000, 0x000000008b800000|  0%| F|  |TAMS 0x000000008b700000, 0x000000008b700000| Untracked 
| 184|0x000000008b800000, 0x000000008b900000, 0x000000008b900000|100%| S|CS|TAMS 0x000000008b800000, 0x000000008b800000| Complete 
| 185|0x000000008b900000, 0x000000008b900000, 0x000000008ba00000|  0%| F|  |TAMS 0x000000008b900000, 0x000000008b900000| Untracked 
| 186|0x000000008ba00000, 0x000000008ba00000, 0x000000008bb00000|  0%| F|  |TAMS 0x000000008ba00000, 0x000000008ba00000| Untracked 
| 187|0x000000008bb00000, 0x000000008bb00000, 0x000000008bc00000|  0%| F|  |TAMS 0x000000008bb00000, 0x000000008bb00000| Untracked 
| 188|0x000000008bc00000, 0x000000008bc00000, 0x000000008bd00000|  0%| F|  |TAMS 0x000000008bc00000, 0x000000008bc00000| Untracked 
| 189|0x000000008bd00000, 0x000000008bd00000, 0x000000008be00000|  0%| F|  |TAMS 0x000000008bd00000, 0x000000008bd00000| Untracked 
| 190|0x000000008be00000, 0x000000008be00000, 0x000000008bf00000|  0%| F|  |TAMS 0x000000008be00000, 0x000000008be00000| Untracked 
| 191|0x000000008bf00000, 0x000000008bf00000, 0x000000008c000000|  0%| F|  |TAMS 0x000000008bf00000, 0x000000008bf00000| Untracked 
| 192|0x000000008c000000, 0x000000008c000000, 0x000000008c100000|  0%| F|  |TAMS 0x000000008c000000, 0x000000008c000000| Untracked 
| 193|0x000000008c100000, 0x000000008c100000, 0x000000008c200000|  0%| F|  |TAMS 0x000000008c100000, 0x000000008c100000| Untracked 
| 194|0x000000008c200000, 0x000000008c200000, 0x000000008c300000|  0%| F|  |TAMS 0x000000008c200000, 0x000000008c200000| Untracked 
| 195|0x000000008c300000, 0x000000008c300000, 0x000000008c400000|  0%| F|  |TAMS 0x000000008c300000, 0x000000008c300000| Untracked 
| 196|0x000000008c400000, 0x000000008c400000, 0x000000008c500000|  0%| F|  |TAMS 0x000000008c400000, 0x000000008c400000| Untracked 
| 197|0x000000008c500000, 0x000000008c500000, 0x000000008c600000|  0%| F|  |TAMS 0x000000008c500000, 0x000000008c500000| Untracked 
| 198|0x000000008c600000, 0x000000008c600000, 0x000000008c700000|  0%| F|  |TAMS 0x000000008c600000, 0x000000008c600000| Untracked 
| 199|0x000000008c700000, 0x000000008c700000, 0x000000008c800000|  0%| F|  |TAMS 0x000000008c700000, 0x000000008c700000| Untracked 
| 200|0x000000008c800000, 0x000000008c800000, 0x000000008c900000|  0%| F|  |TAMS 0x000000008c800000, 0x000000008c800000| Untracked 
| 201|0x000000008c900000, 0x000000008c900000, 0x000000008ca00000|  0%| F|  |TAMS 0x000000008c900000, 0x000000008c900000| Untracked 
| 202|0x000000008ca00000, 0x000000008ca00000, 0x000000008cb00000|  0%| F|  |TAMS 0x000000008ca00000, 0x000000008ca00000| Untracked 
| 203|0x000000008cb00000, 0x000000008cb00000, 0x000000008cc00000|  0%| F|  |TAMS 0x000000008cb00000, 0x000000008cb00000| Untracked 
| 204|0x000000008cc00000, 0x000000008cc00000, 0x000000008cd00000|  0%| F|  |TAMS 0x000000008cc00000, 0x000000008cc00000| Untracked 
| 205|0x000000008cd00000, 0x000000008cd00000, 0x000000008ce00000|  0%| F|  |TAMS 0x000000008cd00000, 0x000000008cd00000| Untracked 
| 206|0x000000008ce00000, 0x000000008ce00000, 0x000000008cf00000|  0%| F|  |TAMS 0x000000008ce00000, 0x000000008ce00000| Untracked 
| 207|0x000000008cf00000, 0x000000008cf00000, 0x000000008d000000|  0%| F|  |TAMS 0x000000008cf00000, 0x000000008cf00000| Untracked 
| 208|0x000000008d000000, 0x000000008d000000, 0x000000008d100000|  0%| F|  |TAMS 0x000000008d000000, 0x000000008d000000| Untracked 
| 209|0x000000008d100000, 0x000000008d100000, 0x000000008d200000|  0%| F|  |TAMS 0x000000008d100000, 0x000000008d100000| Untracked 
| 210|0x000000008d200000, 0x000000008d200000, 0x000000008d300000|  0%| F|  |TAMS 0x000000008d200000, 0x000000008d200000| Untracked 
| 211|0x000000008d300000, 0x000000008d300000, 0x000000008d400000|  0%| F|  |TAMS 0x000000008d300000, 0x000000008d300000| Untracked 
| 212|0x000000008d400000, 0x000000008d400000, 0x000000008d500000|  0%| F|  |TAMS 0x000000008d400000, 0x000000008d400000| Untracked 
| 213|0x000000008d500000, 0x000000008d500000, 0x000000008d600000|  0%| F|  |TAMS 0x000000008d500000, 0x000000008d500000| Untracked 
| 214|0x000000008d600000, 0x000000008d600000, 0x000000008d700000|  0%| F|  |TAMS 0x000000008d600000, 0x000000008d600000| Untracked 
| 215|0x000000008d700000, 0x000000008d700000, 0x000000008d800000|  0%| F|  |TAMS 0x000000008d700000, 0x000000008d700000| Untracked 
| 216|0x000000008d800000, 0x000000008d800000, 0x000000008d900000|  0%| F|  |TAMS 0x000000008d800000, 0x000000008d800000| Untracked 
| 217|0x000000008d900000, 0x000000008d900000, 0x000000008da00000|  0%| F|  |TAMS 0x000000008d900000, 0x000000008d900000| Untracked 
| 218|0x000000008da00000, 0x000000008da00000, 0x000000008db00000|  0%| F|  |TAMS 0x000000008da00000, 0x000000008da00000| Untracked 
| 219|0x000000008db00000, 0x000000008db00000, 0x000000008dc00000|  0%| F|  |TAMS 0x000000008db00000, 0x000000008db00000| Untracked 
| 220|0x000000008dc00000, 0x000000008dc00000, 0x000000008dd00000|  0%| F|  |TAMS 0x000000008dc00000, 0x000000008dc00000| Untracked 
| 221|0x000000008dd00000, 0x000000008dd00000, 0x000000008de00000|  0%| F|  |TAMS 0x000000008dd00000, 0x000000008dd00000| Untracked 
| 222|0x000000008de00000, 0x000000008de00000, 0x000000008df00000|  0%| F|  |TAMS 0x000000008de00000, 0x000000008de00000| Untracked 
| 223|0x000000008df00000, 0x000000008df00000, 0x000000008e000000|  0%| F|  |TAMS 0x000000008df00000, 0x000000008df00000| Untracked 
| 224|0x000000008e000000, 0x000000008e000000, 0x000000008e100000|  0%| F|  |TAMS 0x000000008e000000, 0x000000008e000000| Untracked 
| 225|0x000000008e100000, 0x000000008e100000, 0x000000008e200000|  0%| F|  |TAMS 0x000000008e100000, 0x000000008e100000| Untracked 
| 226|0x000000008e200000, 0x000000008e200000, 0x000000008e300000|  0%| F|  |TAMS 0x000000008e200000, 0x000000008e200000| Untracked 
| 227|0x000000008e300000, 0x000000008e300000, 0x000000008e400000|  0%| F|  |TAMS 0x000000008e300000, 0x000000008e300000| Untracked 
| 228|0x000000008e400000, 0x000000008e400000, 0x000000008e500000|  0%| F|  |TAMS 0x000000008e400000, 0x000000008e400000| Untracked 
| 229|0x000000008e500000, 0x000000008e500000, 0x000000008e600000|  0%| F|  |TAMS 0x000000008e500000, 0x000000008e500000| Untracked 
| 230|0x000000008e600000, 0x000000008e600000, 0x000000008e700000|  0%| F|  |TAMS 0x000000008e600000, 0x000000008e600000| Untracked 
| 231|0x000000008e700000, 0x000000008e700000, 0x000000008e800000|  0%| F|  |TAMS 0x000000008e700000, 0x000000008e700000| Untracked 
| 232|0x000000008e800000, 0x000000008e800000, 0x000000008e900000|  0%| F|  |TAMS 0x000000008e800000, 0x000000008e800000| Untracked 
| 233|0x000000008e900000, 0x000000008e900000, 0x000000008ea00000|  0%| F|  |TAMS 0x000000008e900000, 0x000000008e900000| Untracked 
| 234|0x000000008ea00000, 0x000000008ea00000, 0x000000008eb00000|  0%| F|  |TAMS 0x000000008ea00000, 0x000000008ea00000| Untracked 
| 235|0x000000008eb00000, 0x000000008eb00000, 0x000000008ec00000|  0%| F|  |TAMS 0x000000008eb00000, 0x000000008eb00000| Untracked 
| 236|0x000000008ec00000, 0x000000008ec00000, 0x000000008ed00000|  0%| F|  |TAMS 0x000000008ec00000, 0x000000008ec00000| Untracked 
| 237|0x000000008ed00000, 0x000000008ed00000, 0x000000008ee00000|  0%| F|  |TAMS 0x000000008ed00000, 0x000000008ed00000| Untracked 
| 238|0x000000008ee00000, 0x000000008ee00000, 0x000000008ef00000|  0%| F|  |TAMS 0x000000008ee00000, 0x000000008ee00000| Untracked 
| 239|0x000000008ef00000, 0x000000008ef00000, 0x000000008f000000|  0%| F|  |TAMS 0x000000008ef00000, 0x000000008ef00000| Untracked 
| 240|0x000000008f000000, 0x000000008f000000, 0x000000008f100000|  0%| F|  |TAMS 0x000000008f000000, 0x000000008f000000| Untracked 
| 241|0x000000008f100000, 0x000000008f100000, 0x000000008f200000|  0%| F|  |TAMS 0x000000008f100000, 0x000000008f100000| Untracked 
| 242|0x000000008f200000, 0x000000008f200000, 0x000000008f300000|  0%| F|  |TAMS 0x000000008f200000, 0x000000008f200000| Untracked 
| 243|0x000000008f300000, 0x000000008f300000, 0x000000008f400000|  0%| F|  |TAMS 0x000000008f300000, 0x000000008f300000| Untracked 
| 244|0x000000008f400000, 0x000000008f400000, 0x000000008f500000|  0%| F|  |TAMS 0x000000008f400000, 0x000000008f400000| Untracked 
| 245|0x000000008f500000, 0x000000008f500000, 0x000000008f600000|  0%| F|  |TAMS 0x000000008f500000, 0x000000008f500000| Untracked 
| 246|0x000000008f600000, 0x000000008f600000, 0x000000008f700000|  0%| F|  |TAMS 0x000000008f600000, 0x000000008f600000| Untracked 
| 247|0x000000008f700000, 0x000000008f700000, 0x000000008f800000|  0%| F|  |TAMS 0x000000008f700000, 0x000000008f700000| Untracked 
| 248|0x000000008f800000, 0x000000008f800000, 0x000000008f900000|  0%| F|  |TAMS 0x000000008f800000, 0x000000008f800000| Untracked 
| 249|0x000000008f900000, 0x000000008f900000, 0x000000008fa00000|  0%| F|  |TAMS 0x000000008f900000, 0x000000008f900000| Untracked 
| 250|0x000000008fa00000, 0x000000008fa00000, 0x000000008fb00000|  0%| F|  |TAMS 0x000000008fa00000, 0x000000008fa00000| Untracked 
| 251|0x000000008fb00000, 0x000000008fb00000, 0x000000008fc00000|  0%| F|  |TAMS 0x000000008fb00000, 0x000000008fb00000| Untracked 
| 252|0x000000008fc00000, 0x000000008fc00000, 0x000000008fd00000|  0%| F|  |TAMS 0x000000008fc00000, 0x000000008fc00000| Untracked 
| 253|0x000000008fd00000, 0x000000008fd00000, 0x000000008fe00000|  0%| F|  |TAMS 0x000000008fd00000, 0x000000008fd00000| Untracked 
| 254|0x000000008fe00000, 0x000000008fe00000, 0x000000008ff00000|  0%| F|  |TAMS 0x000000008fe00000, 0x000000008fe00000| Untracked 
| 255|0x000000008ff00000, 0x000000008ff00000, 0x0000000090000000|  0%| F|  |TAMS 0x000000008ff00000, 0x000000008ff00000| Untracked 
| 256|0x0000000090000000, 0x0000000090000000, 0x0000000090100000|  0%| F|  |TAMS 0x0000000090000000, 0x0000000090000000| Untracked 
| 257|0x0000000090100000, 0x0000000090100000, 0x0000000090200000|  0%| F|  |TAMS 0x0000000090100000, 0x0000000090100000| Untracked 
| 258|0x0000000090200000, 0x0000000090200000, 0x0000000090300000|  0%| F|  |TAMS 0x0000000090200000, 0x0000000090200000| Untracked 
| 259|0x0000000090300000, 0x0000000090300000, 0x0000000090400000|  0%| F|  |TAMS 0x0000000090300000, 0x0000000090300000| Untracked 
| 260|0x0000000090400000, 0x0000000090400000, 0x0000000090500000|  0%| F|  |TAMS 0x0000000090400000, 0x0000000090400000| Untracked 
| 261|0x0000000090500000, 0x0000000090500000, 0x0000000090600000|  0%| F|  |TAMS 0x0000000090500000, 0x0000000090500000| Untracked 
| 262|0x0000000090600000, 0x0000000090600000, 0x0000000090700000|  0%| F|  |TAMS 0x0000000090600000, 0x0000000090600000| Untracked 
| 263|0x0000000090700000, 0x0000000090700000, 0x0000000090800000|  0%| F|  |TAMS 0x0000000090700000, 0x0000000090700000| Untracked 
| 264|0x0000000090800000, 0x0000000090800000, 0x0000000090900000|  0%| F|  |TAMS 0x0000000090800000, 0x0000000090800000| Untracked 
| 265|0x0000000090900000, 0x0000000090900000, 0x0000000090a00000|  0%| F|  |TAMS 0x0000000090900000, 0x0000000090900000| Untracked 
| 266|0x0000000090a00000, 0x0000000090a00000, 0x0000000090b00000|  0%| F|  |TAMS 0x0000000090a00000, 0x0000000090a00000| Untracked 
| 267|0x0000000090b00000, 0x0000000090b00000, 0x0000000090c00000|  0%| F|  |TAMS 0x0000000090b00000, 0x0000000090b00000| Untracked 
| 268|0x0000000090c00000, 0x0000000090c00000, 0x0000000090d00000|  0%| F|  |TAMS 0x0000000090c00000, 0x0000000090c00000| Untracked 
| 269|0x0000000090d00000, 0x0000000090d00000, 0x0000000090e00000|  0%| F|  |TAMS 0x0000000090d00000, 0x0000000090d00000| Untracked 
| 270|0x0000000090e00000, 0x0000000090e00000, 0x0000000090f00000|  0%| F|  |TAMS 0x0000000090e00000, 0x0000000090e00000| Untracked 
| 271|0x0000000090f00000, 0x0000000090f00000, 0x0000000091000000|  0%| F|  |TAMS 0x0000000090f00000, 0x0000000090f00000| Untracked 
| 272|0x0000000091000000, 0x0000000091000000, 0x0000000091100000|  0%| F|  |TAMS 0x0000000091000000, 0x0000000091000000| Untracked 
| 273|0x0000000091100000, 0x0000000091100000, 0x0000000091200000|  0%| F|  |TAMS 0x0000000091100000, 0x0000000091100000| Untracked 
| 274|0x0000000091200000, 0x0000000091200000, 0x0000000091300000|  0%| F|  |TAMS 0x0000000091200000, 0x0000000091200000| Untracked 
| 275|0x0000000091300000, 0x0000000091300000, 0x0000000091400000|  0%| F|  |TAMS 0x0000000091300000, 0x0000000091300000| Untracked 
| 276|0x0000000091400000, 0x0000000091400000, 0x0000000091500000|  0%| F|  |TAMS 0x0000000091400000, 0x0000000091400000| Untracked 
| 277|0x0000000091500000, 0x0000000091500000, 0x0000000091600000|  0%| F|  |TAMS 0x0000000091500000, 0x0000000091500000| Untracked 
| 278|0x0000000091600000, 0x0000000091600000, 0x0000000091700000|  0%| F|  |TAMS 0x0000000091600000, 0x0000000091600000| Untracked 
| 279|0x0000000091700000, 0x0000000091700000, 0x0000000091800000|  0%| F|  |TAMS 0x0000000091700000, 0x0000000091700000| Untracked 
| 280|0x0000000091800000, 0x0000000091800000, 0x0000000091900000|  0%| F|  |TAMS 0x0000000091800000, 0x0000000091800000| Untracked 
| 281|0x0000000091900000, 0x0000000091900000, 0x0000000091a00000|  0%| F|  |TAMS 0x0000000091900000, 0x0000000091900000| Untracked 
| 282|0x0000000091a00000, 0x0000000091a00000, 0x0000000091b00000|  0%| F|  |TAMS 0x0000000091a00000, 0x0000000091a00000| Untracked 
| 283|0x0000000091b00000, 0x0000000091b00000, 0x0000000091c00000|  0%| F|  |TAMS 0x0000000091b00000, 0x0000000091b00000| Untracked 
| 284|0x0000000091c00000, 0x0000000091c00000, 0x0000000091d00000|  0%| F|  |TAMS 0x0000000091c00000, 0x0000000091c00000| Untracked 
| 285|0x0000000091d00000, 0x0000000091d00000, 0x0000000091e00000|  0%| F|  |TAMS 0x0000000091d00000, 0x0000000091d00000| Untracked 
| 286|0x0000000091e00000, 0x0000000091e00000, 0x0000000091f00000|  0%| F|  |TAMS 0x0000000091e00000, 0x0000000091e00000| Untracked 
| 287|0x0000000091f00000, 0x0000000091f00000, 0x0000000092000000|  0%| F|  |TAMS 0x0000000091f00000, 0x0000000091f00000| Untracked 
| 288|0x0000000092000000, 0x0000000092000000, 0x0000000092100000|  0%| F|  |TAMS 0x0000000092000000, 0x0000000092000000| Untracked 
| 289|0x0000000092100000, 0x0000000092100000, 0x0000000092200000|  0%| F|  |TAMS 0x0000000092100000, 0x0000000092100000| Untracked 
| 290|0x0000000092200000, 0x0000000092200000, 0x0000000092300000|  0%| F|  |TAMS 0x0000000092200000, 0x0000000092200000| Untracked 
| 291|0x0000000092300000, 0x0000000092300000, 0x0000000092400000|  0%| F|  |TAMS 0x0000000092300000, 0x0000000092300000| Untracked 
| 292|0x0000000092400000, 0x0000000092400000, 0x0000000092500000|  0%| F|  |TAMS 0x0000000092400000, 0x0000000092400000| Untracked 
| 293|0x0000000092500000, 0x0000000092500000, 0x0000000092600000|  0%| F|  |TAMS 0x0000000092500000, 0x0000000092500000| Untracked 
| 294|0x0000000092600000, 0x0000000092600000, 0x0000000092700000|  0%| F|  |TAMS 0x0000000092600000, 0x0000000092600000| Untracked 
| 295|0x0000000092700000, 0x0000000092700000, 0x0000000092800000|  0%| F|  |TAMS 0x0000000092700000, 0x0000000092700000| Untracked 
| 296|0x0000000092800000, 0x0000000092800000, 0x0000000092900000|  0%| F|  |TAMS 0x0000000092800000, 0x0000000092800000| Untracked 
| 297|0x0000000092900000, 0x0000000092900000, 0x0000000092a00000|  0%| F|  |TAMS 0x0000000092900000, 0x0000000092900000| Untracked 
| 298|0x0000000092a00000, 0x0000000092a00000, 0x0000000092b00000|  0%| F|  |TAMS 0x0000000092a00000, 0x0000000092a00000| Untracked 
| 299|0x0000000092b00000, 0x0000000092b00000, 0x0000000092c00000|  0%| F|  |TAMS 0x0000000092b00000, 0x0000000092b00000| Untracked 
| 300|0x0000000092c00000, 0x0000000092c00000, 0x0000000092d00000|  0%| F|  |TAMS 0x0000000092c00000, 0x0000000092c00000| Untracked 
| 301|0x0000000092d00000, 0x0000000092d00000, 0x0000000092e00000|  0%| F|  |TAMS 0x0000000092d00000, 0x0000000092d00000| Untracked 
| 302|0x0000000092e00000, 0x0000000092e00000, 0x0000000092f00000|  0%| F|  |TAMS 0x0000000092e00000, 0x0000000092e00000| Untracked 
| 303|0x0000000092f00000, 0x0000000092f00000, 0x0000000093000000|  0%| F|  |TAMS 0x0000000092f00000, 0x0000000092f00000| Untracked 
| 304|0x0000000093000000, 0x0000000093000000, 0x0000000093100000|  0%| F|  |TAMS 0x0000000093000000, 0x0000000093000000| Untracked 
| 305|0x0000000093100000, 0x0000000093100000, 0x0000000093200000|  0%| F|  |TAMS 0x0000000093100000, 0x0000000093100000| Untracked 
| 306|0x0000000093200000, 0x0000000093200000, 0x0000000093300000|  0%| F|  |TAMS 0x0000000093200000, 0x0000000093200000| Untracked 
| 307|0x0000000093300000, 0x0000000093300000, 0x0000000093400000|  0%| F|  |TAMS 0x0000000093300000, 0x0000000093300000| Untracked 
| 308|0x0000000093400000, 0x0000000093400000, 0x0000000093500000|  0%| F|  |TAMS 0x0000000093400000, 0x0000000093400000| Untracked 
| 309|0x0000000093500000, 0x0000000093500000, 0x0000000093600000|  0%| F|  |TAMS 0x0000000093500000, 0x0000000093500000| Untracked 
| 310|0x0000000093600000, 0x0000000093600000, 0x0000000093700000|  0%| F|  |TAMS 0x0000000093600000, 0x0000000093600000| Untracked 

Card table byte_map: [0x00000167faa70000,0x00000167fae70000] _byte_map_base: 0x00000167fa670000

Marking Bits (Prev, Next): (CMBitMap*) 0x00000167e7b8ffc8, (CMBitMap*) 0x00000167e7b90000
 Prev Bits: [0x00000167fb270000, 0x00000167fd270000)
 Next Bits: [0x00000167fd270000, 0x00000167ff270000)

Polling page: 0x00000167e5a30000

Metaspace:

Usage:
  Non-class:    100.43 MB capacity,    98.62 MB ( 98%) used,     1.44 MB (  1%) free+waste,   371.06 KB ( <1%) overhead. 
      Class:     15.12 MB capacity,    14.00 MB ( 93%) used,   977.43 KB (  6%) free+waste,   162.31 KB (  1%) overhead. 
       Both:    115.54 MB capacity,   112.62 MB ( 97%) used,     2.40 MB (  2%) free+waste,   533.38 KB ( <1%) overhead. 

Virtual space:
  Non-class space:      102.00 MB reserved,     100.63 MB ( 99%) committed 
      Class space:        1.00 GB reserved,      15.32 MB (  1%) committed 
             Both:        1.10 GB reserved,     115.95 MB ( 10%) committed 

Chunk freelists:
   Non-Class:  16.00 KB
       Class:  137.00 KB
        Both:  153.00 KB

MaxMetaspaceSize: 17179869184.00 GB
CompressedClassSpaceSize: 1.00 GB
Initial GC threshold: 20.80 MB
Current GC threshold: 192.01 MB
CDS: off

CodeHeap 'non-profiled nmethods': size=120064Kb used=8826Kb max_used=8826Kb free=111237Kb
 bounds [0x00000167f3130000, 0x00000167f39d0000, 0x00000167fa670000]
CodeHeap 'profiled nmethods': size=120000Kb used=46213Kb max_used=46213Kb free=73786Kb
 bounds [0x00000167ebc00000, 0x00000167ee930000, 0x00000167f3130000]
CodeHeap 'non-nmethods': size=5696Kb used=2418Kb max_used=2481Kb free=3277Kb
 bounds [0x00000167eb670000, 0x00000167eb8f0000, 0x00000167ebc00000]
 total_blobs=19736 nmethods=18787 adapters=858
 compilation: enabled
              stopped_count=0, restarted_count=0
 full_count=0

Compilation events (20 events):
Event: 61.494 Thread 0x0000016782060800 19563       2       com.android.tools.r8.internal.p4::a (47 bytes)
Event: 61.494 Thread 0x0000016782060800 nmethod 19563 0x00000167ee91d310 code [0x00000167ee91d500, 0x00000167ee91d738]
Event: 61.519 Thread 0x0000016782060800 19564       2       com.android.tools.r8.internal.Pn::a (38 bytes)
Event: 61.520 Thread 0x0000016782060800 nmethod 19564 0x00000167ee91d910 code [0x00000167ee91db00, 0x00000167ee91dda8]
Event: 61.520 Thread 0x0000016782060800 19565       2       com.android.tools.r8.internal.Mq::<init> (12 bytes)
Event: 61.520 Thread 0x0000016782060800 nmethod 19565 0x00000167ee91df90 code [0x00000167ee91e140, 0x00000167ee91e2a8]
Event: 61.522 Thread 0x0000016782060800 19566       2       com.android.tools.r8.internal.Mq::a (52 bytes)
Event: 61.523 Thread 0x0000016782060800 nmethod 19566 0x00000167ee91e390 code [0x00000167ee91e5a0, 0x00000167ee91e908]
Event: 61.523 Thread 0x0000016782060800 19567       2       com.android.tools.r8.internal.Mq::value (12 bytes)
Event: 61.524 Thread 0x0000016782060800 nmethod 19567 0x00000167ee91ec90 code [0x00000167ee91ee60, 0x00000167ee91f028]
Event: 61.524 Thread 0x0000016782060800 19568       2       com.android.tools.r8.code.v1::<init> (8 bytes)
Event: 61.524 Thread 0x0000016782060800 nmethod 19568 0x00000167ee91f190 code [0x00000167ee91f340, 0x00000167ee91f448]
Event: 61.524 Thread 0x0000016782060800 19569       2       com.android.tools.r8.internal.Ng::a (110 bytes)
Event: 61.526 Thread 0x0000016782060800 nmethod 19569 0x00000167ee91f510 code [0x00000167ee91f7a0, 0x00000167ee920178]
Event: 61.526 Thread 0x0000016782060800 19570       2       com.android.tools.r8.internal.Nu::g (28 bytes)
Event: 61.527 Thread 0x0000016782060800 nmethod 19570 0x00000167ee920890 code [0x00000167ee920a60, 0x00000167ee920ca8]
Event: 61.548 Thread 0x0000016782060800 19571       2       com.android.tools.r8.internal.Xq::b1 (23 bytes)
Event: 61.549 Thread 0x0000016782060800 nmethod 19571 0x00000167ee920d90 code [0x00000167ee920f40, 0x00000167ee921168]
Event: 61.549 Thread 0x0000016782060800 19572       2       com.android.tools.r8.internal.Xq::K0 (30 bytes)
Event: 61.549 Thread 0x0000016782060800 nmethod 19572 0x00000167ee921310 code [0x00000167ee9214c0, 0x00000167ee9215d8]

GC Heap History (20 events):
Event: 55.718 GC heap after
{Heap after GC invocations=45 (full 0):
 garbage-first heap   total 265216K, used 142684K [0x0000000080000000, 0x0000000100000000)
  region size 1024K, 5 young (5120K), 5 survivors (5120K)
 Metaspace       used 114833K, capacity 117780K, committed 118224K, reserved 1153024K
  class space    used 14296K, capacity 15418K, committed 15692K, reserved 1048576K
}
Event: 56.124 GC heap before
{Heap before GC invocations=45 (full 0):
 garbage-first heap   total 265216K, used 228700K [0x0000000080000000, 0x0000000100000000)
  region size 1024K, 89 young (91136K), 5 survivors (5120K)
 Metaspace       used 114853K, capacity 117793K, committed 118224K, reserved 1153024K
  class space    used 14298K, capacity 15422K, committed 15692K, reserved 1048576K
}
Event: 56.135 GC heap after
{Heap after GC invocations=46 (full 0):
 garbage-first heap   total 265216K, used 142693K [0x0000000080000000, 0x0000000100000000)
  region size 1024K, 5 young (5120K), 5 survivors (5120K)
 Metaspace       used 114853K, capacity 117793K, committed 118224K, reserved 1153024K
  class space    used 14298K, capacity 15422K, committed 15692K, reserved 1048576K
}
Event: 56.526 GC heap before
{Heap before GC invocations=46 (full 0):
 garbage-first heap   total 265216K, used 228709K [0x0000000080000000, 0x0000000100000000)
  region size 1024K, 89 young (91136K), 5 survivors (5120K)
 Metaspace       used 114879K, capacity 117857K, committed 118224K, reserved 1153024K
  class space    used 14301K, capacity 15422K, committed 15692K, reserved 1048576K
}
Event: 56.541 GC heap after
{Heap after GC invocations=47 (full 0):
 garbage-first heap   total 318464K, used 142929K [0x0000000080000000, 0x0000000100000000)
  region size 1024K, 6 young (6144K), 6 survivors (6144K)
 Metaspace       used 114879K, capacity 117857K, committed 118224K, reserved 1153024K
  class space    used 14301K, capacity 15422K, committed 15692K, reserved 1048576K
}
Event: 57.474 GC heap before
{Heap before GC invocations=47 (full 0):
 garbage-first heap   total 318464K, used 248401K [0x0000000080000000, 0x0000000100000000)
  region size 1024K, 110 young (112640K), 6 survivors (6144K)
 Metaspace       used 114893K, capacity 117857K, committed 118224K, reserved 1153024K
  class space    used 14301K, capacity 15422K, committed 15692K, reserved 1048576K
}
Event: 57.488 GC heap after
{Heap after GC invocations=48 (full 0):
 garbage-first heap   total 318464K, used 142933K [0x0000000080000000, 0x0000000100000000)
  region size 1024K, 6 young (6144K), 6 survivors (6144K)
 Metaspace       used 114893K, capacity 117857K, committed 118224K, reserved 1153024K
  class space    used 14301K, capacity 15422K, committed 15692K, reserved 1048576K
}
Event: 58.257 GC heap before
{Heap before GC invocations=48 (full 0):
 garbage-first heap   total 318464K, used 252501K [0x0000000080000000, 0x0000000100000000)
  region size 1024K, 113 young (115712K), 6 survivors (6144K)
 Metaspace       used 114912K, capacity 117863K, committed 118224K, reserved 1153024K
  class space    used 14301K, capacity 15423K, committed 15692K, reserved 1048576K
}
Event: 58.269 GC heap after
{Heap after GC invocations=49 (full 0):
 garbage-first heap   total 318464K, used 143694K [0x0000000080000000, 0x0000000100000000)
  region size 1024K, 6 young (6144K), 6 survivors (6144K)
 Metaspace       used 114912K, capacity 117863K, committed 118224K, reserved 1153024K
  class space    used 14301K, capacity 15423K, committed 15692K, reserved 1048576K
}
Event: 58.784 GC heap before
{Heap before GC invocations=49 (full 0):
 garbage-first heap   total 318464K, used 256334K [0x0000000080000000, 0x0000000100000000)
  region size 1024K, 116 young (118784K), 6 survivors (6144K)
 Metaspace       used 114917K, capacity 117866K, committed 118224K, reserved 1153024K
  class space    used 14302K, capacity 15424K, committed 15692K, reserved 1048576K
}
Event: 58.795 GC heap after
{Heap after GC invocations=50 (full 0):
 garbage-first heap   total 318464K, used 143476K [0x0000000080000000, 0x0000000100000000)
  region size 1024K, 6 young (6144K), 6 survivors (6144K)
 Metaspace       used 114917K, capacity 117866K, committed 118224K, reserved 1153024K
  class space    used 14302K, capacity 15424K, committed 15692K, reserved 1048576K
}
Event: 59.341 GC heap before
{Heap before GC invocations=50 (full 0):
 garbage-first heap   total 318464K, used 259188K [0x0000000080000000, 0x0000000100000000)
  region size 1024K, 119 young (121856K), 6 survivors (6144K)
 Metaspace       used 115036K, capacity 118030K, committed 118480K, reserved 1153024K
  class space    used 14304K, capacity 15427K, committed 15692K, reserved 1048576K
}
Event: 59.351 GC heap after
{Heap after GC invocations=51 (full 0):
 garbage-first heap   total 318464K, used 141669K [0x0000000080000000, 0x0000000100000000)
  region size 1024K, 4 young (4096K), 4 survivors (4096K)
 Metaspace       used 115036K, capacity 118030K, committed 118480K, reserved 1153024K
  class space    used 14304K, capacity 15427K, committed 15692K, reserved 1048576K
}
Event: 59.849 GC heap before
{Heap before GC invocations=51 (full 0):
 garbage-first heap   total 318464K, used 266597K [0x0000000080000000, 0x0000000100000000)
  region size 1024K, 126 young (129024K), 4 survivors (4096K)
 Metaspace       used 115045K, capacity 118030K, committed 118480K, reserved 1153024K
  class space    used 14304K, capacity 15427K, committed 15692K, reserved 1048576K
}
Event: 59.864 GC heap after
{Heap after GC invocations=52 (full 0):
 garbage-first heap   total 318464K, used 142270K [0x0000000080000000, 0x0000000100000000)
  region size 1024K, 5 young (5120K), 5 survivors (5120K)
 Metaspace       used 115045K, capacity 118030K, committed 118480K, reserved 1153024K
  class space    used 14304K, capacity 15427K, committed 15692K, reserved 1048576K
}
Event: 60.321 GC heap before
{Heap before GC invocations=52 (full 0):
 garbage-first heap   total 318464K, used 267198K [0x0000000080000000, 0x0000000100000000)
  region size 1024K, 127 young (130048K), 5 survivors (5120K)
 Metaspace       used 115052K, capacity 118030K, committed 118480K, reserved 1153024K
  class space    used 14304K, capacity 15427K, committed 15692K, reserved 1048576K
}
Event: 60.335 GC heap after
{Heap after GC invocations=53 (full 0):
 garbage-first heap   total 318464K, used 143347K [0x0000000080000000, 0x0000000100000000)
  region size 1024K, 6 young (6144K), 6 survivors (6144K)
 Metaspace       used 115052K, capacity 118030K, committed 118480K, reserved 1153024K
  class space    used 14304K, capacity 15427K, committed 15692K, reserved 1048576K
}
Event: 60.969 GC heap before
{Heap before GC invocations=53 (full 0):
 garbage-first heap   total 318464K, used 269299K [0x0000000080000000, 0x0000000100000000)
  region size 1024K, 129 young (132096K), 6 survivors (6144K)
 Metaspace       used 115069K, capacity 118032K, committed 118480K, reserved 1153024K
  class space    used 14304K, capacity 15427K, committed 15692K, reserved 1048576K
}
Event: 60.983 GC heap after
{Heap after GC invocations=54 (full 0):
 garbage-first heap   total 318464K, used 143733K [0x0000000080000000, 0x0000000100000000)
  region size 1024K, 6 young (6144K), 6 survivors (6144K)
 Metaspace       used 115069K, capacity 118032K, committed 118480K, reserved 1153024K
  class space    used 14304K, capacity 15427K, committed 15692K, reserved 1048576K
}
Event: 61.553 GC heap before
{Heap before GC invocations=54 (full 0):
 garbage-first heap   total 318464K, used 272757K [0x0000000080000000, 0x0000000100000000)
  region size 1024K, 132 young (135168K), 6 survivors (6144K)
 Metaspace       used 115325K, capacity 118315K, committed 118736K, reserved 1153024K
  class space    used 14339K, capacity 15479K, committed 15692K, reserved 1048576K
}

Deoptimization events (20 events):
Event: 60.665 Thread 0x0000016788731800 DEOPT PACKING pc=0x00000167f39c0ad0 sp=0x00000020284f6dc0
Event: 60.665 Thread 0x0000016788731800 DEOPT UNPACKING pc=0x00000167eb6ba1af sp=0x00000020284f6cf8 mode 2
Event: 60.762 Thread 0x0000016788731800 DEOPT PACKING pc=0x00000167edaee3a5 sp=0x00000020284f5ee0
Event: 60.762 Thread 0x0000016788731800 DEOPT UNPACKING pc=0x00000167eb6ba95e sp=0x00000020284f5658 mode 0
Event: 61.107 Thread 0x000001678730b800 DEOPT PACKING pc=0x00000167edf39d4e sp=0x0000002027cf89e0
Event: 61.107 Thread 0x000001678730b800 DEOPT UNPACKING pc=0x00000167eb6ba95e sp=0x0000002027cf8278 mode 0
Event: 61.222 Thread 0x0000016788731800 DEOPT PACKING pc=0x00000167edf39d4e sp=0x00000020284f5c40
Event: 61.222 Thread 0x0000016788731800 DEOPT UNPACKING pc=0x00000167eb6ba95e sp=0x00000020284f54d8 mode 0
Event: 61.294 Thread 0x0000016785924800 Uncommon trap: trap_request=0xffffff4d fr.pc=0x00000167f38d4e70 relative=0x0000000000000550
Event: 61.294 Thread 0x0000016785924800 Uncommon trap: reason=unstable_if action=reinterpret pc=0x00000167f38d4e70 method=com.android.tools.r8.internal.Yv.a(Ljava/util/Iterator;Lcom/android/tools/r8/internal/aN;)Z @ 34 c2
Event: 61.295 Thread 0x0000016785924800 DEOPT PACKING pc=0x00000167f38d4e70 sp=0x00000020266f9980
Event: 61.295 Thread 0x0000016785924800 DEOPT UNPACKING pc=0x00000167eb6ba1af sp=0x00000020266f9928 mode 2
Event: 61.295 Thread 0x0000016785924800 Uncommon trap: trap_request=0xffffff4d fr.pc=0x00000167f38d4e70 relative=0x0000000000000550
Event: 61.295 Thread 0x0000016785924800 Uncommon trap: reason=unstable_if action=reinterpret pc=0x00000167f38d4e70 method=com.android.tools.r8.internal.Yv.a(Ljava/util/Iterator;Lcom/android/tools/r8/internal/aN;)Z @ 34 c2
Event: 61.295 Thread 0x0000016785924800 DEOPT PACKING pc=0x00000167f38d4e70 sp=0x00000020266f9ab0
Event: 61.295 Thread 0x0000016785924800 DEOPT UNPACKING pc=0x00000167eb6ba1af sp=0x00000020266f9a58 mode 2
Event: 61.311 Thread 0x000001678730b800 DEOPT PACKING pc=0x00000167edf39d4e sp=0x0000002027cf8e80
Event: 61.311 Thread 0x000001678730b800 DEOPT UNPACKING pc=0x00000167eb6ba95e sp=0x0000002027cf8718 mode 0
Event: 61.472 Thread 0x000001678730b800 DEOPT PACKING pc=0x00000167ee5fdf81 sp=0x0000002027cf9500
Event: 61.472 Thread 0x000001678730b800 DEOPT UNPACKING pc=0x00000167eb6ba95e sp=0x0000002027cf89c0 mode 0

Classes redefined (0 events):
No events

Internal exceptions (20 events):
Event: 50.802 Thread 0x0000016788731800 Exception <a 'java/lang/NoSuchMethodError'{0x000000008f47d1e8}: 'void java.lang.invoke.DirectMethodHandle$Holder.invokeStatic(java.lang.Object, java.lang.Object, java.lang.Object, java.lang.Object, java.lang.Object, java.lang.Object, java.lang.Object, java.lang.Object)'> (0x000000008f47d1e8) thrown at [./src/hotspot/share/interpreter/linkResolver.cpp, line 773]
Event: 51.346 Thread 0x0000016788731800 Exception <a 'java/lang/IncompatibleClassChangeError'{0x0000000090272e38}: Found class java.lang.Object, but interface was expected> (0x0000000090272e38) thrown at [./src/hotspot/share/interpreter/linkResolver.cpp, line 839]
Event: 51.861 Thread 0x0000016788731800 Exception <a 'java/lang/NoSuchMethodError'{0x000000008d856c00}: 'void java.lang.invoke.DirectMethodHandle$Holder.invokeSpecial(java.lang.Object, java.lang.Object, int)'> (0x000000008d856c00) thrown at [./src/hotspot/share/interpreter/linkResolver.cpp, line 773]
Event: 52.034 Thread 0x0000016788731800 Exception <a 'sun/nio/fs/WindowsException'{0x000000008c99b868}> (0x000000008c99b868) thrown at [./src/hotspot/share/prims/jni.cpp, line 616]
Event: 52.539 Thread 0x0000016788731800 Exception <a 'sun/nio/fs/WindowsException'{0x000000008d5e12e8}> (0x000000008d5e12e8) thrown at [./src/hotspot/share/prims/jni.cpp, line 616]
Event: 53.845 Thread 0x0000016788731800 Exception <a 'sun/nio/fs/WindowsException'{0x000000008d062088}> (0x000000008d062088) thrown at [./src/hotspot/share/prims/jni.cpp, line 616]
Event: 53.999 Thread 0x0000016788731800 Exception <a 'sun/nio/fs/WindowsException'{0x000000008b067c68}> (0x000000008b067c68) thrown at [./src/hotspot/share/prims/jni.cpp, line 616]
Event: 54.479 Thread 0x0000016788731800 Exception <a 'sun/nio/fs/WindowsException'{0x000000008f6499f8}> (0x000000008f6499f8) thrown at [./src/hotspot/share/prims/jni.cpp, line 616]
Event: 54.901 Thread 0x0000016788731800 Exception <a 'sun/nio/fs/WindowsException'{0x000000008be2e200}> (0x000000008be2e200) thrown at [./src/hotspot/share/prims/jni.cpp, line 616]
Event: 58.994 Thread 0x0000016787310800 Implicit null exception at 0x00000167f39a8a64 to 0x00000167f39ac824
Event: 59.186 Thread 0x0000016788731800 Exception <a 'sun/nio/fs/WindowsException'{0x000000008e38cac8}> (0x000000008e38cac8) thrown at [./src/hotspot/share/prims/jni.cpp, line 616]
Event: 59.840 Thread 0x0000016788731800 Exception <a 'sun/nio/fs/WindowsException'{0x000000008baa2d38}> (0x000000008baa2d38) thrown at [./src/hotspot/share/prims/jni.cpp, line 616]
Event: 59.974 Thread 0x0000016785924800 Implicit null exception at 0x00000167f39b94a4 to 0x00000167f39bb944
Event: 60.673 Thread 0x0000016788731800 Exception <a 'sun/nio/fs/WindowsException'{0x000000008f7f4438}> (0x000000008f7f4438) thrown at [./src/hotspot/share/prims/jni.cpp, line 616]
Event: 60.743 Thread 0x0000016788731800 Exception <a 'sun/nio/fs/WindowsException'{0x000000008ea2d3c8}> (0x000000008ea2d3c8) thrown at [./src/hotspot/share/prims/jni.cpp, line 616]
Event: 61.295 Thread 0x0000016785924800 Exception <a 'java/lang/NoSuchMethodError'{0x00000000902e34c8}: 'java.lang.Object java.lang.invoke.DirectMethodHandle$Holder.invokeSpecial(java.lang.Object, java.lang.Object, java.lang.Object, java.lang.Object, java.lang.Object, java.lang.Object, java.lang.Object, java.lang.Object, java.lang.Object, java.lang.Object, java.lang.Object)'> (0x00000000902e34c8) thrown at [./src/hotspot/share/interpreter/linkResolver.cpp, line 773]
Event: 61.297 Thread 0x0000016785924800 Exception <a 'java/lang/NoSuchMethodError'{0x00000000902eee68}: 'java.lang.Object java.lang.invoke.Invokers$Holder.linkToTargetMethod(java.lang.Object, java.lang.Object, java.lang.Object, java.lang.Object, java.lang.Object, java.lang.Object, java.lang.Object, java.lang.Object, java.lang.Object, java.lang.Object)'> (0x00000000902eee68) thrown at [./src/hotspot/share/interpreter/linkResolver.cpp, line 773]
Event: 61.348 Thread 0x0000016788731800 Exception <a 'sun/nio/fs/WindowsException'{0x000000008e562890}> (0x000000008e562890) thrown at [./src/hotspot/share/prims/jni.cpp, line 616]
Event: 61.418 Thread 0x0000016785924800 Exception <a 'java/lang/IncompatibleClassChangeError'{0x000000008ecf6130}: Found class java.lang.Object, but interface was expected> (0x000000008ecf6130) thrown at [./src/hotspot/share/interpreter/linkResolver.cpp, line 839]
Event: 61.425 Thread 0x0000016788731800 Exception <a 'sun/nio/fs/WindowsException'{0x000000008d863598}> (0x000000008d863598) thrown at [./src/hotspot/share/prims/jni.cpp, line 616]

Events (20 events):
Event: 61.471 loading class com/android/tools/r8/internal/nn done
Event: 61.473 loading class com/android/tools/r8/internal/vB
Event: 61.473 loading class com/android/tools/r8/internal/vB done
Event: 61.474 loading class com/android/tools/r8/graph/n0
Event: 61.474 loading class com/android/tools/r8/graph/n0 done
Event: 61.474 loading class com/android/tools/r8/internal/BB
Event: 61.474 loading class com/android/tools/r8/internal/BB done
Event: 61.488 loading class com/android/tools/r8/graph/W0
Event: 61.488 loading class com/android/tools/r8/graph/W0 done
Event: 61.488 loading class com/android/tools/r8/graph/W0
Event: 61.488 loading class com/android/tools/r8/graph/W0 done
Event: 61.488 loading class com/android/tools/r8/graph/W0$a
Event: 61.488 loading class com/android/tools/r8/graph/W0$a done
Event: 61.489 loading class com/android/tools/r8/internal/El
Event: 61.489 loading class com/android/tools/r8/internal/El done
Event: 61.489 loading class com/android/tools/r8/graph/b1
Event: 61.489 loading class com/android/tools/r8/graph/b1 done
Event: 61.489 loading class com/android/tools/r8/internal/El
Event: 61.489 loading class com/android/tools/r8/internal/El done
Event: 61.552 Executing VM operation: G1CollectForAllocation


Dynamic libraries:
0x00007ff709f20000 - 0x00007ff709f2a000 	C:\Program Files\Android\Android Studio\jre\bin\java.exe
0x00007ffb84730000 - 0x00007ffb84928000 	C:\WINDOWS\SYSTEM32\ntdll.dll
0x00007ffb82940000 - 0x00007ffb829ff000 	C:\WINDOWS\System32\KERNEL32.DLL
0x00007ffb82110000 - 0x00007ffb823e2000 	C:\WINDOWS\System32\KERNELBASE.dll
0x00007ffb825c0000 - 0x00007ffb826c0000 	C:\WINDOWS\System32\ucrtbase.dll
0x00007ffb6af60000 - 0x00007ffb6af77000 	C:\Program Files\Android\Android Studio\jre\bin\VCRUNTIME140.dll
0x00007ffb62d00000 - 0x00007ffb62d19000 	C:\Program Files\Android\Android Studio\jre\bin\jli.dll
0x00007ffb84410000 - 0x00007ffb845b1000 	C:\WINDOWS\System32\USER32.dll
0x00007ffb82740000 - 0x00007ffb82762000 	C:\WINDOWS\System32\win32u.dll
0x00007ffb82770000 - 0x00007ffb8279b000 	C:\WINDOWS\System32\GDI32.dll
0x00007ffb81e20000 - 0x00007ffb81f2f000 	C:\WINDOWS\System32\gdi32full.dll
0x00007ffb72670000 - 0x00007ffb7290a000 	C:\WINDOWS\WinSxS\amd64_microsoft.windows.common-controls_6595b64144ccf1df_6.0.19041.1110_none_60b5254171f9507e\COMCTL32.dll
0x00007ffb82b60000 - 0x00007ffb82bfe000 	C:\WINDOWS\System32\msvcrt.dll
0x00007ffb82070000 - 0x00007ffb8210d000 	C:\WINDOWS\System32\msvcp_win.dll
0x00007ffb82dd0000 - 0x00007ffb82e02000 	C:\WINDOWS\System32\IMM32.DLL
0x00007ffb4d230000 - 0x00007ffb4d2cd000 	C:\Program Files\Android\Android Studio\jre\bin\msvcp140.dll
0x00007ffb22460000 - 0x00007ffb22f62000 	C:\Program Files\Android\Android Studio\jre\bin\server\jvm.dll
0x00007ffb832b0000 - 0x00007ffb8335e000 	C:\WINDOWS\System32\ADVAPI32.dll
0x00007ffb82ac0000 - 0x00007ffb82b5c000 	C:\WINDOWS\System32\sechost.dll
0x00007ffb82810000 - 0x00007ffb82935000 	C:\WINDOWS\System32\RPCRT4.dll
0x00007ffb83370000 - 0x00007ffb83378000 	C:\WINDOWS\System32\PSAPI.DLL
0x00007ffb7dcc0000 - 0x00007ffb7dcc9000 	C:\WINDOWS\SYSTEM32\WSOCK32.dll
0x00007ffb7b4e0000 - 0x00007ffb7b4ea000 	C:\WINDOWS\SYSTEM32\VERSION.dll
0x00007ffb827a0000 - 0x00007ffb8280b000 	C:\WINDOWS\System32\WS2_32.dll
0x00007ffb78040000 - 0x00007ffb78067000 	C:\WINDOWS\SYSTEM32\WINMM.dll
0x00007ffb7fce0000 - 0x00007ffb7fcf2000 	C:\WINDOWS\SYSTEM32\kernel.appcore.dll
0x00007ffb7cfe0000 - 0x00007ffb7cff1000 	C:\Program Files\Android\Android Studio\jre\bin\verify.dll
0x00007ffb6ff50000 - 0x00007ffb70134000 	C:\WINDOWS\SYSTEM32\DBGHELP.DLL
0x00007ffb6fec0000 - 0x00007ffb6fef5000 	C:\WINDOWS\SYSTEM32\dbgcore.DLL
0x00007ffb81f30000 - 0x00007ffb81fb2000 	C:\WINDOWS\System32\bcryptPrimitives.dll
0x00007ffb7ce20000 - 0x00007ffb7ce49000 	C:\Program Files\Android\Android Studio\jre\bin\java.dll
0x00007ffb7dbe0000 - 0x00007ffb7dbeb000 	C:\Program Files\Android\Android Studio\jre\bin\jimage.dll
0x00007ffb7bd10000 - 0x00007ffb7bd28000 	C:\Program Files\Android\Android Studio\jre\bin\zip.dll
0x00007ffb83c60000 - 0x00007ffb843a4000 	C:\WINDOWS\System32\SHELL32.dll
0x00007ffb7fee0000 - 0x00007ffb80672000 	C:\WINDOWS\SYSTEM32\windows.storage.dll
0x00007ffb83380000 - 0x00007ffb836d5000 	C:\WINDOWS\System32\combase.dll
0x00007ffb81880000 - 0x00007ffb818b0000 	C:\WINDOWS\SYSTEM32\Wldp.dll
0x00007ffb845e0000 - 0x00007ffb8468d000 	C:\WINDOWS\System32\SHCORE.dll
0x00007ffb82a60000 - 0x00007ffb82ab5000 	C:\WINDOWS\System32\shlwapi.dll
0x00007ffb81d60000 - 0x00007ffb81d7f000 	C:\WINDOWS\SYSTEM32\profapi.dll
0x00007ffb7bcf0000 - 0x00007ffb7bd0a000 	C:\Program Files\Android\Android Studio\jre\bin\net.dll
0x00007ffb7a570000 - 0x00007ffb7a67c000 	C:\WINDOWS\SYSTEM32\WINHTTP.dll
0x00007ffb815e0000 - 0x00007ffb8164a000 	C:\WINDOWS\system32\mswsock.dll
0x00007ffb73690000 - 0x00007ffb736a4000 	C:\Program Files\Android\Android Studio\jre\bin\nio.dll
0x00007ffb62290000 - 0x00007ffb622b7000 	C:\Users\Lenovo\.gradle\native\e1d6ef7f7dcc3fd88c89a11ec53ec762bb8ba0a96d01ffa2cd45eb1d1d8dd5c5\windows-amd64\native-platform.dll
0x00007ffb5cbd0000 - 0x00007ffb5cd14000 	C:\Users\Lenovo\.gradle\native\0d407fdbe67a94daf76414ababcb853783967236a71b16ec16e742cd7a986fd3\windows-amd64\native-platform-file-events.dll
0x00007ffb7d720000 - 0x00007ffb7d72a000 	C:\Program Files\Android\Android Studio\jre\bin\management.dll
0x00007ffb7d700000 - 0x00007ffb7d70d000 	C:\Program Files\Android\Android Studio\jre\bin\management_ext.dll
0x00007ffb817e0000 - 0x00007ffb817f8000 	C:\WINDOWS\SYSTEM32\CRYPTSP.dll
0x00007ffb80e90000 - 0x00007ffb80ec4000 	C:\WINDOWS\system32\rsaenh.dll
0x00007ffb826c0000 - 0x00007ffb826e7000 	C:\WINDOWS\System32\bcrypt.dll
0x00007ffb81ce0000 - 0x00007ffb81d0e000 	C:\WINDOWS\SYSTEM32\USERENV.dll
0x00007ffb817d0000 - 0x00007ffb817dc000 	C:\WINDOWS\SYSTEM32\CRYPTBASE.dll
0x00007ffb81280000 - 0x00007ffb812bb000 	C:\WINDOWS\SYSTEM32\IPHLPAPI.DLL
0x00007ffb83360000 - 0x00007ffb83368000 	C:\WINDOWS\System32\NSI.dll
0x00007ffb7ace0000 - 0x00007ffb7acf7000 	C:\WINDOWS\SYSTEM32\dhcpcsvc6.DLL
0x00007ffb7ab80000 - 0x00007ffb7ab9d000 	C:\WINDOWS\SYSTEM32\dhcpcsvc.DLL
0x00007ffb812d0000 - 0x00007ffb8139a000 	C:\WINDOWS\SYSTEM32\DNSAPI.dll
0x00007ffb80fb0000 - 0x00007ffb80fe3000 	C:\WINDOWS\SYSTEM32\ntmarta.dll

dbghelp: loaded successfully - version: 4.0.5 - missing functions: none
symbol engine: initialized successfully - sym options: 0x614 - pdb path: .;C:\Program Files\Android\Android Studio\jre\bin;C:\WINDOWS\SYSTEM32;C:\WINDOWS\WinSxS\amd64_microsoft.windows.common-controls_6595b64144ccf1df_6.0.19041.1110_none_60b5254171f9507e;C:\Program Files\Android\Android Studio\jre\bin\server;C:\Users\Lenovo\.gradle\native\e1d6ef7f7dcc3fd88c89a11ec53ec762bb8ba0a96d01ffa2cd45eb1d1d8dd5c5\windows-amd64;C:\Users\Lenovo\.gradle\native\0d407fdbe67a94daf76414ababcb853783967236a71b16ec16e742cd7a986fd3\windows-amd64

VM Arguments:
jvm_args: --add-opens=java.base/java.util=ALL-UNNAMED --add-opens=java.base/java.lang=ALL-UNNAMED --add-opens=java.base/java.lang.invoke=ALL-UNNAMED --add-opens=java.base/java.util=ALL-UNNAMED --add-opens=java.prefs/java.util.prefs=ALL-UNNAMED --add-opens=java.prefs/java.util.prefs=ALL-UNNAMED --add-opens=java.base/java.nio.charset=ALL-UNNAMED --add-opens=java.base/java.net=ALL-UNNAMED --add-opens=java.base/java.util.concurrent.atomic=ALL-UNNAMED -Xmx2048m -Dfile.encoding=UTF-8 -Duser.country=US -Duser.language=en -Duser.variant 
java_command: org.gradle.launcher.daemon.bootstrap.GradleDaemon 7.4
java_class_path (initial): C:\Users\Lenovo\.gradle\wrapper\dists\gradle-7.4-bin\c0gwcg53nkjbqw7r0h0umtfvt\gradle-7.4\lib\gradle-launcher-7.4.jar
Launcher Type: SUN_STANDARD

[Global flags]
     intx CICompilerCount                          = 3                                         {product} {ergonomic}
     uint ConcGCThreads                            = 1                                         {product} {ergonomic}
     uint G1ConcRefinementThreads                  = 4                                         {product} {ergonomic}
   size_t G1HeapRegionSize                         = 1048576                                   {product} {ergonomic}
    uintx GCDrainStackTargetSize                   = 64                                        {product} {ergonomic}
   size_t InitialHeapSize                          = 201326592                                 {product} {ergonomic}
   size_t MarkStackSize                            = 4194304                                   {product} {ergonomic}
   size_t MaxHeapSize                              = 2147483648                                {product} {command line}
   size_t MaxNewSize                               = 1287651328                                {product} {ergonomic}
   size_t MinHeapDeltaBytes                        = 1048576                                   {product} {ergonomic}
    uintx NonNMethodCodeHeapSize                   = 5830732                                {pd product} {ergonomic}
    uintx NonProfiledCodeHeapSize                  = 122913754                              {pd product} {ergonomic}
    uintx ProfiledCodeHeapSize                     = 122913754                              {pd product} {ergonomic}
    uintx ReservedCodeCacheSize                    = 251658240                              {pd product} {ergonomic}
     bool SegmentedCodeCache                       = true                                      {product} {ergonomic}
     bool UseCompressedClassPointers               = true                                 {lp64_product} {ergonomic}
     bool UseCompressedOops                        = true                                 {lp64_product} {ergonomic}
     bool UseG1GC                                  = true                                      {product} {ergonomic}
     bool UseLargePagesIndividualAllocation        = false                                  {pd product} {ergonomic}

Logging:
Log output configuration:
 #0: stdout all=warning uptime,level,tags
 #1: stderr all=off uptime,level,tags

Environment Variables:
JAVA_HOME=C:\Program Files\Java\jdk-13.0.1
PATH=C:\Program Files\Common Files\Oracle\Java\javapath;C:\Program Files (x86)\Intel\iCLS Client\;C:\Program Files\Intel\iCLS Client\;C:\Windows\system32;C:\Windows;C:\Windows\System32\Wbem;C:\Windows\System32\WindowsPowerShell\v1.0\;C:\Program Files (x86)\Intel\Intel(R) Management Engine Components\DAL;C:\Program Files\Intel\Intel(R) Management Engine Components\DAL;C:\Program Files (x86)\Intel\Intel(R) Management Engine Components\IPT;C:\Program Files\Intel\Intel(R) Management Engine Components\IPT;C:\WINDOWS\system32;C:\WINDOWS;C:\WINDOWS\System32\Wbem;C:\WINDOWS\System32\WindowsPowerShell\v1.0\;C:\WINDOWS\System32\OpenSSH\;C:\Program Files\Java\jdk-13.0.1\bin;C:\Program Files\Git\cmd;C:\Program Files (x86)\Microsoft SQL Server\110\Tools\Binn\;C:\Program Files\Microsoft SQL Server\110\Tools\Binn\;C:\Program Files\Microsoft SQL Server\110\DTS\Binn\;C:\Program Files (x86)\Microsoft SQL Server\110\Tools\Binn\ManagementStudio\;C:\Program Files (x86)\Microsoft SQL Server\110\DTS\Binn\;D:\Programs\MATLAB\R2014b\runtime\win64;D:\Programs\MATLAB\R2014b\bin;C:\Program Files (x86)\NVIDIA Corporation\PhysX\Common;C:\Program Files\NVIDIA Corporation\NVIDIA NvDLISR;C:\Users\Lenovo\AppData\Local\Microsoft\WindowsApps;C:\Users\Lenovo\AppData\Local\Programs\Microsoft VS Code\bin;C:\Users\Lenovo\AppData\Local\GitHubDesktop\bin
USERNAME=Lenovo
OS=Windows_NT
PROCESSOR_IDENTIFIER=Intel64 Family 6 Model 142 Stepping 9, GenuineIntel



---------------  S Y S T E M  ---------------

OS: Windows 10 , 64 bit Build 19041 (10.0.19041.2364)
OS uptime: 0 days 10:55 hours

CPU:total 4 (initial active 4) (2 cores per cpu, 2 threads per core) family 6 model 142 stepping 9 microcode 0xb4, cmov, cx8, fxsr, mmx, sse, sse2, sse3, ssse3, sse4.1, sse4.2, popcnt, avx, avx2, aes, clmul, erms, 3dnowpref, lzcnt, ht, tsc, tscinvbit, bmi1, bmi2, adx, fma

Memory: 4k page, system-wide physical 12162M (304M free)
TotalPageFile size 26302M (AvailPageFile size 19M)
current process WorkingSet (physical memory assigned to process): 619M, peak: 624M
current process commit charge ("private bytes"): 721M, peak: 784M

vm_info: OpenJDK 64-Bit Server VM (11.0.13+0-b1751.21-8125866) for windows-amd64 JRE (11.0.13+0-b1751.21-8125866), built on Feb  2 2022 03:00:22 by "builder" with MS VC++ 14.0 (VS2015)

END.
