#
# There is insufficient memory for the Java Runtime Environment to continue.
# Native memory allocation (malloc) failed to allocate 198736 bytes for Chunk::new
# Possible reasons:
#   The system is out of physical RAM or swap space
#   The process is running with CompressedOops enabled, and the Java Heap may be blocking the growth of the native heap
# Possible solutions:
#   Reduce memory load on the system
#   Increase physical memory or swap space
#   Check if swap backing store is full
#   Decrease Java heap size (-Xmx/-Xms)
#   Decrease number of Java threads
#   Decrease Java thread stack sizes (-Xss)
#   Set larger code cache with -XX:ReservedCodeCacheSize=
#   JVM is running with Unscaled Compressed Oops mode in which the Java heap is
#     placed in the first 4GB address space. The Java Heap base address is the
#     maximum limit for the native heap growth. Please use -XX:HeapBaseMinAddress
#     to set the Java Heap base and to place the Java Heap above 4GB virtual address.
# This output file may be truncated or incomplete.
#
#  Out of Memory Error (./src/hotspot/share/memory/arena.cpp:197), pid=6732, tid=11040
#
# JRE version: OpenJDK Runtime Environment (11.0.13) (build 11.0.13+0-b1751.21-8125866)
# Java VM: OpenJDK 64-Bit Server VM (11.0.13+0-b1751.21-8125866, mixed mode, tiered, compressed oops, g1 gc, windows-amd64)
# No core dump will be written. Minidumps are not enabled by default on client versions of Windows
#

---------------  S U M M A R Y ------------

Command Line: --add-opens=java.base/java.util=ALL-UNNAMED --add-opens=java.base/java.lang=ALL-UNNAMED --add-opens=java.base/java.lang.invoke=ALL-UNNAMED --add-opens=java.base/java.util=ALL-UNNAMED --add-opens=java.prefs/java.util.prefs=ALL-UNNAMED --add-opens=java.prefs/java.util.prefs=ALL-UNNAMED --add-opens=java.base/java.nio.charset=ALL-UNNAMED --add-opens=java.base/java.net=ALL-UNNAMED --add-opens=java.base/java.util.concurrent.atomic=ALL-UNNAMED -Xmx2048m -Dfile.encoding=UTF-8 -Duser.country=US -Duser.language=en -Duser.variant org.gradle.launcher.daemon.bootstrap.GradleDaemon 7.4

Host: Intel(R) Core(TM) i3-7100U CPU @ 2.40GHz, 4 cores, 11G,  Windows 10 , 64 bit Build 19041 (10.0.19041.2364)
Time: Sat Dec 17 01:38:44 2022 Bangladesh Standard Time elapsed time: 122.832947 seconds (0d 0h 2m 2s)

---------------  T H R E A D  ---------------

Current thread (0x0000024ef9966800):  JavaThread "C2 CompilerThread0" daemon [_thread_in_native, id=11040, stack(0x000000b668600000,0x000000b668700000)]


Current CompileTask:
C2: 122833 17411       4       org.apache.xerces.impl.XMLEntityScanner::scanLiteral (746 bytes)

Stack: [0x000000b668600000,0x000000b668700000]
Native frames: (J=compiled Java code, j=interpreted, Vv=VM code, C=native code)
V  [jvm.dll+0x6100fa]
V  [jvm.dll+0x747090]
V  [jvm.dll+0x7486ad]
V  [jvm.dll+0x748d83]
V  [jvm.dll+0x24ab48]
V  [jvm.dll+0xc04dc]
V  [jvm.dll+0xc0a0c]
V  [jvm.dll+0x35eb5b]
V  [jvm.dll+0x19d9bc]
V  [jvm.dll+0x2033be]
V  [jvm.dll+0x202437]
V  [jvm.dll+0x188e01]
V  [jvm.dll+0x21106b]
V  [jvm.dll+0x20f8c1]
V  [jvm.dll+0x70de0f]
V  [jvm.dll+0x706a75]
V  [jvm.dll+0x60ed66]
C  [ucrtbase.dll+0x21bb2]
C  [KERNEL32.DLL+0x17614]
C  [ntdll.dll+0x526a1]


---------------  P R O C E S S  ---------------

Threads class SMR info:
_java_thread_list=0x0000024efac5d870, length=88, elements={
0x0000024eee4ac800, 0x0000024ef9100800, 0x0000024ef9102000, 0x0000024ef9109800,
0x0000024ef910a800, 0x0000024ef910e000, 0x0000024ef9966800, 0x0000024ef99c5000,
0x0000024ef99c6000, 0x0000024ef9ac2000, 0x0000024efbf8f000, 0x0000024efae39000,
0x0000024efb09b000, 0x0000024efb5de800, 0x0000024efae79800, 0x0000024efbc5a800,
0x0000024efbc5d000, 0x0000024efbc5c000, 0x0000024efbc5b800, 0x0000024efbc5e000,
0x0000024efbc5e800, 0x0000024efbc59000, 0x0000024efbc5f800, 0x0000024efbc5a000,
0x0000024efc33e800, 0x0000024efc33c000, 0x0000024efad65000, 0x0000024efc33c800,
0x0000024efc33f000, 0x0000024efc33b000, 0x0000024efc33d800, 0x0000024efc339800,
0x0000024efc33a800, 0x0000024efc345800, 0x0000024efc342800, 0x0000024efc345000,
0x0000024efc346800, 0x0000024efc341000, 0x0000024efc341800, 0x0000024efc343800,
0x0000024efc344000, 0x0000024efc347800, 0x0000024efc348000, 0x0000024efad5c800,
0x0000024efad5c000, 0x0000024efad5b000, 0x0000024efad59800, 0x0000024efad5d800,
0x0000024efad58800, 0x0000024efad5e800, 0x0000024efad5f000, 0x0000024efad60000,
0x0000024efad5a000, 0x0000024efad63000, 0x0000024efad61000, 0x0000024efad67800,
0x0000024efad66800, 0x0000024efad61800, 0x0000024efad62800, 0x0000024e8ff10800,
0x0000024e8ff0e000, 0x0000024e8ff0f800, 0x0000024e8ff11000, 0x0000024e8ff0c800,
0x0000024e8ff12000, 0x0000024e8ff0d000, 0x0000024e8ff13000, 0x0000024e8ff0f000,
0x0000024efc06a000, 0x0000024efc06c000, 0x0000024efc06b000, 0x0000024efc068000,
0x0000024efc06d800, 0x0000024efc06c800, 0x0000024efc06e800, 0x0000024efc068800,
0x0000024efc069800, 0x0000024efdbfc000, 0x0000024efdc01000, 0x0000024efdc03800,
0x0000024efdc00800, 0x0000024efdc02000, 0x0000024efdc02800, 0x0000024efdbfe000,
0x0000024efdc04800, 0x0000024efdbfe800, 0x0000024efdc05000, 0x0000024efdbff800
}

Java Threads: ( => current thread )
  0x0000024eee4ac800 JavaThread "main" [_thread_blocked, id=17004, stack(0x000000b667a00000,0x000000b667b00000)]
  0x0000024ef9100800 JavaThread "Reference Handler" daemon [_thread_blocked, id=9896, stack(0x000000b668100000,0x000000b668200000)]
  0x0000024ef9102000 JavaThread "Finalizer" daemon [_thread_blocked, id=4980, stack(0x000000b668200000,0x000000b668300000)]
  0x0000024ef9109800 JavaThread "Signal Dispatcher" daemon [_thread_blocked, id=12504, stack(0x000000b668300000,0x000000b668400000)]
  0x0000024ef910a800 JavaThread "Attach Listener" daemon [_thread_blocked, id=5992, stack(0x000000b668400000,0x000000b668500000)]
  0x0000024ef910e000 JavaThread "Service Thread" daemon [_thread_blocked, id=7880, stack(0x000000b668500000,0x000000b668600000)]
=>0x0000024ef9966800 JavaThread "C2 CompilerThread0" daemon [_thread_in_native, id=11040, stack(0x000000b668600000,0x000000b668700000)]
  0x0000024ef99c5000 JavaThread "C1 CompilerThread0" daemon [_thread_blocked, id=7132, stack(0x000000b668700000,0x000000b668800000)]
  0x0000024ef99c6000 JavaThread "Sweeper thread" daemon [_thread_blocked, id=8548, stack(0x000000b668800000,0x000000b668900000)]
  0x0000024ef9ac2000 JavaThread "Common-Cleaner" daemon [_thread_blocked, id=17096, stack(0x000000b668900000,0x000000b668a00000)]
  0x0000024efbf8f000 JavaThread "Daemon health stats" [_thread_blocked, id=16664, stack(0x000000b668f00000,0x000000b669000000)]
  0x0000024efae39000 JavaThread "Incoming local TCP Connector on port 4580" [_thread_in_native, id=11732, stack(0x000000b668b00000,0x000000b668c00000)]
  0x0000024efb09b000 JavaThread "Daemon periodic checks" [_thread_blocked, id=13164, stack(0x000000b669000000,0x000000b669100000)]
  0x0000024efb5de800 JavaThread "Daemon" [_thread_blocked, id=15640, stack(0x000000b669100000,0x000000b669200000)]
  0x0000024efae79800 JavaThread "Daemon worker" [_thread_blocked, id=444, stack(0x000000b669400000,0x000000b669500000)]
  0x0000024efbc5a800 JavaThread "Cache worker for journal cache (C:\Users\Lenovo\.gradle\caches\journal-1)" [_thread_in_native, id=14960, stack(0x000000b669800000,0x000000b669900000)]
  0x0000024efbc5d000 JavaThread "File lock request listener" [_thread_in_native, id=1540, stack(0x000000b669900000,0x000000b669a00000)]
  0x0000024efbc5c000 JavaThread "Cache worker for file hash cache (C:\Users\Lenovo\.gradle\caches\7.4\fileHashes)" [_thread_blocked, id=16468, stack(0x000000b669a00000,0x000000b669b00000)]
  0x0000024efbc5b800 JavaThread "File watcher server" daemon [_thread_in_native, id=7456, stack(0x000000b669c00000,0x000000b669d00000)]
  0x0000024efbc5e000 JavaThread "File watcher consumer" daemon [_thread_blocked, id=13532, stack(0x000000b669d00000,0x000000b669e00000)]
  0x0000024efbc5e800 JavaThread "jar transforms" [_thread_blocked, id=13336, stack(0x000000b669e00000,0x000000b669f00000)]
  0x0000024efbc59000 JavaThread "jar transforms Thread 2" [_thread_blocked, id=5828, stack(0x000000b669f00000,0x000000b66a000000)]
  0x0000024efbc5f800 JavaThread "jar transforms Thread 3" [_thread_blocked, id=5100, stack(0x000000b66a000000,0x000000b66a100000)]
  0x0000024efbc5a000 JavaThread "jar transforms Thread 4" [_thread_blocked, id=16272, stack(0x000000b66a100000,0x000000b66a200000)]
  0x0000024efc33e800 JavaThread "Cache worker for execution history cache (C:\Users\Lenovo\.gradle\caches\7.4\executionHistory)" [_thread_blocked, id=17292, stack(0x000000b66a600000,0x000000b66a700000)]
  0x0000024efc33c000 JavaThread "Cache worker for file content cache (C:\Users\Lenovo\.gradle\caches\7.4\fileContent)" [_thread_blocked, id=17008, stack(0x000000b66a700000,0x000000b66a800000)]
  0x0000024efad65000 JavaThread "Memory manager" [_thread_blocked, id=4760, stack(0x000000b66d200000,0x000000b66d300000)]
  0x0000024efc33c800 JavaThread "Handler for socket connection from /127.0.0.1:4580 to /127.0.0.1:4610" [_thread_in_native, id=14364, stack(0x000000b667800000,0x000000b667900000)]
  0x0000024efc33f000 JavaThread "Cancel handler" [_thread_blocked, id=9524, stack(0x000000b667900000,0x000000b667a00000)]
  0x0000024efc33b000 JavaThread "Asynchronous log dispatcher for DefaultDaemonConnection: socket connection from /127.0.0.1:4580 to /127.0.0.1:4610" [_thread_blocked, id=10128, stack(0x000000b669200000,0x000000b669300000)]
  0x0000024efc33d800 JavaThread "Stdin handler" [_thread_blocked, id=10488, stack(0x000000b669300000,0x000000b669400000)]
  0x0000024efc339800 JavaThread "Daemon client event forwarder" [_thread_blocked, id=16852, stack(0x000000b669500000,0x000000b669600000)]
  0x0000024efc33a800 JavaThread "Cache worker for checksums cache (C:\Users\Lenovo\AndroidStudioProjects\MyFirebase\.gradle\7.4\checksums)" [_thread_blocked, id=5076, stack(0x000000b669600000,0x000000b669700000)]
  0x0000024efc345800 JavaThread "Cache worker for cache directory md-rule (C:\Users\Lenovo\.gradle\caches\7.4\md-rule)" [_thread_blocked, id=12272, stack(0x000000b669700000,0x000000b669800000)]
  0x0000024efc342800 JavaThread "Cache worker for file hash cache (C:\Users\Lenovo\AndroidStudioProjects\MyFirebase\.gradle\7.4\fileHashes)" [_thread_blocked, id=16376, stack(0x000000b66a200000,0x000000b66a300000)]
  0x0000024efc345000 JavaThread "Cache worker for cache directory md-supplier (C:\Users\Lenovo\.gradle\caches\7.4\md-supplier)" [_thread_blocked, id=16068, stack(0x000000b66a300000,0x000000b66a400000)]
  0x0000024efc346800 JavaThread "Cache worker for dependencies-accessors (C:\Users\Lenovo\AndroidStudioProjects\MyFirebase\.gradle\7.4\dependencies-accessors)" [_thread_blocked, id=12024, stack(0x000000b66a400000,0x000000b66a500000)]
  0x0000024efc341000 JavaThread "Cache worker for Build Output Cleanup Cache (C:\Users\Lenovo\AndroidStudioProjects\MyFirebase\.gradle\buildOutputCleanup)" [_thread_in_native, id=15880, stack(0x000000b66a500000,0x000000b66a600000)]
  0x0000024efc341800 JavaThread "Unconstrained build operations" [_thread_blocked, id=17360, stack(0x000000b66a800000,0x000000b66a900000)]
  0x0000024efc343800 JavaThread "Unconstrained build operations Thread 2" [_thread_blocked, id=16696, stack(0x000000b66a900000,0x000000b66aa00000)]
  0x0000024efc344000 JavaThread "Unconstrained build operations Thread 3" [_thread_blocked, id=14008, stack(0x000000b66aa00000,0x000000b66ab00000)]
  0x0000024efc347800 JavaThread "Unconstrained build operations Thread 4" [_thread_blocked, id=8524, stack(0x000000b66ab00000,0x000000b66ac00000)]
  0x0000024efc348000 JavaThread "Unconstrained build operations Thread 5" [_thread_blocked, id=13916, stack(0x000000b66ac00000,0x000000b66ad00000)]
  0x0000024efad5c800 JavaThread "Unconstrained build operations Thread 6" [_thread_blocked, id=16532, stack(0x000000b66ad00000,0x000000b66ae00000)]
  0x0000024efad5c000 JavaThread "Unconstrained build operations Thread 7" [_thread_blocked, id=15908, stack(0x000000b66ae00000,0x000000b66af00000)]
  0x0000024efad5b000 JavaThread "Unconstrained build operations Thread 8" [_thread_blocked, id=10172, stack(0x000000b66af00000,0x000000b66b000000)]
  0x0000024efad59800 JavaThread "Unconstrained build operations Thread 9" [_thread_blocked, id=13664, stack(0x000000b66b000000,0x000000b66b100000)]
  0x0000024efad5d800 JavaThread "Unconstrained build operations Thread 10" [_thread_blocked, id=12464, stack(0x000000b66b100000,0x000000b66b200000)]
  0x0000024efad58800 JavaThread "Unconstrained build operations Thread 11" [_thread_blocked, id=17160, stack(0x000000b66b200000,0x000000b66b300000)]
  0x0000024efad5e800 JavaThread "Unconstrained build operations Thread 12" [_thread_blocked, id=16924, stack(0x000000b66b300000,0x000000b66b400000)]
  0x0000024efad5f000 JavaThread "Unconstrained build operations Thread 13" [_thread_blocked, id=10984, stack(0x000000b66b400000,0x000000b66b500000)]
  0x0000024efad60000 JavaThread "Unconstrained build operations Thread 14" [_thread_blocked, id=5624, stack(0x000000b66b500000,0x000000b66b600000)]
  0x0000024efad5a000 JavaThread "Unconstrained build operations Thread 15" [_thread_blocked, id=2676, stack(0x000000b66b600000,0x000000b66b700000)]
  0x0000024efad63000 JavaThread "Unconstrained build operations Thread 16" [_thread_blocked, id=11472, stack(0x000000b66b700000,0x000000b66b800000)]
  0x0000024efad61000 JavaThread "Unconstrained build operations Thread 17" [_thread_blocked, id=14508, stack(0x000000b66b800000,0x000000b66b900000)]
  0x0000024efad67800 JavaThread "Unconstrained build operations Thread 18" [_thread_blocked, id=14464, stack(0x000000b66b900000,0x000000b66ba00000)]
  0x0000024efad66800 JavaThread "Unconstrained build operations Thread 19" [_thread_blocked, id=8420, stack(0x000000b66ba00000,0x000000b66bb00000)]
  0x0000024efad61800 JavaThread "Unconstrained build operations Thread 20" [_thread_blocked, id=14844, stack(0x000000b66bb00000,0x000000b66bc00000)]
  0x0000024efad62800 JavaThread "Unconstrained build operations Thread 21" [_thread_blocked, id=14140, stack(0x000000b66bc00000,0x000000b66bd00000)]
  0x0000024e8ff10800 JavaThread "Unconstrained build operations Thread 22" [_thread_blocked, id=5948, stack(0x000000b66bd00000,0x000000b66be00000)]
  0x0000024e8ff0e000 JavaThread "Unconstrained build operations Thread 23" [_thread_blocked, id=16492, stack(0x000000b66be00000,0x000000b66bf00000)]
  0x0000024e8ff0f800 JavaThread "Unconstrained build operations Thread 24" [_thread_blocked, id=12476, stack(0x000000b66bf00000,0x000000b66c000000)]
  0x0000024e8ff11000 JavaThread "Unconstrained build operations Thread 25" [_thread_blocked, id=17164, stack(0x000000b66c000000,0x000000b66c100000)]
  0x0000024e8ff0c800 JavaThread "Unconstrained build operations Thread 26" [_thread_blocked, id=14780, stack(0x000000b66c100000,0x000000b66c200000)]
  0x0000024e8ff12000 JavaThread "Unconstrained build operations Thread 27" [_thread_blocked, id=16980, stack(0x000000b66c200000,0x000000b66c300000)]
  0x0000024e8ff0d000 JavaThread "Unconstrained build operations Thread 28" [_thread_blocked, id=17280, stack(0x000000b66c300000,0x000000b66c400000)]
  0x0000024e8ff13000 JavaThread "Unconstrained build operations Thread 29" [_thread_blocked, id=892, stack(0x000000b66c400000,0x000000b66c500000)]
  0x0000024e8ff0f000 JavaThread "Unconstrained build operations Thread 30" [_thread_blocked, id=2396, stack(0x000000b66c500000,0x000000b66c600000)]
  0x0000024efc06a000 JavaThread "Unconstrained build operations Thread 31" [_thread_blocked, id=11048, stack(0x000000b66c600000,0x000000b66c700000)]
  0x0000024efc06c000 JavaThread "Unconstrained build operations Thread 32" [_thread_blocked, id=10896, stack(0x000000b66c700000,0x000000b66c800000)]
  0x0000024efc06b000 JavaThread "Unconstrained build operations Thread 33" [_thread_blocked, id=1464, stack(0x000000b66c800000,0x000000b66c900000)]
  0x0000024efc068000 JavaThread "Unconstrained build operations Thread 34" [_thread_blocked, id=6944, stack(0x000000b66c900000,0x000000b66ca00000)]
  0x0000024efc06d800 JavaThread "Unconstrained build operations Thread 35" [_thread_blocked, id=16740, stack(0x000000b66ca00000,0x000000b66cb00000)]
  0x0000024efc06c800 JavaThread "Unconstrained build operations Thread 36" [_thread_blocked, id=3344, stack(0x000000b66cb00000,0x000000b66cc00000)]
  0x0000024efc06e800 JavaThread "Unconstrained build operations Thread 37" [_thread_blocked, id=7172, stack(0x000000b66cc00000,0x000000b66cd00000)]
  0x0000024efc068800 JavaThread "Unconstrained build operations Thread 38" [_thread_blocked, id=4584, stack(0x000000b66cd00000,0x000000b66ce00000)]
  0x0000024efc069800 JavaThread "Unconstrained build operations Thread 39" [_thread_blocked, id=13256, stack(0x000000b66ce00000,0x000000b66cf00000)]
  0x0000024efdbfc000 JavaThread "Unconstrained build operations Thread 40" [_thread_blocked, id=13748, stack(0x000000b66cf00000,0x000000b66d000000)]
  0x0000024efdc01000 JavaThread "build event listener" [_thread_blocked, id=11532, stack(0x000000b66d000000,0x000000b66d100000)]
  0x0000024efdc03800 JavaThread "included builds" [_thread_blocked, id=17144, stack(0x000000b66d100000,0x000000b66d200000)]
  0x0000024efdc00800 JavaThread "Execution worker for ':'" [_thread_blocked, id=10656, stack(0x000000b66d300000,0x000000b66d400000)]
  0x0000024efdc02000 JavaThread "Execution worker for ':' Thread 2" [_thread_blocked, id=16572, stack(0x000000b66d400000,0x000000b66d500000)]
  0x0000024efdc02800 JavaThread "Execution worker for ':' Thread 3" [_thread_blocked, id=16060, stack(0x000000b66d500000,0x000000b66d600000)]
  0x0000024efdbfe000 JavaThread "Cache worker for execution history cache (C:\Users\Lenovo\AndroidStudioProjects\MyFirebase\.gradle\7.4\executionHistory)" [_thread_blocked, id=11100, stack(0x000000b66d600000,0x000000b66d700000)]
  0x0000024efdc04800 JavaThread "WorkerExecutor Queue" [_thread_blocked, id=3676, stack(0x000000b66d700000,0x000000b66d800000)]
  0x0000024efdbfe800 JavaThread "WorkerExecutor Queue Thread 2" [_thread_blocked, id=14624, stack(0x000000b66d800000,0x000000b66d900000)]
  0x0000024efdc05000 JavaThread "WorkerExecutor Queue Thread 3" [_thread_blocked, id=9328, stack(0x000000b66da00000,0x000000b66db00000)]
  0x0000024efdbff800 JavaThread "WorkerExecutor Queue Thread 4" [_thread_blocked, id=2796, stack(0x000000b66d900000,0x000000b66da00000)]

Other Threads:
  0x0000024ef9915000 VMThread "VM Thread" [stack: 0x000000b668000000,0x000000b668100000] [id=10352]
  0x0000024ef9b1b800 WatcherThread [stack: 0x000000b668a00000,0x000000b668b00000] [id=14804]
  0x0000024eee4c6000 GCTaskThread "GC Thread#0" [stack: 0x000000b667b00000,0x000000b667c00000] [id=5728]
  0x0000024efa650800 GCTaskThread "GC Thread#1" [stack: 0x000000b668c00000,0x000000b668d00000] [id=10112]
  0x0000024ef9bb7000 GCTaskThread "GC Thread#2" [stack: 0x000000b668d00000,0x000000b668e00000] [id=5496]
  0x0000024efa2d3000 GCTaskThread "GC Thread#3" [stack: 0x000000b668e00000,0x000000b668f00000] [id=5808]
  0x0000024eee4f6000 ConcurrentGCThread "G1 Main Marker" [stack: 0x000000b667c00000,0x000000b667d00000] [id=15740]
  0x0000024eee4f8000 ConcurrentGCThread "G1 Conc#0" [stack: 0x000000b667d00000,0x000000b667e00000] [id=4932]
  0x0000024ef8f3e800 ConcurrentGCThread "G1 Refine#0" [stack: 0x000000b667e00000,0x000000b667f00000] [id=17356]
  0x0000024ef8f3f000 ConcurrentGCThread "G1 Young RemSet Sampling" [stack: 0x000000b667f00000,0x000000b668000000] [id=16340]

Threads with active compile tasks:
C2 CompilerThread0 122892 17411       4       org.apache.xerces.impl.XMLEntityScanner::scanLiteral (746 bytes)

VM state:not at safepoint (normal execution)

VM Mutex/Monitor currently owned by a thread: None

Heap address: 0x0000000080000000, size: 2048 MB, Compressed Oops mode: 32-bit
Narrow klass base: 0x0000000000000000, Narrow klass shift: 3
Compressed class space size: 1073741824 Address: 0x0000000100000000

Heap:
 garbage-first heap   total 236544K, used 189788K [0x0000000080000000, 0x0000000100000000)
  region size 1024K, 13 young (13312K), 2 survivors (2048K)
 Metaspace       used 118233K, capacity 121613K, committed 121716K, reserved 1155072K
  class space    used 14655K, capacity 15853K, committed 15872K, reserved 1048576K
Heap Regions: E=young(eden), S=young(survivor), O=old, HS=humongous(starts), HC=humongous(continues), CS=collection set, F=free, A=archive, TAMS=top-at-mark-start (previous, next)
|   0|0x0000000080000000, 0x0000000080100000, 0x0000000080100000|100%|HS|  |TAMS 0x0000000080100000, 0x0000000080000000| Complete 
|   1|0x0000000080100000, 0x0000000080200000, 0x0000000080200000|100%|HC|  |TAMS 0x0000000080200000, 0x0000000080100000| Complete 
|   2|0x0000000080200000, 0x0000000080300000, 0x0000000080300000|100%|HC|  |TAMS 0x0000000080300000, 0x0000000080200000| Complete 
|   3|0x0000000080300000, 0x0000000080400000, 0x0000000080400000|100%| O|  |TAMS 0x0000000080400000, 0x0000000080300000| Untracked 
|   4|0x0000000080400000, 0x0000000080500000, 0x0000000080500000|100%| O|  |TAMS 0x0000000080500000, 0x0000000080400000| Untracked 
|   5|0x0000000080500000, 0x0000000080600000, 0x0000000080600000|100%| O|  |TAMS 0x0000000080600000, 0x0000000080500000| Untracked 
|   6|0x0000000080600000, 0x0000000080700000, 0x0000000080700000|100%| O|  |TAMS 0x0000000080700000, 0x0000000080600000| Untracked 
|   7|0x0000000080700000, 0x0000000080800000, 0x0000000080800000|100%| O|  |TAMS 0x0000000080800000, 0x0000000080700000| Untracked 
|   8|0x0000000080800000, 0x0000000080900000, 0x0000000080900000|100%| O|  |TAMS 0x0000000080900000, 0x0000000080800000| Untracked 
|   9|0x0000000080900000, 0x0000000080a00000, 0x0000000080a00000|100%| O|  |TAMS 0x0000000080a00000, 0x0000000080900000| Untracked 
|  10|0x0000000080a00000, 0x0000000080b00000, 0x0000000080b00000|100%| O|  |TAMS 0x0000000080b00000, 0x0000000080a00000| Untracked 
|  11|0x0000000080b00000, 0x0000000080c00000, 0x0000000080c00000|100%| O|  |TAMS 0x0000000080c00000, 0x0000000080b00000| Untracked 
|  12|0x0000000080c00000, 0x0000000080d00000, 0x0000000080d00000|100%| O|  |TAMS 0x0000000080d00000, 0x0000000080c00000| Untracked 
|  13|0x0000000080d00000, 0x0000000080e00000, 0x0000000080e00000|100%| O|  |TAMS 0x0000000080e00000, 0x0000000080d00000| Untracked 
|  14|0x0000000080e00000, 0x0000000080f00000, 0x0000000080f00000|100%| O|  |TAMS 0x0000000080f00000, 0x0000000080e00000| Untracked 
|  15|0x0000000080f00000, 0x0000000081000000, 0x0000000081000000|100%| O|  |TAMS 0x0000000081000000, 0x0000000080f00000| Untracked 
|  16|0x0000000081000000, 0x0000000081100000, 0x0000000081100000|100%|HS|  |TAMS 0x0000000081100000, 0x0000000081000000| Complete 
|  17|0x0000000081100000, 0x0000000081200000, 0x0000000081200000|100%|HC|  |TAMS 0x0000000081200000, 0x0000000081100000| Complete 
|  18|0x0000000081200000, 0x0000000081300000, 0x0000000081300000|100%|HS|  |TAMS 0x0000000081300000, 0x0000000081200000| Complete 
|  19|0x0000000081300000, 0x0000000081400000, 0x0000000081400000|100%|HC|  |TAMS 0x0000000081400000, 0x0000000081300000| Complete 
|  20|0x0000000081400000, 0x0000000081500000, 0x0000000081500000|100%|HC|  |TAMS 0x0000000081500000, 0x0000000081400000| Complete 
|  21|0x0000000081500000, 0x0000000081600000, 0x0000000081600000|100%|HS|  |TAMS 0x0000000081600000, 0x0000000081500000| Complete 
|  22|0x0000000081600000, 0x0000000081700000, 0x0000000081700000|100%|HC|  |TAMS 0x0000000081700000, 0x0000000081600000| Complete 
|  23|0x0000000081700000, 0x0000000081800000, 0x0000000081800000|100%|HC|  |TAMS 0x0000000081800000, 0x0000000081700000| Complete 
|  24|0x0000000081800000, 0x0000000081900000, 0x0000000081900000|100%|HS|  |TAMS 0x0000000081900000, 0x0000000081800000| Complete 
|  25|0x0000000081900000, 0x0000000081a00000, 0x0000000081a00000|100%|HC|  |TAMS 0x0000000081a00000, 0x0000000081900000| Complete 
|  26|0x0000000081a00000, 0x0000000081b00000, 0x0000000081b00000|100%|HC|  |TAMS 0x0000000081b00000, 0x0000000081a00000| Complete 
|  27|0x0000000081b00000, 0x0000000081c00000, 0x0000000081c00000|100%|HC|  |TAMS 0x0000000081c00000, 0x0000000081b00000| Complete 
|  28|0x0000000081c00000, 0x0000000081d00000, 0x0000000081d00000|100%|HS|  |TAMS 0x0000000081d00000, 0x0000000081c00000| Complete 
|  29|0x0000000081d00000, 0x0000000081e00000, 0x0000000081e00000|100%|HC|  |TAMS 0x0000000081e00000, 0x0000000081d00000| Complete 
|  30|0x0000000081e00000, 0x0000000081f00000, 0x0000000081f00000|100%|HC|  |TAMS 0x0000000081f00000, 0x0000000081e00000| Complete 
|  31|0x0000000081f00000, 0x0000000082000000, 0x0000000082000000|100%|HC|  |TAMS 0x0000000082000000, 0x0000000081f00000| Complete 
|  32|0x0000000082000000, 0x0000000082100000, 0x0000000082100000|100%|HC|  |TAMS 0x0000000082100000, 0x0000000082000000| Complete 
|  33|0x0000000082100000, 0x0000000082200000, 0x0000000082200000|100%|HS|  |TAMS 0x0000000082200000, 0x0000000082100000| Complete 
|  34|0x0000000082200000, 0x0000000082300000, 0x0000000082300000|100%|HS|  |TAMS 0x0000000082300000, 0x0000000082200000| Complete 
|  35|0x0000000082300000, 0x0000000082400000, 0x0000000082400000|100%| O|  |TAMS 0x0000000082400000, 0x0000000082300000| Untracked 
|  36|0x0000000082400000, 0x0000000082500000, 0x0000000082500000|100%| O|  |TAMS 0x0000000082500000, 0x0000000082400000| Untracked 
|  37|0x0000000082500000, 0x0000000082600000, 0x0000000082600000|100%|HS|  |TAMS 0x0000000082600000, 0x0000000082500000| Complete 
|  38|0x0000000082600000, 0x0000000082700000, 0x0000000082700000|100%|HC|  |TAMS 0x0000000082700000, 0x0000000082600000| Complete 
|  39|0x0000000082700000, 0x0000000082800000, 0x0000000082800000|100%|HC|  |TAMS 0x0000000082800000, 0x0000000082700000| Complete 
|  40|0x0000000082800000, 0x0000000082900000, 0x0000000082900000|100%|HC|  |TAMS 0x0000000082900000, 0x0000000082800000| Complete 
|  41|0x0000000082900000, 0x0000000082a00000, 0x0000000082a00000|100%|HS|  |TAMS 0x0000000082a00000, 0x0000000082900000| Complete 
|  42|0x0000000082a00000, 0x0000000082b00000, 0x0000000082b00000|100%|HC|  |TAMS 0x0000000082b00000, 0x0000000082a00000| Complete 
|  43|0x0000000082b00000, 0x0000000082c00000, 0x0000000082c00000|100%|HC|  |TAMS 0x0000000082c00000, 0x0000000082b00000| Complete 
|  44|0x0000000082c00000, 0x0000000082d00000, 0x0000000082d00000|100%|HS|  |TAMS 0x0000000082d00000, 0x0000000082c00000| Complete 
|  45|0x0000000082d00000, 0x0000000082e00000, 0x0000000082e00000|100%|HC|  |TAMS 0x0000000082e00000, 0x0000000082d00000| Complete 
|  46|0x0000000082e00000, 0x0000000082f00000, 0x0000000082f00000|100%|HS|  |TAMS 0x0000000082f00000, 0x0000000082e00000| Complete 
|  47|0x0000000082f00000, 0x0000000083000000, 0x0000000083000000|100%|HC|  |TAMS 0x0000000083000000, 0x0000000082f00000| Complete 
|  48|0x0000000083000000, 0x0000000083100000, 0x0000000083100000|100%|HC|  |TAMS 0x0000000083100000, 0x0000000083000000| Complete 
|  49|0x0000000083100000, 0x0000000083200000, 0x0000000083200000|100%| O|  |TAMS 0x0000000083200000, 0x0000000083100000| Untracked 
|  50|0x0000000083200000, 0x0000000083300000, 0x0000000083300000|100%| O|  |TAMS 0x0000000083300000, 0x0000000083200000| Untracked 
|  51|0x0000000083300000, 0x0000000083400000, 0x0000000083400000|100%| O|  |TAMS 0x0000000083400000, 0x0000000083300000| Untracked 
|  52|0x0000000083400000, 0x0000000083500000, 0x0000000083500000|100%| O|  |TAMS 0x0000000083500000, 0x0000000083400000| Untracked 
|  53|0x0000000083500000, 0x0000000083600000, 0x0000000083600000|100%| O|  |TAMS 0x0000000083600000, 0x0000000083500000| Untracked 
|  54|0x0000000083600000, 0x0000000083700000, 0x0000000083700000|100%| O|  |TAMS 0x0000000083700000, 0x0000000083600000| Untracked 
|  55|0x0000000083700000, 0x0000000083800000, 0x0000000083800000|100%| O|  |TAMS 0x0000000083800000, 0x0000000083700000| Untracked 
|  56|0x0000000083800000, 0x0000000083900000, 0x0000000083900000|100%| O|  |TAMS 0x0000000083900000, 0x0000000083800000| Untracked 
|  57|0x0000000083900000, 0x0000000083a00000, 0x0000000083a00000|100%| O|  |TAMS 0x0000000083a00000, 0x0000000083900000| Untracked 
|  58|0x0000000083a00000, 0x0000000083b00000, 0x0000000083b00000|100%| O|  |TAMS 0x0000000083b00000, 0x0000000083a00000| Untracked 
|  59|0x0000000083b00000, 0x0000000083c00000, 0x0000000083c00000|100%| O|  |TAMS 0x0000000083c00000, 0x0000000083b00000| Untracked 
|  60|0x0000000083c00000, 0x0000000083d00000, 0x0000000083d00000|100%| O|  |TAMS 0x0000000083d00000, 0x0000000083c00000| Untracked 
|  61|0x0000000083d00000, 0x0000000083e00000, 0x0000000083e00000|100%| O|  |TAMS 0x0000000083e00000, 0x0000000083d00000| Untracked 
|  62|0x0000000083e00000, 0x0000000083f00000, 0x0000000083f00000|100%| O|  |TAMS 0x0000000083f00000, 0x0000000083e00000| Untracked 
|  63|0x0000000083f00000, 0x0000000084000000, 0x0000000084000000|100%| O|  |TAMS 0x0000000084000000, 0x0000000083f00000| Untracked 
|  64|0x0000000084000000, 0x0000000084100000, 0x0000000084100000|100%| O|  |TAMS 0x0000000084100000, 0x0000000084000000| Untracked 
|  65|0x0000000084100000, 0x0000000084200000, 0x0000000084200000|100%| O|  |TAMS 0x0000000084200000, 0x0000000084100000| Untracked 
|  66|0x0000000084200000, 0x0000000084300000, 0x0000000084300000|100%|HS|  |TAMS 0x0000000084300000, 0x0000000084200000| Complete 
|  67|0x0000000084300000, 0x0000000084400000, 0x0000000084400000|100%|HC|  |TAMS 0x0000000084400000, 0x0000000084300000| Complete 
|  68|0x0000000084400000, 0x0000000084500000, 0x0000000084500000|100%|HC|  |TAMS 0x0000000084500000, 0x0000000084400000| Complete 
|  69|0x0000000084500000, 0x0000000084600000, 0x0000000084600000|100%|HC|  |TAMS 0x0000000084600000, 0x0000000084500000| Complete 
|  70|0x0000000084600000, 0x0000000084700000, 0x0000000084700000|100%|HC|  |TAMS 0x0000000084700000, 0x0000000084600000| Complete 
|  71|0x0000000084700000, 0x0000000084800000, 0x0000000084800000|100%|HS|  |TAMS 0x0000000084800000, 0x0000000084700000| Complete 
|  72|0x0000000084800000, 0x0000000084900000, 0x0000000084900000|100%| O|  |TAMS 0x0000000084900000, 0x0000000084800000| Untracked 
|  73|0x0000000084900000, 0x0000000084a00000, 0x0000000084a00000|100%|HS|  |TAMS 0x0000000084a00000, 0x0000000084900000| Complete 
|  74|0x0000000084a00000, 0x0000000084b00000, 0x0000000084b00000|100%|HC|  |TAMS 0x0000000084b00000, 0x0000000084a00000| Complete 
|  75|0x0000000084b00000, 0x0000000084c00000, 0x0000000084c00000|100%| O|  |TAMS 0x0000000084c00000, 0x0000000084b00000| Untracked 
|  76|0x0000000084c00000, 0x0000000084d00000, 0x0000000084d00000|100%| O|  |TAMS 0x0000000084d00000, 0x0000000084c00000| Untracked 
|  77|0x0000000084d00000, 0x0000000084e00000, 0x0000000084e00000|100%| O|  |TAMS 0x0000000084e00000, 0x0000000084d00000| Untracked 
|  78|0x0000000084e00000, 0x0000000084f00000, 0x0000000084f00000|100%| O|  |TAMS 0x0000000084f00000, 0x0000000084e00000| Untracked 
|  79|0x0000000084f00000, 0x0000000085000000, 0x0000000085000000|100%| O|  |TAMS 0x0000000085000000, 0x0000000084f00000| Untracked 
|  80|0x0000000085000000, 0x0000000085100000, 0x0000000085100000|100%|HS|  |TAMS 0x0000000085100000, 0x0000000085000000| Complete 
|  81|0x0000000085100000, 0x0000000085200000, 0x0000000085200000|100%|HC|  |TAMS 0x0000000085200000, 0x0000000085100000| Complete 
|  82|0x0000000085200000, 0x0000000085300000, 0x0000000085300000|100%| O|  |TAMS 0x0000000085300000, 0x0000000085200000| Untracked 
|  83|0x0000000085300000, 0x0000000085400000, 0x0000000085400000|100%| O|  |TAMS 0x0000000085400000, 0x0000000085300000| Untracked 
|  84|0x0000000085400000, 0x0000000085500000, 0x0000000085500000|100%| O|  |TAMS 0x0000000085500000, 0x0000000085400000| Untracked 
|  85|0x0000000085500000, 0x0000000085600000, 0x0000000085600000|100%| O|  |TAMS 0x0000000085600000, 0x0000000085500000| Untracked 
|  86|0x0000000085600000, 0x0000000085700000, 0x0000000085700000|100%| O|  |TAMS 0x0000000085700000, 0x0000000085600000| Untracked 
|  87|0x0000000085700000, 0x0000000085800000, 0x0000000085800000|100%| O|  |TAMS 0x0000000085800000, 0x0000000085700000| Untracked 
|  88|0x0000000085800000, 0x0000000085900000, 0x0000000085900000|100%| O|  |TAMS 0x0000000085900000, 0x0000000085800000| Untracked 
|  89|0x0000000085900000, 0x0000000085a00000, 0x0000000085a00000|100%| O|  |TAMS 0x0000000085a00000, 0x0000000085900000| Untracked 
|  90|0x0000000085a00000, 0x0000000085b00000, 0x0000000085b00000|100%| O|  |TAMS 0x0000000085b00000, 0x0000000085a00000| Untracked 
|  91|0x0000000085b00000, 0x0000000085c00000, 0x0000000085c00000|100%| O|  |TAMS 0x0000000085c00000, 0x0000000085b00000| Untracked 
|  92|0x0000000085c00000, 0x0000000085d00000, 0x0000000085d00000|100%| O|  |TAMS 0x0000000085d00000, 0x0000000085c00000| Untracked 
|  93|0x0000000085d00000, 0x0000000085e00000, 0x0000000085e00000|100%| O|  |TAMS 0x0000000085e00000, 0x0000000085d00000| Untracked 
|  94|0x0000000085e00000, 0x0000000085f00000, 0x0000000085f00000|100%| O|  |TAMS 0x0000000085f00000, 0x0000000085e00000| Untracked 
|  95|0x0000000085f00000, 0x0000000086000000, 0x0000000086000000|100%| O|  |TAMS 0x0000000086000000, 0x0000000085f00000| Untracked 
|  96|0x0000000086000000, 0x0000000086100000, 0x0000000086100000|100%| O|  |TAMS 0x0000000086100000, 0x0000000086000000| Untracked 
|  97|0x0000000086100000, 0x0000000086200000, 0x0000000086200000|100%| O|  |TAMS 0x0000000086200000, 0x0000000086100000| Untracked 
|  98|0x0000000086200000, 0x0000000086300000, 0x0000000086300000|100%| O|  |TAMS 0x0000000086300000, 0x0000000086200000| Untracked 
|  99|0x0000000086300000, 0x0000000086400000, 0x0000000086400000|100%| O|  |TAMS 0x0000000086400000, 0x0000000086300000| Untracked 
| 100|0x0000000086400000, 0x0000000086500000, 0x0000000086500000|100%| O|  |TAMS 0x0000000086500000, 0x0000000086400000| Untracked 
| 101|0x0000000086500000, 0x0000000086600000, 0x0000000086600000|100%| O|  |TAMS 0x0000000086600000, 0x0000000086500000| Untracked 
| 102|0x0000000086600000, 0x0000000086700000, 0x0000000086700000|100%| O|  |TAMS 0x0000000086700000, 0x0000000086600000| Untracked 
| 103|0x0000000086700000, 0x0000000086800000, 0x0000000086800000|100%|HS|  |TAMS 0x0000000086800000, 0x0000000086700000| Complete 
| 104|0x0000000086800000, 0x0000000086900000, 0x0000000086900000|100%|HC|  |TAMS 0x0000000086900000, 0x0000000086800000| Complete 
| 105|0x0000000086900000, 0x0000000086a00000, 0x0000000086a00000|100%|HC|  |TAMS 0x0000000086a00000, 0x0000000086900000| Complete 
| 106|0x0000000086a00000, 0x0000000086b00000, 0x0000000086b00000|100%| O|  |TAMS 0x0000000086b00000, 0x0000000086a00000| Untracked 
| 107|0x0000000086b00000, 0x0000000086c00000, 0x0000000086c00000|100%|HS|  |TAMS 0x0000000086c00000, 0x0000000086b00000| Complete 
| 108|0x0000000086c00000, 0x0000000086d00000, 0x0000000086d00000|100%|HC|  |TAMS 0x0000000086d00000, 0x0000000086c00000| Complete 
| 109|0x0000000086d00000, 0x0000000086e00000, 0x0000000086e00000|100%|HC|  |TAMS 0x0000000086e00000, 0x0000000086d00000| Complete 
| 110|0x0000000086e00000, 0x0000000086f00000, 0x0000000086f00000|100%|HS|  |TAMS 0x0000000086f00000, 0x0000000086e00000| Complete 
| 111|0x0000000086f00000, 0x0000000087000000, 0x0000000087000000|100%|HC|  |TAMS 0x0000000087000000, 0x0000000086f00000| Complete 
| 112|0x0000000087000000, 0x0000000087100000, 0x0000000087100000|100%|HC|  |TAMS 0x0000000087100000, 0x0000000087000000| Complete 
| 113|0x0000000087100000, 0x0000000087200000, 0x0000000087200000|100%|HC|  |TAMS 0x0000000087200000, 0x0000000087100000| Complete 
| 114|0x0000000087200000, 0x0000000087300000, 0x0000000087300000|100%|HS|  |TAMS 0x0000000087300000, 0x0000000087200000| Complete 
| 115|0x0000000087300000, 0x0000000087400000, 0x0000000087400000|100%|HC|  |TAMS 0x0000000087400000, 0x0000000087300000| Complete 
| 116|0x0000000087400000, 0x0000000087500000, 0x0000000087500000|100%|HC|  |TAMS 0x0000000087500000, 0x0000000087400000| Complete 
| 117|0x0000000087500000, 0x0000000087600000, 0x0000000087600000|100%|HC|  |TAMS 0x0000000087600000, 0x0000000087500000| Complete 
| 118|0x0000000087600000, 0x0000000087700000, 0x0000000087700000|100%|HC|  |TAMS 0x0000000087700000, 0x0000000087600000| Complete 
| 119|0x0000000087700000, 0x0000000087800000, 0x0000000087800000|100%| O|  |TAMS 0x0000000087800000, 0x0000000087700000| Untracked 
| 120|0x0000000087800000, 0x0000000087900000, 0x0000000087900000|100%| O|  |TAMS 0x0000000087900000, 0x0000000087800000| Untracked 
| 121|0x0000000087900000, 0x0000000087a00000, 0x0000000087a00000|100%| O|  |TAMS 0x0000000087a00000, 0x0000000087900000| Untracked 
| 122|0x0000000087a00000, 0x0000000087b00000, 0x0000000087b00000|100%| O|  |TAMS 0x0000000087b00000, 0x0000000087a00000| Untracked 
| 123|0x0000000087b00000, 0x0000000087c00000, 0x0000000087c00000|100%| O|  |TAMS 0x0000000087c00000, 0x0000000087b00000| Untracked 
| 124|0x0000000087c00000, 0x0000000087d00000, 0x0000000087d00000|100%|HS|  |TAMS 0x0000000087d00000, 0x0000000087c00000| Complete 
| 125|0x0000000087d00000, 0x0000000087e00000, 0x0000000087e00000|100%| O|  |TAMS 0x0000000087e00000, 0x0000000087d00000| Untracked 
| 126|0x0000000087e00000, 0x0000000087f00000, 0x0000000087f00000|100%| O|  |TAMS 0x0000000087f00000, 0x0000000087e00000| Untracked 
| 127|0x0000000087f00000, 0x0000000088000000, 0x0000000088000000|100%| O|  |TAMS 0x0000000088000000, 0x0000000087f00000| Untracked 
| 128|0x0000000088000000, 0x0000000088100000, 0x0000000088100000|100%| O|  |TAMS 0x0000000088000000, 0x0000000088000000| Untracked 
| 129|0x0000000088100000, 0x0000000088200000, 0x0000000088200000|100%| O|  |TAMS 0x0000000088200000, 0x0000000088100000| Untracked 
| 130|0x0000000088200000, 0x0000000088300000, 0x0000000088300000|100%| O|  |TAMS 0x0000000088300000, 0x0000000088200000| Untracked 
| 131|0x0000000088300000, 0x0000000088400000, 0x0000000088400000|100%| O|  |TAMS 0x0000000088400000, 0x0000000088300000| Untracked 
| 132|0x0000000088400000, 0x0000000088500000, 0x0000000088500000|100%| O|  |TAMS 0x0000000088500000, 0x0000000088400000| Untracked 
| 133|0x0000000088500000, 0x0000000088600000, 0x0000000088600000|100%| O|  |TAMS 0x0000000088600000, 0x0000000088500000| Untracked 
| 134|0x0000000088600000, 0x0000000088700000, 0x0000000088700000|100%| O|  |TAMS 0x0000000088700000, 0x0000000088600000| Untracked 
| 135|0x0000000088700000, 0x0000000088800000, 0x0000000088800000|100%| O|  |TAMS 0x0000000088800000, 0x0000000088700000| Untracked 
| 136|0x0000000088800000, 0x0000000088900000, 0x0000000088900000|100%| O|  |TAMS 0x0000000088900000, 0x0000000088800000| Untracked 
| 137|0x0000000088900000, 0x0000000088a00000, 0x0000000088a00000|100%| O|  |TAMS 0x0000000088a00000, 0x0000000088900000| Untracked 
| 138|0x0000000088a00000, 0x0000000088b00000, 0x0000000088b00000|100%| O|  |TAMS 0x0000000088b00000, 0x0000000088a00000| Untracked 
| 139|0x0000000088b00000, 0x0000000088c00000, 0x0000000088c00000|100%| O|  |TAMS 0x0000000088c00000, 0x0000000088b00000| Untracked 
| 140|0x0000000088c00000, 0x0000000088d00000, 0x0000000088d00000|100%| O|  |TAMS 0x0000000088d00000, 0x0000000088c00000| Untracked 
| 141|0x0000000088d00000, 0x0000000088e00000, 0x0000000088e00000|100%| O|  |TAMS 0x0000000088e00000, 0x0000000088d00000| Untracked 
| 142|0x0000000088e00000, 0x0000000088f00000, 0x0000000088f00000|100%| O|  |TAMS 0x0000000088f00000, 0x0000000088e00000| Untracked 
| 143|0x0000000088f00000, 0x0000000089000000, 0x0000000089000000|100%| O|  |TAMS 0x0000000089000000, 0x0000000088f00000| Untracked 
| 144|0x0000000089000000, 0x0000000089100000, 0x0000000089100000|100%| O|  |TAMS 0x0000000089000000, 0x0000000089000000| Untracked 
| 145|0x0000000089100000, 0x0000000089200000, 0x0000000089200000|100%| O|  |TAMS 0x0000000089100000, 0x0000000089100000| Untracked 
| 146|0x0000000089200000, 0x0000000089300000, 0x0000000089300000|100%| O|  |TAMS 0x0000000089300000, 0x0000000089200000| Untracked 
| 147|0x0000000089300000, 0x0000000089400000, 0x0000000089400000|100%| O|  |TAMS 0x0000000089400000, 0x0000000089300000| Untracked 
| 148|0x0000000089400000, 0x0000000089500000, 0x0000000089500000|100%| O|  |TAMS 0x0000000089500000, 0x0000000089400000| Untracked 
| 149|0x0000000089500000, 0x0000000089600000, 0x0000000089600000|100%| O|  |TAMS 0x0000000089600000, 0x0000000089500000| Untracked 
| 150|0x0000000089600000, 0x0000000089700000, 0x0000000089700000|100%| O|  |TAMS 0x0000000089700000, 0x0000000089600000| Untracked 
| 151|0x0000000089700000, 0x0000000089800000, 0x0000000089800000|100%| O|  |TAMS 0x0000000089800000, 0x0000000089700000| Untracked 
| 152|0x0000000089800000, 0x0000000089900000, 0x0000000089900000|100%| O|  |TAMS 0x0000000089900000, 0x0000000089800000| Untracked 
| 153|0x0000000089900000, 0x0000000089a00000, 0x0000000089a00000|100%| O|  |TAMS 0x0000000089a00000, 0x0000000089900000| Untracked 
| 154|0x0000000089a00000, 0x0000000089b00000, 0x0000000089b00000|100%| O|  |TAMS 0x0000000089b00000, 0x0000000089a00000| Untracked 
| 155|0x0000000089b00000, 0x0000000089c00000, 0x0000000089c00000|100%| O|  |TAMS 0x0000000089c00000, 0x0000000089b00000| Untracked 
| 156|0x0000000089c00000, 0x0000000089d00000, 0x0000000089d00000|100%| O|  |TAMS 0x0000000089c00000, 0x0000000089c00000| Untracked 
| 157|0x0000000089d00000, 0x0000000089e00000, 0x0000000089e00000|100%| O|  |TAMS 0x0000000089d00000, 0x0000000089d00000| Untracked 
| 158|0x0000000089e00000, 0x0000000089f00000, 0x0000000089f00000|100%| O|  |TAMS 0x0000000089e00000, 0x0000000089e00000| Untracked 
| 159|0x0000000089f00000, 0x000000008a000000, 0x000000008a000000|100%| O|  |TAMS 0x000000008a000000, 0x0000000089f00000| Untracked 
| 160|0x000000008a000000, 0x000000008a100000, 0x000000008a100000|100%| O|  |TAMS 0x000000008a100000, 0x000000008a000000| Untracked 
| 161|0x000000008a100000, 0x000000008a159400, 0x000000008a200000| 34%| O|  |TAMS 0x000000008a100000, 0x000000008a100000| Untracked 
| 162|0x000000008a200000, 0x000000008a300000, 0x000000008a300000|100%| O|  |TAMS 0x000000008a200000, 0x000000008a200000| Untracked 
| 163|0x000000008a300000, 0x000000008a400000, 0x000000008a400000|100%| O|  |TAMS 0x000000008a300000, 0x000000008a300000| Untracked 
| 164|0x000000008a400000, 0x000000008a500000, 0x000000008a500000|100%| O|  |TAMS 0x000000008a500000, 0x000000008a400000| Untracked 
| 165|0x000000008a500000, 0x000000008a500000, 0x000000008a600000|  0%| F|  |TAMS 0x000000008a500000, 0x000000008a500000| Untracked 
| 166|0x000000008a600000, 0x000000008a700000, 0x000000008a700000|100%| O|  |TAMS 0x000000008a600000, 0x000000008a600000| Untracked 
| 167|0x000000008a700000, 0x000000008a800000, 0x000000008a800000|100%| O|  |TAMS 0x000000008a700000, 0x000000008a700000| Untracked 
| 168|0x000000008a800000, 0x000000008a900000, 0x000000008a900000|100%| O|  |TAMS 0x000000008a800000, 0x000000008a800000| Untracked 
| 169|0x000000008a900000, 0x000000008a900000, 0x000000008aa00000|  0%| F|  |TAMS 0x000000008a900000, 0x000000008a900000| Untracked 
| 170|0x000000008aa00000, 0x000000008aa00000, 0x000000008ab00000|  0%| F|  |TAMS 0x000000008aa00000, 0x000000008aa00000| Untracked 
| 171|0x000000008ab00000, 0x000000008ab00000, 0x000000008ac00000|  0%| F|  |TAMS 0x000000008ab00000, 0x000000008ab00000| Untracked 
| 172|0x000000008ac00000, 0x000000008ac00000, 0x000000008ad00000|  0%| F|  |TAMS 0x000000008ac00000, 0x000000008ac00000| Untracked 
| 173|0x000000008ad00000, 0x000000008ad00000, 0x000000008ae00000|  0%| F|  |TAMS 0x000000008ad00000, 0x000000008ad00000| Untracked 
| 174|0x000000008ae00000, 0x000000008ae00000, 0x000000008af00000|  0%| F|  |TAMS 0x000000008ae00000, 0x000000008ae00000| Untracked 
| 175|0x000000008af00000, 0x000000008af00000, 0x000000008b000000|  0%| F|  |TAMS 0x000000008af00000, 0x000000008af00000| Untracked 
| 176|0x000000008b000000, 0x000000008b000000, 0x000000008b100000|  0%| F|  |TAMS 0x000000008b000000, 0x000000008b000000| Untracked 
| 177|0x000000008b100000, 0x000000008b100000, 0x000000008b200000|  0%| F|  |TAMS 0x000000008b100000, 0x000000008b100000| Untracked 
| 178|0x000000008b200000, 0x000000008b200000, 0x000000008b300000|  0%| F|  |TAMS 0x000000008b200000, 0x000000008b200000| Untracked 
| 179|0x000000008b300000, 0x000000008b300000, 0x000000008b400000|  0%| F|  |TAMS 0x000000008b300000, 0x000000008b300000| Untracked 
| 180|0x000000008b400000, 0x000000008b400000, 0x000000008b500000|  0%| F|  |TAMS 0x000000008b400000, 0x000000008b400000| Untracked 
| 181|0x000000008b500000, 0x000000008b600000, 0x000000008b600000|100%| O|  |TAMS 0x000000008b600000, 0x000000008b500000| Untracked 
| 182|0x000000008b600000, 0x000000008b600000, 0x000000008b700000|  0%| F|  |TAMS 0x000000008b600000, 0x000000008b600000| Untracked 
| 183|0x000000008b700000, 0x000000008b800000, 0x000000008b800000|100%| O|  |TAMS 0x000000008b800000, 0x000000008b700000| Untracked 
| 184|0x000000008b800000, 0x000000008b900000, 0x000000008b900000|100%| O|  |TAMS 0x000000008b900000, 0x000000008b800000| Untracked 
| 185|0x000000008b900000, 0x000000008ba00000, 0x000000008ba00000|100%| O|  |TAMS 0x000000008ba00000, 0x000000008b900000| Untracked 
| 186|0x000000008ba00000, 0x000000008bb00000, 0x000000008bb00000|100%| O|  |TAMS 0x000000008bb00000, 0x000000008ba00000| Untracked 
| 187|0x000000008bb00000, 0x000000008bb00000, 0x000000008bc00000|  0%| F|  |TAMS 0x000000008bb00000, 0x000000008bb00000| Untracked 
| 188|0x000000008bc00000, 0x000000008bc00000, 0x000000008bd00000|  0%| F|  |TAMS 0x000000008bc00000, 0x000000008bc00000| Untracked 
| 189|0x000000008bd00000, 0x000000008bd00000, 0x000000008be00000|  0%| F|  |TAMS 0x000000008bd00000, 0x000000008bd00000| Untracked 
| 190|0x000000008be00000, 0x000000008be00000, 0x000000008bf00000|  0%| F|  |TAMS 0x000000008be00000, 0x000000008be00000| Untracked 
| 191|0x000000008bf00000, 0x000000008bf00000, 0x000000008c000000|  0%| F|  |TAMS 0x000000008bf00000, 0x000000008bf00000| Untracked 
| 192|0x000000008c000000, 0x000000008c100000, 0x000000008c100000|100%| O|  |TAMS 0x000000008c100000, 0x000000008c000000| Untracked 
| 193|0x000000008c100000, 0x000000008c200000, 0x000000008c200000|100%| O|  |TAMS 0x000000008c1ece00, 0x000000008c100000| Untracked 
| 194|0x000000008c200000, 0x000000008c200000, 0x000000008c300000|  0%| F|  |TAMS 0x000000008c200000, 0x000000008c200000| Untracked 
| 195|0x000000008c300000, 0x000000008c300000, 0x000000008c400000|  0%| F|  |TAMS 0x000000008c300000, 0x000000008c300000| Untracked 
| 196|0x000000008c400000, 0x000000008c400000, 0x000000008c500000|  0%| F|  |TAMS 0x000000008c400000, 0x000000008c400000| Untracked 
| 197|0x000000008c500000, 0x000000008c500000, 0x000000008c600000|  0%| F|  |TAMS 0x000000008c500000, 0x000000008c500000| Untracked 
| 198|0x000000008c600000, 0x000000008c600000, 0x000000008c700000|  0%| F|  |TAMS 0x000000008c600000, 0x000000008c600000| Untracked 
| 199|0x000000008c700000, 0x000000008c700000, 0x000000008c800000|  0%| F|  |TAMS 0x000000008c700000, 0x000000008c700000| Untracked 
| 200|0x000000008c800000, 0x000000008c800000, 0x000000008c900000|  0%| F|  |TAMS 0x000000008c800000, 0x000000008c800000| Untracked 
| 201|0x000000008c900000, 0x000000008c900000, 0x000000008ca00000|  0%| F|  |TAMS 0x000000008c900000, 0x000000008c900000| Untracked 
| 202|0x000000008ca00000, 0x000000008ca00000, 0x000000008cb00000|  0%| F|  |TAMS 0x000000008ca00000, 0x000000008ca00000| Untracked 
| 203|0x000000008cb00000, 0x000000008cb00000, 0x000000008cc00000|  0%| F|  |TAMS 0x000000008cb00000, 0x000000008cb00000| Untracked 
| 204|0x000000008cc00000, 0x000000008cc00000, 0x000000008cd00000|  0%| F|  |TAMS 0x000000008cc00000, 0x000000008cc00000| Untracked 
| 205|0x000000008cd00000, 0x000000008cdfdd40, 0x000000008ce00000| 99%| S|CS|TAMS 0x000000008cd00000, 0x000000008cd00000| Complete 
| 206|0x000000008ce00000, 0x000000008ce00000, 0x000000008cf00000|  0%| F|  |TAMS 0x000000008ce00000, 0x000000008ce00000| Untracked 
| 207|0x000000008cf00000, 0x000000008d000000, 0x000000008d000000|100%| S|CS|TAMS 0x000000008cf00000, 0x000000008cf00000| Complete 
| 208|0x000000008d000000, 0x000000008d000000, 0x000000008d100000|  0%| F|  |TAMS 0x000000008d000000, 0x000000008d000000| Untracked 
| 209|0x000000008d100000, 0x000000008d100000, 0x000000008d200000|  0%| F|  |TAMS 0x000000008d100000, 0x000000008d100000| Untracked 
| 210|0x000000008d200000, 0x000000008d200000, 0x000000008d300000|  0%| F|  |TAMS 0x000000008d200000, 0x000000008d200000| Untracked 
| 211|0x000000008d300000, 0x000000008d300000, 0x000000008d400000|  0%| F|  |TAMS 0x000000008d300000, 0x000000008d300000| Untracked 
| 212|0x000000008d400000, 0x000000008d400000, 0x000000008d500000|  0%| F|  |TAMS 0x000000008d400000, 0x000000008d400000| Untracked 
| 213|0x000000008d500000, 0x000000008d500000, 0x000000008d600000|  0%| F|  |TAMS 0x000000008d500000, 0x000000008d500000| Untracked 
| 214|0x000000008d600000, 0x000000008d600000, 0x000000008d700000|  0%| F|  |TAMS 0x000000008d600000, 0x000000008d600000| Untracked 
| 215|0x000000008d700000, 0x000000008d700000, 0x000000008d800000|  0%| F|  |TAMS 0x000000008d700000, 0x000000008d700000| Untracked 
| 216|0x000000008d800000, 0x000000008d800000, 0x000000008d900000|  0%| F|  |TAMS 0x000000008d800000, 0x000000008d800000| Untracked 
| 217|0x000000008d900000, 0x000000008d900000, 0x000000008da00000|  0%| F|  |TAMS 0x000000008d900000, 0x000000008d900000| Untracked 
| 218|0x000000008da00000, 0x000000008da00000, 0x000000008db00000|  0%| F|  |TAMS 0x000000008da00000, 0x000000008da00000| Untracked 
| 219|0x000000008db00000, 0x000000008db00000, 0x000000008dc00000|  0%| F|  |TAMS 0x000000008db00000, 0x000000008db00000| Untracked 
| 220|0x000000008dc00000, 0x000000008dcc9a40, 0x000000008dd00000| 78%| E|  |TAMS 0x000000008dc00000, 0x000000008dc00000| Complete 
| 221|0x000000008dd00000, 0x000000008ddffc98, 0x000000008de00000| 99%| E|  |TAMS 0x000000008dd00000, 0x000000008dd00000| Complete 
| 222|0x000000008de00000, 0x000000008df00000, 0x000000008df00000|100%| E|CS|TAMS 0x000000008de00000, 0x000000008de00000| Complete 
| 223|0x000000008df00000, 0x000000008e000000, 0x000000008e000000|100%| E|CS|TAMS 0x000000008df00000, 0x000000008df00000| Complete 
| 224|0x000000008e000000, 0x000000008e100000, 0x000000008e100000|100%| E|CS|TAMS 0x000000008e000000, 0x000000008e000000| Complete 
| 225|0x000000008e100000, 0x000000008e200000, 0x000000008e200000|100%| E|CS|TAMS 0x000000008e100000, 0x000000008e100000| Complete 
| 226|0x000000008e200000, 0x000000008e300000, 0x000000008e300000|100%| E|CS|TAMS 0x000000008e200000, 0x000000008e200000| Complete 
| 227|0x000000008e300000, 0x000000008e400000, 0x000000008e400000|100%| E|CS|TAMS 0x000000008e300000, 0x000000008e300000| Complete 
| 228|0x000000008e400000, 0x000000008e500000, 0x000000008e500000|100%| E|CS|TAMS 0x000000008e400000, 0x000000008e400000| Complete 
| 229|0x000000008e500000, 0x000000008e600000, 0x000000008e600000|100%| E|CS|TAMS 0x000000008e500000, 0x000000008e500000| Complete 
| 230|0x000000008e600000, 0x000000008e700000, 0x000000008e700000|100%| E|CS|TAMS 0x000000008e600000, 0x000000008e600000| Complete 

Card table byte_map: [0x0000024ef23d0000,0x0000024ef27d0000] _byte_map_base: 0x0000024ef1fd0000

Marking Bits (Prev, Next): (CMBitMap*) 0x0000024eee4ed040, (CMBitMap*) 0x0000024eee4ed008
 Prev Bits: [0x0000024ef4bd0000, 0x0000024ef6bd0000)
 Next Bits: [0x0000024ef2bd0000, 0x0000024ef4bd0000)

Polling page: 0x0000024eec360000

Metaspace:

Usage:
  Non-class:    103.28 MB capacity,   101.15 MB ( 98%) used,     1.78 MB (  2%) free+waste,   355.63 KB ( <1%) overhead. 
      Class:     15.48 MB capacity,    14.31 MB ( 92%) used,     1.01 MB (  7%) free+waste,   161.63 KB (  1%) overhead. 
       Both:    118.76 MB capacity,   115.46 MB ( 97%) used,     2.80 MB (  2%) free+waste,   517.25 KB ( <1%) overhead. 

Virtual space:
  Non-class space:      104.00 MB reserved,     103.36 MB (>99%) committed 
      Class space:        1.00 GB reserved,      15.50 MB (  2%) committed 
             Both:        1.10 GB reserved,     118.86 MB ( 11%) committed 

Chunk freelists:
   Non-Class:  20.00 KB
       Class:  19.00 KB
        Both:  39.00 KB

MaxMetaspaceSize: 17179869184.00 GB
CompressedClassSpaceSize: 1.00 GB
Initial GC threshold: 20.80 MB
Current GC threshold: 195.40 MB
CDS: off

CodeHeap 'non-profiled nmethods': size=120064Kb used=10314Kb max_used=10475Kb free=109749Kb
 bounds [0x0000024e87ac0000, 0x0000024e88500000, 0x0000024e8f000000]
CodeHeap 'profiled nmethods': size=120000Kb used=37366Kb max_used=38465Kb free=82633Kb
 bounds [0x0000024e80590000, 0x0000024e82b60000, 0x0000024e87ac0000]
CodeHeap 'non-nmethods': size=5696Kb used=2440Kb max_used=2501Kb free=3255Kb
 bounds [0x0000024e80000000, 0x0000024e80280000, 0x0000024e80590000]
 total_blobs=17258 nmethods=16291 adapters=878
 compilation: enabled
              stopped_count=0, restarted_count=0
 full_count=0

Compilation events (20 events):
Event: 122.734 Thread 0x0000024ef99c5000 17432       2       com.android.ide.common.symbols.Symbol$BasicNormalSymbol::getCanonicalName (5 bytes)
Event: 122.734 Thread 0x0000024ef99c5000 nmethod 17432 0x0000024e80964e10 code [0x0000024e80964fc0, 0x0000024e809650b8]
Event: 122.743 Thread 0x0000024ef99c5000 17434       2       org.gradle.api.internal.tasks.properties.AbstractPropertySpec::<init> (10 bytes)
Event: 122.743 Thread 0x0000024ef99c5000 nmethod 17434 0x0000024e80a06190 code [0x0000024e80a06340, 0x0000024e80a06478]
Event: 122.743 Thread 0x0000024ef99c5000 17435       2       org.gradle.api.internal.tasks.properties.PropertyVisitor$Adapter::visitOutputFileProperty (1 bytes)
Event: 122.743 Thread 0x0000024ef99c5000 nmethod 17435 0x0000024e80a49310 code [0x0000024e80a494c0, 0x0000024e80a495b8]
Event: 122.743 Thread 0x0000024ef99c5000 17436       2       org.gradle.execution.plan.DefaultPlanExecutor$ExecutorWorker$$Lambda$829/0x0000000100b10440::transform (24 bytes)
Event: 122.743 Thread 0x0000024ef99c5000 nmethod 17436 0x0000024e81080990 code [0x0000024e81080b40, 0x0000024e81080cc8]
Event: 122.743 Thread 0x0000024ef99c5000 17437   !   2       org.gradle.execution.plan.DefaultPlanExecutor$ExecutorWorker::lambda$executeNextNode$2 (135 bytes)
Event: 122.745 Thread 0x0000024ef99c5000 nmethod 17437 0x0000024e80848510 code [0x0000024e808487a0, 0x0000024e808490f8]
Event: 122.781 Thread 0x0000024ef9966800 nmethod 17320 0x0000024e87bce210 code [0x0000024e87bce560, 0x0000024e87bd1b48]
Event: 122.781 Thread 0x0000024ef9966800 17411       4       org.apache.xerces.impl.XMLEntityScanner::scanLiteral (746 bytes)
Event: 122.825 Thread 0x0000024ef99c5000 17438       2       org.gradle.internal.snapshot.SnapshotUtil::getRootHashes (33 bytes)
Event: 122.827 Thread 0x0000024ef99c5000 nmethod 17438 0x0000024e80ea8690 code [0x0000024e80ea8860, 0x0000024e80ea8bd8]
Event: 122.827 Thread 0x0000024ef99c5000 17439       2       org.gradle.api.internal.tasks.execution.TaskExecution$$Lambda$1363/0x0000000100e59c40::get$Lambda (10 bytes)
Event: 122.827 Thread 0x0000024ef99c5000 nmethod 17439 0x0000024e810a6310 code [0x0000024e810a64c0, 0x0000024e810a66b8]
Event: 122.827 Thread 0x0000024ef99c5000 17440       2       org.gradle.api.internal.tasks.execution.TaskExecution$$Lambda$1363/0x0000000100e59c40::<init> (15 bytes)
Event: 122.828 Thread 0x0000024ef99c5000 nmethod 17440 0x0000024e812db490 code [0x0000024e812db640, 0x0000024e812db7d8]
Event: 122.830 Thread 0x0000024ef99c5000 17441       2       org.gradle.api.internal.provider.AbstractProperty$NonFinalizedValue::forUpstream (13 bytes)
Event: 122.830 Thread 0x0000024ef99c5000 nmethod 17441 0x0000024e80a98990 code [0x0000024e80a98b40, 0x0000024e80a98c58]

GC Heap History (20 events):
Event: 113.319 GC heap before
{Heap before GC invocations=70 (full 0):
 garbage-first heap   total 236544K, used 194148K [0x0000000080000000, 0x0000000100000000)
  region size 1024K, 19 young (19456K), 3 survivors (3072K)
 Metaspace       used 117216K, capacity 120601K, committed 120948K, reserved 1155072K
  class space    used 14567K, capacity 15753K, committed 15872K, reserved 1048576K
}
Event: 113.326 GC heap after
{Heap after GC invocations=71 (full 0):
 garbage-first heap   total 236544K, used 178149K [0x0000000080000000, 0x0000000100000000)
  region size 1024K, 1 young (1024K), 1 survivors (1024K)
 Metaspace       used 117216K, capacity 120601K, committed 120948K, reserved 1155072K
  class space    used 14567K, capacity 15753K, committed 15872K, reserved 1048576K
}
Event: 115.183 GC heap before
{Heap before GC invocations=71 (full 0):
 garbage-first heap   total 236544K, used 195557K [0x0000000080000000, 0x0000000100000000)
  region size 1024K, 18 young (18432K), 1 survivors (1024K)
 Metaspace       used 117347K, capacity 120668K, committed 120948K, reserved 1155072K
  class space    used 14576K, capacity 15754K, committed 15872K, reserved 1048576K
}
Event: 115.186 GC heap after
{Heap after GC invocations=72 (full 0):
 garbage-first heap   total 236544K, used 178636K [0x0000000080000000, 0x0000000100000000)
  region size 1024K, 2 young (2048K), 2 survivors (2048K)
 Metaspace       used 117347K, capacity 120668K, committed 120948K, reserved 1155072K
  class space    used 14576K, capacity 15754K, committed 15872K, reserved 1048576K
}
Event: 118.015 GC heap before
{Heap before GC invocations=72 (full 0):
 garbage-first heap   total 236544K, used 198092K [0x0000000080000000, 0x0000000100000000)
  region size 1024K, 20 young (20480K), 2 survivors (2048K)
 Metaspace       used 117475K, capacity 120860K, committed 121204K, reserved 1155072K
  class space    used 14577K, capacity 15754K, committed 15872K, reserved 1048576K
}
Event: 118.019 GC heap after
{Heap after GC invocations=73 (full 0):
 garbage-first heap   total 236544K, used 180882K [0x0000000080000000, 0x0000000100000000)
  region size 1024K, 2 young (2048K), 2 survivors (2048K)
 Metaspace       used 117475K, capacity 120860K, committed 121204K, reserved 1155072K
  class space    used 14577K, capacity 15754K, committed 15872K, reserved 1048576K
}
Event: 118.421 GC heap before
{Heap before GC invocations=73 (full 0):
 garbage-first heap   total 236544K, used 198290K [0x0000000080000000, 0x0000000100000000)
  region size 1024K, 20 young (20480K), 2 survivors (2048K)
 Metaspace       used 117485K, capacity 120861K, committed 121204K, reserved 1155072K
  class space    used 14577K, capacity 15754K, committed 15872K, reserved 1048576K
}
Event: 118.423 GC heap after
{Heap after GC invocations=74 (full 0):
 garbage-first heap   total 236544K, used 180368K [0x0000000080000000, 0x0000000100000000)
  region size 1024K, 1 young (1024K), 1 survivors (1024K)
 Metaspace       used 117485K, capacity 120861K, committed 121204K, reserved 1155072K
  class space    used 14577K, capacity 15754K, committed 15872K, reserved 1048576K
}
Event: 118.905 GC heap before
{Heap before GC invocations=74 (full 0):
 garbage-first heap   total 236544K, used 200848K [0x0000000080000000, 0x0000000100000000)
  region size 1024K, 21 young (21504K), 1 survivors (1024K)
 Metaspace       used 117485K, capacity 120861K, committed 121204K, reserved 1155072K
  class space    used 14577K, capacity 15754K, committed 15872K, reserved 1048576K
}
Event: 118.908 GC heap after
{Heap after GC invocations=75 (full 0):
 garbage-first heap   total 236544K, used 180623K [0x0000000080000000, 0x0000000100000000)
  region size 1024K, 2 young (2048K), 2 survivors (2048K)
 Metaspace       used 117485K, capacity 120861K, committed 121204K, reserved 1155072K
  class space    used 14577K, capacity 15754K, committed 15872K, reserved 1048576K
}
Event: 119.267 GC heap before
{Heap before GC invocations=75 (full 0):
 garbage-first heap   total 236544K, used 200079K [0x0000000080000000, 0x0000000100000000)
  region size 1024K, 22 young (22528K), 2 survivors (2048K)
 Metaspace       used 117485K, capacity 120861K, committed 121204K, reserved 1155072K
  class space    used 14577K, capacity 15754K, committed 15872K, reserved 1048576K
}
Event: 119.271 GC heap after
{Heap after GC invocations=76 (full 0):
 garbage-first heap   total 236544K, used 180933K [0x0000000080000000, 0x0000000100000000)
  region size 1024K, 2 young (2048K), 2 survivors (2048K)
 Metaspace       used 117485K, capacity 120861K, committed 121204K, reserved 1155072K
  class space    used 14577K, capacity 15754K, committed 15872K, reserved 1048576K
}
Event: 119.795 GC heap before
{Heap before GC invocations=76 (full 0):
 garbage-first heap   total 236544K, used 201413K [0x0000000080000000, 0x0000000100000000)
  region size 1024K, 23 young (23552K), 2 survivors (2048K)
 Metaspace       used 117485K, capacity 120861K, committed 121204K, reserved 1155072K
  class space    used 14577K, capacity 15754K, committed 15872K, reserved 1048576K
}
Event: 119.799 GC heap after
{Heap after GC invocations=77 (full 0):
 garbage-first heap   total 236544K, used 181316K [0x0000000080000000, 0x0000000100000000)
  region size 1024K, 2 young (2048K), 2 survivors (2048K)
 Metaspace       used 117485K, capacity 120861K, committed 121204K, reserved 1155072K
  class space    used 14577K, capacity 15754K, committed 15872K, reserved 1048576K
}
Event: 120.228 GC heap before
{Heap before GC invocations=77 (full 0):
 garbage-first heap   total 236544K, used 203844K [0x0000000080000000, 0x0000000100000000)
  region size 1024K, 24 young (24576K), 2 survivors (2048K)
 Metaspace       used 117485K, capacity 120861K, committed 121204K, reserved 1155072K
  class space    used 14577K, capacity 15754K, committed 15872K, reserved 1048576K
}
Event: 120.231 GC heap after
{Heap after GC invocations=78 (full 0):
 garbage-first heap   total 236544K, used 181706K [0x0000000080000000, 0x0000000100000000)
  region size 1024K, 2 young (2048K), 2 survivors (2048K)
 Metaspace       used 117485K, capacity 120861K, committed 121204K, reserved 1155072K
  class space    used 14577K, capacity 15754K, committed 15872K, reserved 1048576K
}
Event: 120.651 GC heap before
{Heap before GC invocations=78 (full 0):
 garbage-first heap   total 236544K, used 204234K [0x0000000080000000, 0x0000000100000000)
  region size 1024K, 24 young (24576K), 2 survivors (2048K)
 Metaspace       used 117485K, capacity 120861K, committed 121204K, reserved 1155072K
  class space    used 14577K, capacity 15754K, committed 15872K, reserved 1048576K
}
Event: 120.654 GC heap after
{Heap after GC invocations=79 (full 0):
 garbage-first heap   total 236544K, used 182142K [0x0000000080000000, 0x0000000100000000)
  region size 1024K, 2 young (2048K), 2 survivors (2048K)
 Metaspace       used 117485K, capacity 120861K, committed 121204K, reserved 1155072K
  class space    used 14577K, capacity 15754K, committed 15872K, reserved 1048576K
}
Event: 122.520 GC heap before
{Heap before GC invocations=79 (full 0):
 garbage-first heap   total 236544K, used 205694K [0x0000000080000000, 0x0000000100000000)
  region size 1024K, 24 young (24576K), 2 survivors (2048K)
 Metaspace       used 117569K, capacity 120959K, committed 121204K, reserved 1155072K
  class space    used 14583K, capacity 15786K, committed 15872K, reserved 1048576K
}
Event: 122.524 GC heap after
{Heap after GC invocations=80 (full 0):
 garbage-first heap   total 236544K, used 180572K [0x0000000080000000, 0x0000000100000000)
  region size 1024K, 2 young (2048K), 2 survivors (2048K)
 Metaspace       used 117569K, capacity 120959K, committed 121204K, reserved 1155072K
  class space    used 14583K, capacity 15786K, committed 15872K, reserved 1048576K
}

Deoptimization events (20 events):
Event: 122.726 Thread 0x0000024efdbff800 Uncommon trap: trap_request=0xffffffde fr.pc=0x0000024e883d4238 relative=0x00000000000000f8
Event: 122.726 Thread 0x0000024efdbff800 Uncommon trap: reason=class_check action=maybe_recompile pc=0x0000024e883d4238 method=org.apache.xerces.dom.ElementImpl.getTagName()Ljava/lang/String; @ 8 c2
Event: 122.726 Thread 0x0000024efdbff800 DEOPT PACKING pc=0x0000024e883d4238 sp=0x000000b66d9fd8f0
Event: 122.726 Thread 0x0000024efdbff800 DEOPT UNPACKING pc=0x0000024e8004a1af sp=0x000000b66d9fd8b0 mode 2
Event: 122.727 Thread 0x0000024efdbff800 Uncommon trap: trap_request=0xffffffde fr.pc=0x0000024e883d4238 relative=0x00000000000000f8
Event: 122.727 Thread 0x0000024efdbff800 Uncommon trap: reason=class_check action=maybe_recompile pc=0x0000024e883d4238 method=org.apache.xerces.dom.ElementImpl.getTagName()Ljava/lang/String; @ 8 c2
Event: 122.727 Thread 0x0000024efdbff800 DEOPT PACKING pc=0x0000024e883d4238 sp=0x000000b66d9fd8f0
Event: 122.727 Thread 0x0000024efdbff800 DEOPT UNPACKING pc=0x0000024e8004a1af sp=0x000000b66d9fd8b0 mode 2
Event: 122.727 Thread 0x0000024efdbff800 Uncommon trap: trap_request=0xffffffde fr.pc=0x0000024e883d4238 relative=0x00000000000000f8
Event: 122.727 Thread 0x0000024efdbff800 Uncommon trap: reason=class_check action=maybe_recompile pc=0x0000024e883d4238 method=org.apache.xerces.dom.ElementImpl.getTagName()Ljava/lang/String; @ 8 c2
Event: 122.727 Thread 0x0000024efdbff800 DEOPT PACKING pc=0x0000024e883d4238 sp=0x000000b66d9fd8f0
Event: 122.727 Thread 0x0000024efdbff800 DEOPT UNPACKING pc=0x0000024e8004a1af sp=0x000000b66d9fd8b0 mode 2
Event: 122.733 Thread 0x0000024efdbff800 Uncommon trap: trap_request=0xffffffde fr.pc=0x0000024e8836d60c relative=0x000000000000014c
Event: 122.733 Thread 0x0000024efdbff800 Uncommon trap: reason=class_check action=maybe_recompile pc=0x0000024e8836d60c method=com.google.common.collect.RegularImmutableMap.get(Ljava/lang/Object;[Lcom/google/common/collect/ImmutableMapEntry;I)Ljava/lang/Object; @ 54 c2
Event: 122.733 Thread 0x0000024efdbff800 DEOPT PACKING pc=0x0000024e8836d60c sp=0x000000b66d9fda50
Event: 122.733 Thread 0x0000024efdbff800 DEOPT UNPACKING pc=0x0000024e8004a1af sp=0x000000b66d9fd9d0 mode 2
Event: 122.734 Thread 0x0000024efdbff800 Uncommon trap: trap_request=0xffffff4d fr.pc=0x0000024e8836d600 relative=0x0000000000000140
Event: 122.734 Thread 0x0000024efdbff800 Uncommon trap: reason=unstable_if action=reinterpret pc=0x0000024e8836d600 method=com.google.common.collect.RegularImmutableMap.get(Ljava/lang/Object;[Lcom/google/common/collect/ImmutableMapEntry;I)Ljava/lang/Object; @ 27 c2
Event: 122.734 Thread 0x0000024efdbff800 DEOPT PACKING pc=0x0000024e8836d600 sp=0x000000b66d9fda50
Event: 122.734 Thread 0x0000024efdbff800 DEOPT UNPACKING pc=0x0000024e8004a1af sp=0x000000b66d9fd9d0 mode 2

Classes redefined (0 events):
No events

Internal exceptions (20 events):
Event: 115.364 Thread 0x0000024efdc02800 Exception <a 'sun/nio/fs/WindowsException'{0x000000008e55dc50}> (0x000000008e55dc50) thrown at [./src/hotspot/share/prims/jni.cpp, line 616]
Event: 115.366 Thread 0x0000024efdc02800 Exception <a 'sun/nio/fs/WindowsException'{0x000000008e55fd08}> (0x000000008e55fd08) thrown at [./src/hotspot/share/prims/jni.cpp, line 616]
Event: 115.421 Thread 0x0000024efdc02800 Exception <a 'sun/nio/fs/WindowsException'{0x000000008e5632b8}> (0x000000008e5632b8) thrown at [./src/hotspot/share/prims/jni.cpp, line 616]
Event: 115.423 Thread 0x0000024efdc02800 Exception <a 'sun/nio/fs/WindowsException'{0x000000008e564620}> (0x000000008e564620) thrown at [./src/hotspot/share/prims/jni.cpp, line 616]
Event: 115.482 Thread 0x0000024efdc02800 Exception <a 'sun/nio/fs/WindowsException'{0x000000008e584528}> (0x000000008e584528) thrown at [./src/hotspot/share/prims/jni.cpp, line 616]
Event: 115.535 Thread 0x0000024efdc02800 Exception <a 'sun/nio/fs/WindowsException'{0x000000008e43b3b8}> (0x000000008e43b3b8) thrown at [./src/hotspot/share/prims/jni.cpp, line 616]
Event: 115.573 Thread 0x0000024efdc02800 Exception <a 'sun/nio/fs/WindowsException'{0x000000008e3465f8}> (0x000000008e3465f8) thrown at [./src/hotspot/share/prims/jni.cpp, line 616]
Event: 115.575 Thread 0x0000024efdc02800 Exception <a 'sun/nio/fs/WindowsException'{0x000000008e3479c0}> (0x000000008e3479c0) thrown at [./src/hotspot/share/prims/jni.cpp, line 616]
Event: 115.584 Thread 0x0000024efdc02800 Exception <a 'sun/nio/fs/WindowsException'{0x000000008e34af48}> (0x000000008e34af48) thrown at [./src/hotspot/share/prims/jni.cpp, line 616]
Event: 115.616 Thread 0x0000024efdc02800 Exception <a 'sun/nio/fs/WindowsException'{0x000000008e3efa78}> (0x000000008e3efa78) thrown at [./src/hotspot/share/prims/jni.cpp, line 616]
Event: 115.675 Thread 0x0000024efdc02800 Exception <a 'sun/nio/fs/WindowsException'{0x000000008e3f0df0}> (0x000000008e3f0df0) thrown at [./src/hotspot/share/prims/jni.cpp, line 616]
Event: 116.162 Thread 0x0000024efdc02800 Exception <a 'sun/nio/fs/WindowsException'{0x000000008e3f3998}> (0x000000008e3f3998) thrown at [./src/hotspot/share/prims/jni.cpp, line 616]
Event: 116.165 Thread 0x0000024efdc02800 Exception <a 'sun/nio/fs/WindowsException'{0x000000008e29bbe8}> (0x000000008e29bbe8) thrown at [./src/hotspot/share/prims/jni.cpp, line 616]
Event: 116.287 Thread 0x0000024efdc02800 Exception <a 'sun/nio/fs/WindowsException'{0x000000008e19e798}> (0x000000008e19e798) thrown at [./src/hotspot/share/prims/jni.cpp, line 616]
Event: 116.316 Thread 0x0000024efdc02800 Exception <a 'sun/nio/fs/WindowsException'{0x000000008e19fbe8}> (0x000000008e19fbe8) thrown at [./src/hotspot/share/prims/jni.cpp, line 616]
Event: 121.964 Thread 0x0000024efdc02800 Implicit null exception at 0x0000024e87cc359b to 0x0000024e87cc3d5c
Event: 122.041 Thread 0x0000024efdc02800 Exception <a 'sun/nio/fs/WindowsException'{0x000000008d3eef10}> (0x000000008d3eef10) thrown at [./src/hotspot/share/prims/jni.cpp, line 616]
Event: 122.041 Thread 0x0000024efdc02800 Exception <a 'sun/nio/fs/WindowsException'{0x000000008d3efda8}> (0x000000008d3efda8) thrown at [./src/hotspot/share/prims/jni.cpp, line 616]
Event: 122.679 Thread 0x0000024efdc00800 Exception <a 'sun/nio/fs/WindowsException'{0x000000008e13e2d8}> (0x000000008e13e2d8) thrown at [./src/hotspot/share/prims/jni.cpp, line 616]
Event: 122.680 Thread 0x0000024efdc00800 Exception <a 'sun/nio/fs/WindowsException'{0x000000008e13f608}> (0x000000008e13f608) thrown at [./src/hotspot/share/prims/jni.cpp, line 616]

Events (20 events):
Event: 122.724 loading class com/android/ide/common/symbols/ResourceValuesXmlParser
Event: 122.724 loading class com/android/ide/common/symbols/ResourceValuesXmlParser done
Event: 122.727 loading class com/android/ide/common/symbols/ResourceValuesXmlParser$WhenMappings
Event: 122.727 loading class com/android/ide/common/symbols/ResourceValuesXmlParser$WhenMappings done
Event: 122.728 loading class com/android/ide/common/symbols/Symbol$NormalSymbolImpl
Event: 122.728 loading class com/android/ide/common/symbols/Symbol$NormalSymbolImpl done
Event: 122.733 loading class com/android/ide/common/symbols/SymbolTable$getSymbolByResourceType$$inlined$compareBy$1
Event: 122.733 loading class com/android/ide/common/symbols/SymbolTable$getSymbolByResourceType$$inlined$compareBy$1 done
Event: 122.826 Executing VM operation: RevokeBias
Event: 122.826 Executing VM operation: RevokeBias done
Event: 122.826 Executing VM operation: RevokeBias
Event: 122.827 Executing VM operation: RevokeBias done
Event: 122.827 Executing VM operation: RevokeBias
Event: 122.828 Executing VM operation: RevokeBias done
Event: 122.828 Executing VM operation: RevokeBias
Event: 122.828 Executing VM operation: RevokeBias done
Event: 122.828 Executing VM operation: RevokeBias
Event: 122.829 Executing VM operation: RevokeBias done
Event: 122.829 Executing VM operation: RevokeBias
Event: 122.829 Executing VM operation: RevokeBias done


Dynamic libraries:
0x00007ff709f20000 - 0x00007ff709f2a000 	C:\Program Files\Android\Android Studio\jre\bin\java.exe
0x00007ffb84730000 - 0x00007ffb84928000 	C:\WINDOWS\SYSTEM32\ntdll.dll
0x00007ffb82940000 - 0x00007ffb829ff000 	C:\WINDOWS\System32\KERNEL32.DLL
0x00007ffb82110000 - 0x00007ffb823e2000 	C:\WINDOWS\System32\KERNELBASE.dll
0x00007ffb825c0000 - 0x00007ffb826c0000 	C:\WINDOWS\System32\ucrtbase.dll
0x00007ffb6af60000 - 0x00007ffb6af77000 	C:\Program Files\Android\Android Studio\jre\bin\VCRUNTIME140.dll
0x00007ffb62d00000 - 0x00007ffb62d19000 	C:\Program Files\Android\Android Studio\jre\bin\jli.dll
0x00007ffb84410000 - 0x00007ffb845b1000 	C:\WINDOWS\System32\USER32.dll
0x00007ffb72670000 - 0x00007ffb7290a000 	C:\WINDOWS\WinSxS\amd64_microsoft.windows.common-controls_6595b64144ccf1df_6.0.19041.1110_none_60b5254171f9507e\COMCTL32.dll
0x00007ffb82b60000 - 0x00007ffb82bfe000 	C:\WINDOWS\System32\msvcrt.dll
0x00007ffb82740000 - 0x00007ffb82762000 	C:\WINDOWS\System32\win32u.dll
0x00007ffb82770000 - 0x00007ffb8279b000 	C:\WINDOWS\System32\GDI32.dll
0x00007ffb81e20000 - 0x00007ffb81f2f000 	C:\WINDOWS\System32\gdi32full.dll
0x00007ffb82070000 - 0x00007ffb8210d000 	C:\WINDOWS\System32\msvcp_win.dll
0x00007ffb82dd0000 - 0x00007ffb82e02000 	C:\WINDOWS\System32\IMM32.DLL
0x00007ffb4d230000 - 0x00007ffb4d2cd000 	C:\Program Files\Android\Android Studio\jre\bin\msvcp140.dll
0x00007ffb22460000 - 0x00007ffb22f62000 	C:\Program Files\Android\Android Studio\jre\bin\server\jvm.dll
0x00007ffb832b0000 - 0x00007ffb8335e000 	C:\WINDOWS\System32\ADVAPI32.dll
0x00007ffb82ac0000 - 0x00007ffb82b5c000 	C:\WINDOWS\System32\sechost.dll
0x00007ffb82810000 - 0x00007ffb82935000 	C:\WINDOWS\System32\RPCRT4.dll
0x00007ffb83370000 - 0x00007ffb83378000 	C:\WINDOWS\System32\PSAPI.DLL
0x00007ffb7dcc0000 - 0x00007ffb7dcc9000 	C:\WINDOWS\SYSTEM32\WSOCK32.dll
0x00007ffb78040000 - 0x00007ffb78067000 	C:\WINDOWS\SYSTEM32\WINMM.dll
0x00007ffb7b4e0000 - 0x00007ffb7b4ea000 	C:\WINDOWS\SYSTEM32\VERSION.dll
0x00007ffb827a0000 - 0x00007ffb8280b000 	C:\WINDOWS\System32\WS2_32.dll
0x00007ffb7fce0000 - 0x00007ffb7fcf2000 	C:\WINDOWS\SYSTEM32\kernel.appcore.dll
0x00007ffb7cfe0000 - 0x00007ffb7cff1000 	C:\Program Files\Android\Android Studio\jre\bin\verify.dll
0x00007ffb6ff50000 - 0x00007ffb70134000 	C:\WINDOWS\SYSTEM32\DBGHELP.DLL
0x00007ffb6fec0000 - 0x00007ffb6fef5000 	C:\WINDOWS\SYSTEM32\dbgcore.DLL
0x00007ffb81f30000 - 0x00007ffb81fb2000 	C:\WINDOWS\System32\bcryptPrimitives.dll
0x00007ffb7ce20000 - 0x00007ffb7ce49000 	C:\Program Files\Android\Android Studio\jre\bin\java.dll
0x00007ffb7dbe0000 - 0x00007ffb7dbeb000 	C:\Program Files\Android\Android Studio\jre\bin\jimage.dll
0x00007ffb7bd10000 - 0x00007ffb7bd28000 	C:\Program Files\Android\Android Studio\jre\bin\zip.dll
0x00007ffb83c60000 - 0x00007ffb843a4000 	C:\WINDOWS\System32\SHELL32.dll
0x00007ffb7fee0000 - 0x00007ffb80672000 	C:\WINDOWS\SYSTEM32\windows.storage.dll
0x00007ffb83380000 - 0x00007ffb836d5000 	C:\WINDOWS\System32\combase.dll
0x00007ffb81880000 - 0x00007ffb818b0000 	C:\WINDOWS\SYSTEM32\Wldp.dll
0x00007ffb845e0000 - 0x00007ffb8468d000 	C:\WINDOWS\System32\SHCORE.dll
0x00007ffb82a60000 - 0x00007ffb82ab5000 	C:\WINDOWS\System32\shlwapi.dll
0x00007ffb81d60000 - 0x00007ffb81d7f000 	C:\WINDOWS\SYSTEM32\profapi.dll
0x00007ffb7bcf0000 - 0x00007ffb7bd0a000 	C:\Program Files\Android\Android Studio\jre\bin\net.dll
0x00007ffb7a570000 - 0x00007ffb7a67c000 	C:\WINDOWS\SYSTEM32\WINHTTP.dll
0x00007ffb815e0000 - 0x00007ffb8164a000 	C:\WINDOWS\system32\mswsock.dll
0x00007ffb73690000 - 0x00007ffb736a4000 	C:\Program Files\Android\Android Studio\jre\bin\nio.dll
0x00007ffb62290000 - 0x00007ffb622b7000 	C:\Users\Lenovo\.gradle\native\e1d6ef7f7dcc3fd88c89a11ec53ec762bb8ba0a96d01ffa2cd45eb1d1d8dd5c5\windows-amd64\native-platform.dll
0x00007ffb5cbd0000 - 0x00007ffb5cd14000 	C:\Users\Lenovo\.gradle\native\0d407fdbe67a94daf76414ababcb853783967236a71b16ec16e742cd7a986fd3\windows-amd64\native-platform-file-events.dll
0x00007ffb7d720000 - 0x00007ffb7d72a000 	C:\Program Files\Android\Android Studio\jre\bin\management.dll
0x00007ffb7d700000 - 0x00007ffb7d70d000 	C:\Program Files\Android\Android Studio\jre\bin\management_ext.dll
0x00007ffb817e0000 - 0x00007ffb817f8000 	C:\WINDOWS\SYSTEM32\CRYPTSP.dll
0x00007ffb80e90000 - 0x00007ffb80ec4000 	C:\WINDOWS\system32\rsaenh.dll
0x00007ffb826c0000 - 0x00007ffb826e7000 	C:\WINDOWS\System32\bcrypt.dll
0x00007ffb81ce0000 - 0x00007ffb81d0e000 	C:\WINDOWS\SYSTEM32\USERENV.dll
0x00007ffb817d0000 - 0x00007ffb817dc000 	C:\WINDOWS\SYSTEM32\CRYPTBASE.dll
0x00007ffb81280000 - 0x00007ffb812bb000 	C:\WINDOWS\SYSTEM32\IPHLPAPI.DLL
0x00007ffb83360000 - 0x00007ffb83368000 	C:\WINDOWS\System32\NSI.dll
0x00007ffb7ace0000 - 0x00007ffb7acf7000 	C:\WINDOWS\SYSTEM32\dhcpcsvc6.DLL
0x00007ffb7ab80000 - 0x00007ffb7ab9d000 	C:\WINDOWS\SYSTEM32\dhcpcsvc.DLL
0x00007ffb812d0000 - 0x00007ffb8139a000 	C:\WINDOWS\SYSTEM32\DNSAPI.dll
0x00007ffb80fb0000 - 0x00007ffb80fe3000 	C:\WINDOWS\SYSTEM32\ntmarta.dll

dbghelp: loaded successfully - version: 4.0.5 - missing functions: none
symbol engine: initialized successfully - sym options: 0x614 - pdb path: .;C:\Program Files\Android\Android Studio\jre\bin;C:\WINDOWS\SYSTEM32;C:\WINDOWS\WinSxS\amd64_microsoft.windows.common-controls_6595b64144ccf1df_6.0.19041.1110_none_60b5254171f9507e;C:\Program Files\Android\Android Studio\jre\bin\server;C:\Users\Lenovo\.gradle\native\e1d6ef7f7dcc3fd88c89a11ec53ec762bb8ba0a96d01ffa2cd45eb1d1d8dd5c5\windows-amd64;C:\Users\Lenovo\.gradle\native\0d407fdbe67a94daf76414ababcb853783967236a71b16ec16e742cd7a986fd3\windows-amd64

VM Arguments:
jvm_args: --add-opens=java.base/java.util=ALL-UNNAMED --add-opens=java.base/java.lang=ALL-UNNAMED --add-opens=java.base/java.lang.invoke=ALL-UNNAMED --add-opens=java.base/java.util=ALL-UNNAMED --add-opens=java.prefs/java.util.prefs=ALL-UNNAMED --add-opens=java.prefs/java.util.prefs=ALL-UNNAMED --add-opens=java.base/java.nio.charset=ALL-UNNAMED --add-opens=java.base/java.net=ALL-UNNAMED --add-opens=java.base/java.util.concurrent.atomic=ALL-UNNAMED -Xmx2048m -Dfile.encoding=UTF-8 -Duser.country=US -Duser.language=en -Duser.variant 
java_command: org.gradle.launcher.daemon.bootstrap.GradleDaemon 7.4
java_class_path (initial): C:\Users\Lenovo\.gradle\wrapper\dists\gradle-7.4-bin\c0gwcg53nkjbqw7r0h0umtfvt\gradle-7.4\lib\gradle-launcher-7.4.jar
Launcher Type: SUN_STANDARD

[Global flags]
     intx CICompilerCount                          = 3                                         {product} {ergonomic}
     uint ConcGCThreads                            = 1                                         {product} {ergonomic}
     uint G1ConcRefinementThreads                  = 4                                         {product} {ergonomic}
   size_t G1HeapRegionSize                         = 1048576                                   {product} {ergonomic}
    uintx GCDrainStackTargetSize                   = 64                                        {product} {ergonomic}
   size_t InitialHeapSize                          = 201326592                                 {product} {ergonomic}
   size_t MarkStackSize                            = 4194304                                   {product} {ergonomic}
   size_t MaxHeapSize                              = 2147483648                                {product} {command line}
   size_t MaxNewSize                               = 1287651328                                {product} {ergonomic}
   size_t MinHeapDeltaBytes                        = 1048576                                   {product} {ergonomic}
    uintx NonNMethodCodeHeapSize                   = 5830732                                {pd product} {ergonomic}
    uintx NonProfiledCodeHeapSize                  = 122913754                              {pd product} {ergonomic}
    uintx ProfiledCodeHeapSize                     = 122913754                              {pd product} {ergonomic}
    uintx ReservedCodeCacheSize                    = 251658240                              {pd product} {ergonomic}
     bool SegmentedCodeCache                       = true                                      {product} {ergonomic}
     bool UseCompressedClassPointers               = true                                 {lp64_product} {ergonomic}
     bool UseCompressedOops                        = true                                 {lp64_product} {ergonomic}
     bool UseG1GC                                  = true                                      {product} {ergonomic}
     bool UseLargePagesIndividualAllocation        = false                                  {pd product} {ergonomic}

Logging:
Log output configuration:
 #0: stdout all=warning uptime,level,tags
 #1: stderr all=off uptime,level,tags

Environment Variables:
JAVA_HOME=C:\Program Files\Java\jdk-13.0.1
PATH=C:\Program Files\Common Files\Oracle\Java\javapath;C:\Program Files (x86)\Intel\iCLS Client\;C:\Program Files\Intel\iCLS Client\;C:\Windows\system32;C:\Windows;C:\Windows\System32\Wbem;C:\Windows\System32\WindowsPowerShell\v1.0\;C:\Program Files (x86)\Intel\Intel(R) Management Engine Components\DAL;C:\Program Files\Intel\Intel(R) Management Engine Components\DAL;C:\Program Files (x86)\Intel\Intel(R) Management Engine Components\IPT;C:\Program Files\Intel\Intel(R) Management Engine Components\IPT;C:\WINDOWS\system32;C:\WINDOWS;C:\WINDOWS\System32\Wbem;C:\WINDOWS\System32\WindowsPowerShell\v1.0\;C:\WINDOWS\System32\OpenSSH\;C:\Program Files\Java\jdk-13.0.1\bin;C:\Program Files\Git\cmd;C:\Program Files (x86)\Microsoft SQL Server\110\Tools\Binn\;C:\Program Files\Microsoft SQL Server\110\Tools\Binn\;C:\Program Files\Microsoft SQL Server\110\DTS\Binn\;C:\Program Files (x86)\Microsoft SQL Server\110\Tools\Binn\ManagementStudio\;C:\Program Files (x86)\Microsoft SQL Server\110\DTS\Binn\;D:\Programs\MATLAB\R2014b\runtime\win64;D:\Programs\MATLAB\R2014b\bin;C:\Program Files (x86)\NVIDIA Corporation\PhysX\Common;C:\Program Files\NVIDIA Corporation\NVIDIA NvDLISR;C:\Users\Lenovo\AppData\Local\Microsoft\WindowsApps;C:\Users\Lenovo\AppData\Local\Programs\Microsoft VS Code\bin;C:\Users\Lenovo\AppData\Local\GitHubDesktop\bin
USERNAME=Lenovo
OS=Windows_NT
PROCESSOR_IDENTIFIER=Intel64 Family 6 Model 142 Stepping 9, GenuineIntel



---------------  S Y S T E M  ---------------

OS: Windows 10 , 64 bit Build 19041 (10.0.19041.2364)
OS uptime: 0 days 10:53 hours

CPU:total 4 (initial active 4) (2 cores per cpu, 2 threads per core) family 6 model 142 stepping 9 microcode 0xb4, cmov, cx8, fxsr, mmx, sse, sse2, sse3, ssse3, sse4.1, sse4.2, popcnt, avx, avx2, aes, clmul, erms, 3dnowpref, lzcnt, ht, tsc, tscinvbit, bmi1, bmi2, adx, fma

Memory: 4k page, system-wide physical 12162M (304M free)
TotalPageFile size 26302M (AvailPageFile size 2M)
current process WorkingSet (physical memory assigned to process): 527M, peak: 548M
current process commit charge ("private bytes"): 561M, peak: 582M

vm_info: OpenJDK 64-Bit Server VM (11.0.13+0-b1751.21-8125866) for windows-amd64 JRE (11.0.13+0-b1751.21-8125866), built on Feb  2 2022 03:00:22 by "builder" with MS VC++ 14.0 (VS2015)

END.
